[2023-11-08 15:27:58] local.ERROR: Method Illuminate\Validation\Validator::validateNumber does not exist. {"exception":"[object] (BadMethodCallException(code: 0): Method Illuminate\\Validation\\Validator::validateNumber does not exist. at /home/simdoctorcombr/public_html/api.clinicanova-dev/vendor/illuminate/validation/Validator.php:1428)
[stacktrace]
#0 /home/simdoctorcombr/public_html/api.clinicanova-dev/vendor/illuminate/validation/Validator.php(570): Illuminate\\Validation\\Validator->__call('validateNumber', Array)
#1 /home/simdoctorcombr/public_html/api.clinicanova-dev/vendor/illuminate/validation/Validator.php(393): Illuminate\\Validation\\Validator->validateAttribute('codigoConfirmac...', 'Number')
#2 /home/simdoctorcombr/public_html/api.clinicanova-dev/vendor/illuminate/validation/Validator.php(424): Illuminate\\Validation\\Validator->passes()
#3 /home/simdoctorcombr/public_html/api.clinicanova-dev/app/Http/Controllers/ApiClinicas/Paciente/PacienteController.php(626): Illuminate\\Validation\\Validator->fails()
#4 /home/simdoctorcombr/public_html/api.clinicanova-dev/vendor/illuminate/container/BoundMethod.php(36): App\\Http\\Controllers\\ApiClinicas\\Paciente\\PacienteController->verificarCodigo(Object(Laravel\\Lumen\\Http\\Request), '431186')
#5 /home/simdoctorcombr/public_html/api.clinicanova-dev/vendor/illuminate/container/Util.php(40): Illuminate\\Container\\BoundMethod::Illuminate\\Container\\{closure}()
#6 /home/simdoctorcombr/public_html/api.clinicanova-dev/vendor/illuminate/container/BoundMethod.php(93): Illuminate\\Container\\Util::unwrapIfClosure(Object(Closure))
#7 /home/simdoctorcombr/public_html/api.clinicanova-dev/vendor/illuminate/container/BoundMethod.php(37): Illuminate\\Container\\BoundMethod::callBoundMethod(Object(Laravel\\Lumen\\Application), Array, Object(Closure))
#8 /home/simdoctorcombr/public_html/api.clinicanova-dev/vendor/illuminate/container/Container.php(611): Illuminate\\Container\\BoundMethod::call(Object(Laravel\\Lumen\\Application), Array, Array, NULL)
#9 /home/simdoctorcombr/public_html/api.clinicanova-dev/vendor/laravel/lumen-framework/src/Concerns/RoutesRequests.php(386): Illuminate\\Container\\Container->call(Array, Array)
#10 /home/simdoctorcombr/public_html/api.clinicanova-dev/vendor/laravel/lumen-framework/src/Concerns/RoutesRequests.php(352): Laravel\\Lumen\\Application->callControllerCallable(Array, Array)
#11 /home/simdoctorcombr/public_html/api.clinicanova-dev/vendor/laravel/lumen-framework/src/Concerns/RoutesRequests.php(326): Laravel\\Lumen\\Application->callLumenController(Object(App\\Http\\Controllers\\ApiClinicas\\Paciente\\PacienteController), 'verificarCodigo', Array)
#12 /home/simdoctorcombr/public_html/api.clinicanova-dev/vendor/laravel/lumen-framework/src/Concerns/RoutesRequests.php(279): Laravel\\Lumen\\Application->callControllerAction(Array)
#13 /home/simdoctorcombr/public_html/api.clinicanova-dev/vendor/laravel/lumen-framework/src/Concerns/RoutesRequests.php(259): Laravel\\Lumen\\Application->callActionOnArrayBasedRoute(Array)
#14 /home/simdoctorcombr/public_html/api.clinicanova-dev/vendor/laravel/lumen-framework/src/Routing/Pipeline.php(48): Laravel\\Lumen\\Application->Laravel\\Lumen\\Concerns\\{closure}(Object(Laravel\\Lumen\\Http\\Request))
#15 /home/simdoctorcombr/public_html/api.clinicanova-dev/app/Http/Middleware/Authenticate.php(62): Laravel\\Lumen\\Routing\\Pipeline->Laravel\\Lumen\\Routing\\{closure}(Object(Laravel\\Lumen\\Http\\Request))
#16 /home/simdoctorcombr/public_html/api.clinicanova-dev/vendor/illuminate/pipeline/Pipeline.php(167): App\\Http\\Middleware\\Authenticate->handle(Object(Laravel\\Lumen\\Http\\Request), Object(Closure), 'clinicas_pacien...')
#17 /home/simdoctorcombr/public_html/api.clinicanova-dev/vendor/laravel/lumen-framework/src/Routing/Pipeline.php(30): Illuminate\\Pipeline\\Pipeline->Illuminate\\Pipeline\\{closure}(Object(Laravel\\Lumen\\Http\\Request))
#18 /home/simdoctorcombr/public_html/api.clinicanova-dev/vendor/illuminate/pipeline/Pipeline.php(103): Laravel\\Lumen\\Routing\\Pipeline->Laravel\\Lumen\\Routing\\{closure}(Object(Laravel\\Lumen\\Http\\Request))
#19 /home/simdoctorcombr/public_html/api.clinicanova-dev/vendor/laravel/lumen-framework/src/Concerns/RoutesRequests.php(423): Illuminate\\Pipeline\\Pipeline->then(Object(Closure))
#20 /home/simdoctorcombr/public_html/api.clinicanova-dev/vendor/laravel/lumen-framework/src/Concerns/RoutesRequests.php(260): Laravel\\Lumen\\Application->sendThroughPipeline(Array, Object(Closure))
#21 /home/simdoctorcombr/public_html/api.clinicanova-dev/vendor/laravel/lumen-framework/src/Concerns/RoutesRequests.php(234): Laravel\\Lumen\\Application->handleFoundRoute(Array)
#22 /home/simdoctorcombr/public_html/api.clinicanova-dev/vendor/laravel/lumen-framework/src/Concerns/RoutesRequests.php(170): Laravel\\Lumen\\Application->handleDispatcherResponse(Array)
#23 /home/simdoctorcombr/public_html/api.clinicanova-dev/vendor/laravel/lumen-framework/src/Routing/Pipeline.php(48): Laravel\\Lumen\\Application->Laravel\\Lumen\\Concerns\\{closure}(Object(Laravel\\Lumen\\Http\\Request))
#24 /home/simdoctorcombr/public_html/api.clinicanova-dev/app/Http/Middleware/CorsMiddleware.php(34): Laravel\\Lumen\\Routing\\Pipeline->Laravel\\Lumen\\Routing\\{closure}(Object(Laravel\\Lumen\\Http\\Request))
#25 /home/simdoctorcombr/public_html/api.clinicanova-dev/vendor/illuminate/pipeline/Pipeline.php(167): App\\Http\\Middleware\\CorsMiddleware->handle(Object(Laravel\\Lumen\\Http\\Request), Object(Closure))
#26 /home/simdoctorcombr/public_html/api.clinicanova-dev/vendor/laravel/lumen-framework/src/Routing/Pipeline.php(30): Illuminate\\Pipeline\\Pipeline->Illuminate\\Pipeline\\{closure}(Object(Laravel\\Lumen\\Http\\Request))
#27 /home/simdoctorcombr/public_html/api.clinicanova-dev/vendor/illuminate/pipeline/Pipeline.php(103): Laravel\\Lumen\\Routing\\Pipeline->Laravel\\Lumen\\Routing\\{closure}(Object(Laravel\\Lumen\\Http\\Request))
#28 /home/simdoctorcombr/public_html/api.clinicanova-dev/vendor/laravel/lumen-framework/src/Concerns/RoutesRequests.php(423): Illuminate\\Pipeline\\Pipeline->then(Object(Closure))
#29 /home/simdoctorcombr/public_html/api.clinicanova-dev/vendor/laravel/lumen-framework/src/Concerns/RoutesRequests.php(172): Laravel\\Lumen\\Application->sendThroughPipeline(Array, Object(Closure))
#30 /home/simdoctorcombr/public_html/api.clinicanova-dev/vendor/laravel/lumen-framework/src/Concerns/RoutesRequests.php(109): Laravel\\Lumen\\Application->dispatch(NULL)
#31 /home/simdoctorcombr/public_html/api.clinicanova-dev/public/index.php(29): Laravel\\Lumen\\Application->run()
#32 {main}
"} 
[2023-11-08 15:29:07] local.ERROR: Method Illuminate\Validation\Validator::validateNumber does not exist. {"exception":"[object] (BadMethodCallException(code: 0): Method Illuminate\\Validation\\Validator::validateNumber does not exist. at /home/simdoctorcombr/public_html/api.clinicanova-dev/vendor/illuminate/validation/Validator.php:1428)
[stacktrace]
#0 /home/simdoctorcombr/public_html/api.clinicanova-dev/vendor/illuminate/validation/Validator.php(570): Illuminate\\Validation\\Validator->__call('validateNumber', Array)
#1 /home/simdoctorcombr/public_html/api.clinicanova-dev/vendor/illuminate/validation/Validator.php(393): Illuminate\\Validation\\Validator->validateAttribute('codigoConfirmac...', 'Number')
#2 /home/simdoctorcombr/public_html/api.clinicanova-dev/vendor/illuminate/validation/Validator.php(424): Illuminate\\Validation\\Validator->passes()
#3 /home/simdoctorcombr/public_html/api.clinicanova-dev/app/Http/Controllers/ApiClinicas/Paciente/PacienteController.php(629): Illuminate\\Validation\\Validator->fails()
#4 /home/simdoctorcombr/public_html/api.clinicanova-dev/vendor/illuminate/container/BoundMethod.php(36): App\\Http\\Controllers\\ApiClinicas\\Paciente\\PacienteController->verificarCodigo(Object(Laravel\\Lumen\\Http\\Request), '431186')
#5 /home/simdoctorcombr/public_html/api.clinicanova-dev/vendor/illuminate/container/Util.php(40): Illuminate\\Container\\BoundMethod::Illuminate\\Container\\{closure}()
#6 /home/simdoctorcombr/public_html/api.clinicanova-dev/vendor/illuminate/container/BoundMethod.php(93): Illuminate\\Container\\Util::unwrapIfClosure(Object(Closure))
#7 /home/simdoctorcombr/public_html/api.clinicanova-dev/vendor/illuminate/container/BoundMethod.php(37): Illuminate\\Container\\BoundMethod::callBoundMethod(Object(Laravel\\Lumen\\Application), Array, Object(Closure))
#8 /home/simdoctorcombr/public_html/api.clinicanova-dev/vendor/illuminate/container/Container.php(611): Illuminate\\Container\\BoundMethod::call(Object(Laravel\\Lumen\\Application), Array, Array, NULL)
#9 /home/simdoctorcombr/public_html/api.clinicanova-dev/vendor/laravel/lumen-framework/src/Concerns/RoutesRequests.php(386): Illuminate\\Container\\Container->call(Array, Array)
#10 /home/simdoctorcombr/public_html/api.clinicanova-dev/vendor/laravel/lumen-framework/src/Concerns/RoutesRequests.php(352): Laravel\\Lumen\\Application->callControllerCallable(Array, Array)
#11 /home/simdoctorcombr/public_html/api.clinicanova-dev/vendor/laravel/lumen-framework/src/Concerns/RoutesRequests.php(326): Laravel\\Lumen\\Application->callLumenController(Object(App\\Http\\Controllers\\ApiClinicas\\Paciente\\PacienteController), 'verificarCodigo', Array)
#12 /home/simdoctorcombr/public_html/api.clinicanova-dev/vendor/laravel/lumen-framework/src/Concerns/RoutesRequests.php(279): Laravel\\Lumen\\Application->callControllerAction(Array)
#13 /home/simdoctorcombr/public_html/api.clinicanova-dev/vendor/laravel/lumen-framework/src/Concerns/RoutesRequests.php(259): Laravel\\Lumen\\Application->callActionOnArrayBasedRoute(Array)
#14 /home/simdoctorcombr/public_html/api.clinicanova-dev/vendor/laravel/lumen-framework/src/Routing/Pipeline.php(48): Laravel\\Lumen\\Application->Laravel\\Lumen\\Concerns\\{closure}(Object(Laravel\\Lumen\\Http\\Request))
#15 /home/simdoctorcombr/public_html/api.clinicanova-dev/app/Http/Middleware/Authenticate.php(62): Laravel\\Lumen\\Routing\\Pipeline->Laravel\\Lumen\\Routing\\{closure}(Object(Laravel\\Lumen\\Http\\Request))
#16 /home/simdoctorcombr/public_html/api.clinicanova-dev/vendor/illuminate/pipeline/Pipeline.php(167): App\\Http\\Middleware\\Authenticate->handle(Object(Laravel\\Lumen\\Http\\Request), Object(Closure), 'clinicas_pacien...')
#17 /home/simdoctorcombr/public_html/api.clinicanova-dev/vendor/laravel/lumen-framework/src/Routing/Pipeline.php(30): Illuminate\\Pipeline\\Pipeline->Illuminate\\Pipeline\\{closure}(Object(Laravel\\Lumen\\Http\\Request))
#18 /home/simdoctorcombr/public_html/api.clinicanova-dev/vendor/illuminate/pipeline/Pipeline.php(103): Laravel\\Lumen\\Routing\\Pipeline->Laravel\\Lumen\\Routing\\{closure}(Object(Laravel\\Lumen\\Http\\Request))
#19 /home/simdoctorcombr/public_html/api.clinicanova-dev/vendor/laravel/lumen-framework/src/Concerns/RoutesRequests.php(423): Illuminate\\Pipeline\\Pipeline->then(Object(Closure))
#20 /home/simdoctorcombr/public_html/api.clinicanova-dev/vendor/laravel/lumen-framework/src/Concerns/RoutesRequests.php(260): Laravel\\Lumen\\Application->sendThroughPipeline(Array, Object(Closure))
#21 /home/simdoctorcombr/public_html/api.clinicanova-dev/vendor/laravel/lumen-framework/src/Concerns/RoutesRequests.php(234): Laravel\\Lumen\\Application->handleFoundRoute(Array)
#22 /home/simdoctorcombr/public_html/api.clinicanova-dev/vendor/laravel/lumen-framework/src/Concerns/RoutesRequests.php(170): Laravel\\Lumen\\Application->handleDispatcherResponse(Array)
#23 /home/simdoctorcombr/public_html/api.clinicanova-dev/vendor/laravel/lumen-framework/src/Routing/Pipeline.php(48): Laravel\\Lumen\\Application->Laravel\\Lumen\\Concerns\\{closure}(Object(Laravel\\Lumen\\Http\\Request))
#24 /home/simdoctorcombr/public_html/api.clinicanova-dev/app/Http/Middleware/CorsMiddleware.php(34): Laravel\\Lumen\\Routing\\Pipeline->Laravel\\Lumen\\Routing\\{closure}(Object(Laravel\\Lumen\\Http\\Request))
#25 /home/simdoctorcombr/public_html/api.clinicanova-dev/vendor/illuminate/pipeline/Pipeline.php(167): App\\Http\\Middleware\\CorsMiddleware->handle(Object(Laravel\\Lumen\\Http\\Request), Object(Closure))
#26 /home/simdoctorcombr/public_html/api.clinicanova-dev/vendor/laravel/lumen-framework/src/Routing/Pipeline.php(30): Illuminate\\Pipeline\\Pipeline->Illuminate\\Pipeline\\{closure}(Object(Laravel\\Lumen\\Http\\Request))
#27 /home/simdoctorcombr/public_html/api.clinicanova-dev/vendor/illuminate/pipeline/Pipeline.php(103): Laravel\\Lumen\\Routing\\Pipeline->Laravel\\Lumen\\Routing\\{closure}(Object(Laravel\\Lumen\\Http\\Request))
#28 /home/simdoctorcombr/public_html/api.clinicanova-dev/vendor/laravel/lumen-framework/src/Concerns/RoutesRequests.php(423): Illuminate\\Pipeline\\Pipeline->then(Object(Closure))
#29 /home/simdoctorcombr/public_html/api.clinicanova-dev/vendor/laravel/lumen-framework/src/Concerns/RoutesRequests.php(172): Laravel\\Lumen\\Application->sendThroughPipeline(Array, Object(Closure))
#30 /home/simdoctorcombr/public_html/api.clinicanova-dev/vendor/laravel/lumen-framework/src/Concerns/RoutesRequests.php(109): Laravel\\Lumen\\Application->dispatch(NULL)
#31 /home/simdoctorcombr/public_html/api.clinicanova-dev/public/index.php(29): Laravel\\Lumen\\Application->run()
#32 {main}
"} 
[2023-11-08 15:33:21] local.ERROR: Call to undefined method App\Services\Clinicas\PacienteService::verificarCodigo() {"exception":"[object] (Error(code: 0): Call to undefined method App\\Services\\Clinicas\\PacienteService::verificarCodigo() at /home/simdoctorcombr/public_html/api.clinicanova-dev/app/Http/Controllers/ApiClinicas/Paciente/PacienteController.php:636)
[stacktrace]
#0 /home/simdoctorcombr/public_html/api.clinicanova-dev/vendor/illuminate/container/BoundMethod.php(36): App\\Http\\Controllers\\ApiClinicas\\Paciente\\PacienteController->verificarCodigo(Object(Laravel\\Lumen\\Http\\Request), '431186')
#1 /home/simdoctorcombr/public_html/api.clinicanova-dev/vendor/illuminate/container/Util.php(40): Illuminate\\Container\\BoundMethod::Illuminate\\Container\\{closure}()
#2 /home/simdoctorcombr/public_html/api.clinicanova-dev/vendor/illuminate/container/BoundMethod.php(93): Illuminate\\Container\\Util::unwrapIfClosure(Object(Closure))
#3 /home/simdoctorcombr/public_html/api.clinicanova-dev/vendor/illuminate/container/BoundMethod.php(37): Illuminate\\Container\\BoundMethod::callBoundMethod(Object(Laravel\\Lumen\\Application), Array, Object(Closure))
#4 /home/simdoctorcombr/public_html/api.clinicanova-dev/vendor/illuminate/container/Container.php(611): Illuminate\\Container\\BoundMethod::call(Object(Laravel\\Lumen\\Application), Array, Array, NULL)
#5 /home/simdoctorcombr/public_html/api.clinicanova-dev/vendor/laravel/lumen-framework/src/Concerns/RoutesRequests.php(386): Illuminate\\Container\\Container->call(Array, Array)
#6 /home/simdoctorcombr/public_html/api.clinicanova-dev/vendor/laravel/lumen-framework/src/Concerns/RoutesRequests.php(352): Laravel\\Lumen\\Application->callControllerCallable(Array, Array)
#7 /home/simdoctorcombr/public_html/api.clinicanova-dev/vendor/laravel/lumen-framework/src/Concerns/RoutesRequests.php(326): Laravel\\Lumen\\Application->callLumenController(Object(App\\Http\\Controllers\\ApiClinicas\\Paciente\\PacienteController), 'verificarCodigo', Array)
#8 /home/simdoctorcombr/public_html/api.clinicanova-dev/vendor/laravel/lumen-framework/src/Concerns/RoutesRequests.php(279): Laravel\\Lumen\\Application->callControllerAction(Array)
#9 /home/simdoctorcombr/public_html/api.clinicanova-dev/vendor/laravel/lumen-framework/src/Concerns/RoutesRequests.php(259): Laravel\\Lumen\\Application->callActionOnArrayBasedRoute(Array)
#10 /home/simdoctorcombr/public_html/api.clinicanova-dev/vendor/laravel/lumen-framework/src/Routing/Pipeline.php(48): Laravel\\Lumen\\Application->Laravel\\Lumen\\Concerns\\{closure}(Object(Laravel\\Lumen\\Http\\Request))
#11 /home/simdoctorcombr/public_html/api.clinicanova-dev/app/Http/Middleware/Authenticate.php(62): Laravel\\Lumen\\Routing\\Pipeline->Laravel\\Lumen\\Routing\\{closure}(Object(Laravel\\Lumen\\Http\\Request))
#12 /home/simdoctorcombr/public_html/api.clinicanova-dev/vendor/illuminate/pipeline/Pipeline.php(167): App\\Http\\Middleware\\Authenticate->handle(Object(Laravel\\Lumen\\Http\\Request), Object(Closure), 'clinicas_pacien...')
#13 /home/simdoctorcombr/public_html/api.clinicanova-dev/vendor/laravel/lumen-framework/src/Routing/Pipeline.php(30): Illuminate\\Pipeline\\Pipeline->Illuminate\\Pipeline\\{closure}(Object(Laravel\\Lumen\\Http\\Request))
#14 /home/simdoctorcombr/public_html/api.clinicanova-dev/vendor/illuminate/pipeline/Pipeline.php(103): Laravel\\Lumen\\Routing\\Pipeline->Laravel\\Lumen\\Routing\\{closure}(Object(Laravel\\Lumen\\Http\\Request))
#15 /home/simdoctorcombr/public_html/api.clinicanova-dev/vendor/laravel/lumen-framework/src/Concerns/RoutesRequests.php(423): Illuminate\\Pipeline\\Pipeline->then(Object(Closure))
#16 /home/simdoctorcombr/public_html/api.clinicanova-dev/vendor/laravel/lumen-framework/src/Concerns/RoutesRequests.php(260): Laravel\\Lumen\\Application->sendThroughPipeline(Array, Object(Closure))
#17 /home/simdoctorcombr/public_html/api.clinicanova-dev/vendor/laravel/lumen-framework/src/Concerns/RoutesRequests.php(234): Laravel\\Lumen\\Application->handleFoundRoute(Array)
#18 /home/simdoctorcombr/public_html/api.clinicanova-dev/vendor/laravel/lumen-framework/src/Concerns/RoutesRequests.php(170): Laravel\\Lumen\\Application->handleDispatcherResponse(Array)
#19 /home/simdoctorcombr/public_html/api.clinicanova-dev/vendor/laravel/lumen-framework/src/Routing/Pipeline.php(48): Laravel\\Lumen\\Application->Laravel\\Lumen\\Concerns\\{closure}(Object(Laravel\\Lumen\\Http\\Request))
#20 /home/simdoctorcombr/public_html/api.clinicanova-dev/app/Http/Middleware/CorsMiddleware.php(34): Laravel\\Lumen\\Routing\\Pipeline->Laravel\\Lumen\\Routing\\{closure}(Object(Laravel\\Lumen\\Http\\Request))
#21 /home/simdoctorcombr/public_html/api.clinicanova-dev/vendor/illuminate/pipeline/Pipeline.php(167): App\\Http\\Middleware\\CorsMiddleware->handle(Object(Laravel\\Lumen\\Http\\Request), Object(Closure))
#22 /home/simdoctorcombr/public_html/api.clinicanova-dev/vendor/laravel/lumen-framework/src/Routing/Pipeline.php(30): Illuminate\\Pipeline\\Pipeline->Illuminate\\Pipeline\\{closure}(Object(Laravel\\Lumen\\Http\\Request))
#23 /home/simdoctorcombr/public_html/api.clinicanova-dev/vendor/illuminate/pipeline/Pipeline.php(103): Laravel\\Lumen\\Routing\\Pipeline->Laravel\\Lumen\\Routing\\{closure}(Object(Laravel\\Lumen\\Http\\Request))
#24 /home/simdoctorcombr/public_html/api.clinicanova-dev/vendor/laravel/lumen-framework/src/Concerns/RoutesRequests.php(423): Illuminate\\Pipeline\\Pipeline->then(Object(Closure))
#25 /home/simdoctorcombr/public_html/api.clinicanova-dev/vendor/laravel/lumen-framework/src/Concerns/RoutesRequests.php(172): Laravel\\Lumen\\Application->sendThroughPipeline(Array, Object(Closure))
#26 /home/simdoctorcombr/public_html/api.clinicanova-dev/vendor/laravel/lumen-framework/src/Concerns/RoutesRequests.php(109): Laravel\\Lumen\\Application->dispatch(NULL)
#27 /home/simdoctorcombr/public_html/api.clinicanova-dev/public/index.php(29): Laravel\\Lumen\\Application->run()
#28 {main}
"} 
[2023-11-08 15:33:26] local.ERROR: Call to undefined method App\Services\Clinicas\PacienteService::verificarCodigo() {"exception":"[object] (Error(code: 0): Call to undefined method App\\Services\\Clinicas\\PacienteService::verificarCodigo() at /home/simdoctorcombr/public_html/api.clinicanova-dev/app/Http/Controllers/ApiClinicas/Paciente/PacienteController.php:636)
[stacktrace]
#0 /home/simdoctorcombr/public_html/api.clinicanova-dev/vendor/illuminate/container/BoundMethod.php(36): App\\Http\\Controllers\\ApiClinicas\\Paciente\\PacienteController->verificarCodigo(Object(Laravel\\Lumen\\Http\\Request), '431186')
#1 /home/simdoctorcombr/public_html/api.clinicanova-dev/vendor/illuminate/container/Util.php(40): Illuminate\\Container\\BoundMethod::Illuminate\\Container\\{closure}()
#2 /home/simdoctorcombr/public_html/api.clinicanova-dev/vendor/illuminate/container/BoundMethod.php(93): Illuminate\\Container\\Util::unwrapIfClosure(Object(Closure))
#3 /home/simdoctorcombr/public_html/api.clinicanova-dev/vendor/illuminate/container/BoundMethod.php(37): Illuminate\\Container\\BoundMethod::callBoundMethod(Object(Laravel\\Lumen\\Application), Array, Object(Closure))
#4 /home/simdoctorcombr/public_html/api.clinicanova-dev/vendor/illuminate/container/Container.php(611): Illuminate\\Container\\BoundMethod::call(Object(Laravel\\Lumen\\Application), Array, Array, NULL)
#5 /home/simdoctorcombr/public_html/api.clinicanova-dev/vendor/laravel/lumen-framework/src/Concerns/RoutesRequests.php(386): Illuminate\\Container\\Container->call(Array, Array)
#6 /home/simdoctorcombr/public_html/api.clinicanova-dev/vendor/laravel/lumen-framework/src/Concerns/RoutesRequests.php(352): Laravel\\Lumen\\Application->callControllerCallable(Array, Array)
#7 /home/simdoctorcombr/public_html/api.clinicanova-dev/vendor/laravel/lumen-framework/src/Concerns/RoutesRequests.php(326): Laravel\\Lumen\\Application->callLumenController(Object(App\\Http\\Controllers\\ApiClinicas\\Paciente\\PacienteController), 'verificarCodigo', Array)
#8 /home/simdoctorcombr/public_html/api.clinicanova-dev/vendor/laravel/lumen-framework/src/Concerns/RoutesRequests.php(279): Laravel\\Lumen\\Application->callControllerAction(Array)
#9 /home/simdoctorcombr/public_html/api.clinicanova-dev/vendor/laravel/lumen-framework/src/Concerns/RoutesRequests.php(259): Laravel\\Lumen\\Application->callActionOnArrayBasedRoute(Array)
#10 /home/simdoctorcombr/public_html/api.clinicanova-dev/vendor/laravel/lumen-framework/src/Routing/Pipeline.php(48): Laravel\\Lumen\\Application->Laravel\\Lumen\\Concerns\\{closure}(Object(Laravel\\Lumen\\Http\\Request))
#11 /home/simdoctorcombr/public_html/api.clinicanova-dev/app/Http/Middleware/Authenticate.php(62): Laravel\\Lumen\\Routing\\Pipeline->Laravel\\Lumen\\Routing\\{closure}(Object(Laravel\\Lumen\\Http\\Request))
#12 /home/simdoctorcombr/public_html/api.clinicanova-dev/vendor/illuminate/pipeline/Pipeline.php(167): App\\Http\\Middleware\\Authenticate->handle(Object(Laravel\\Lumen\\Http\\Request), Object(Closure), 'clinicas_pacien...')
#13 /home/simdoctorcombr/public_html/api.clinicanova-dev/vendor/laravel/lumen-framework/src/Routing/Pipeline.php(30): Illuminate\\Pipeline\\Pipeline->Illuminate\\Pipeline\\{closure}(Object(Laravel\\Lumen\\Http\\Request))
#14 /home/simdoctorcombr/public_html/api.clinicanova-dev/vendor/illuminate/pipeline/Pipeline.php(103): Laravel\\Lumen\\Routing\\Pipeline->Laravel\\Lumen\\Routing\\{closure}(Object(Laravel\\Lumen\\Http\\Request))
#15 /home/simdoctorcombr/public_html/api.clinicanova-dev/vendor/laravel/lumen-framework/src/Concerns/RoutesRequests.php(423): Illuminate\\Pipeline\\Pipeline->then(Object(Closure))
#16 /home/simdoctorcombr/public_html/api.clinicanova-dev/vendor/laravel/lumen-framework/src/Concerns/RoutesRequests.php(260): Laravel\\Lumen\\Application->sendThroughPipeline(Array, Object(Closure))
#17 /home/simdoctorcombr/public_html/api.clinicanova-dev/vendor/laravel/lumen-framework/src/Concerns/RoutesRequests.php(234): Laravel\\Lumen\\Application->handleFoundRoute(Array)
#18 /home/simdoctorcombr/public_html/api.clinicanova-dev/vendor/laravel/lumen-framework/src/Concerns/RoutesRequests.php(170): Laravel\\Lumen\\Application->handleDispatcherResponse(Array)
#19 /home/simdoctorcombr/public_html/api.clinicanova-dev/vendor/laravel/lumen-framework/src/Routing/Pipeline.php(48): Laravel\\Lumen\\Application->Laravel\\Lumen\\Concerns\\{closure}(Object(Laravel\\Lumen\\Http\\Request))
#20 /home/simdoctorcombr/public_html/api.clinicanova-dev/app/Http/Middleware/CorsMiddleware.php(34): Laravel\\Lumen\\Routing\\Pipeline->Laravel\\Lumen\\Routing\\{closure}(Object(Laravel\\Lumen\\Http\\Request))
#21 /home/simdoctorcombr/public_html/api.clinicanova-dev/vendor/illuminate/pipeline/Pipeline.php(167): App\\Http\\Middleware\\CorsMiddleware->handle(Object(Laravel\\Lumen\\Http\\Request), Object(Closure))
#22 /home/simdoctorcombr/public_html/api.clinicanova-dev/vendor/laravel/lumen-framework/src/Routing/Pipeline.php(30): Illuminate\\Pipeline\\Pipeline->Illuminate\\Pipeline\\{closure}(Object(Laravel\\Lumen\\Http\\Request))
#23 /home/simdoctorcombr/public_html/api.clinicanova-dev/vendor/illuminate/pipeline/Pipeline.php(103): Laravel\\Lumen\\Routing\\Pipeline->Laravel\\Lumen\\Routing\\{closure}(Object(Laravel\\Lumen\\Http\\Request))
#24 /home/simdoctorcombr/public_html/api.clinicanova-dev/vendor/laravel/lumen-framework/src/Concerns/RoutesRequests.php(423): Illuminate\\Pipeline\\Pipeline->then(Object(Closure))
#25 /home/simdoctorcombr/public_html/api.clinicanova-dev/vendor/laravel/lumen-framework/src/Concerns/RoutesRequests.php(172): Laravel\\Lumen\\Application->sendThroughPipeline(Array, Object(Closure))
#26 /home/simdoctorcombr/public_html/api.clinicanova-dev/vendor/laravel/lumen-framework/src/Concerns/RoutesRequests.php(109): Laravel\\Lumen\\Application->dispatch(NULL)
#27 /home/simdoctorcombr/public_html/api.clinicanova-dev/public/index.php(29): Laravel\\Lumen\\Application->run()
#28 {main}
"} 
[2023-11-08 15:33:52] local.ERROR: Call to undefined method App\Services\Clinicas\PacienteService::verificarCodigo() {"exception":"[object] (Error(code: 0): Call to undefined method App\\Services\\Clinicas\\PacienteService::verificarCodigo() at /home/simdoctorcombr/public_html/api.clinicanova-dev/app/Http/Controllers/ApiClinicas/Paciente/PacienteController.php:636)
[stacktrace]
#0 /home/simdoctorcombr/public_html/api.clinicanova-dev/vendor/illuminate/container/BoundMethod.php(36): App\\Http\\Controllers\\ApiClinicas\\Paciente\\PacienteController->verificarCodigo(Object(Laravel\\Lumen\\Http\\Request), '431186')
#1 /home/simdoctorcombr/public_html/api.clinicanova-dev/vendor/illuminate/container/Util.php(40): Illuminate\\Container\\BoundMethod::Illuminate\\Container\\{closure}()
#2 /home/simdoctorcombr/public_html/api.clinicanova-dev/vendor/illuminate/container/BoundMethod.php(93): Illuminate\\Container\\Util::unwrapIfClosure(Object(Closure))
#3 /home/simdoctorcombr/public_html/api.clinicanova-dev/vendor/illuminate/container/BoundMethod.php(37): Illuminate\\Container\\BoundMethod::callBoundMethod(Object(Laravel\\Lumen\\Application), Array, Object(Closure))
#4 /home/simdoctorcombr/public_html/api.clinicanova-dev/vendor/illuminate/container/Container.php(611): Illuminate\\Container\\BoundMethod::call(Object(Laravel\\Lumen\\Application), Array, Array, NULL)
#5 /home/simdoctorcombr/public_html/api.clinicanova-dev/vendor/laravel/lumen-framework/src/Concerns/RoutesRequests.php(386): Illuminate\\Container\\Container->call(Array, Array)
#6 /home/simdoctorcombr/public_html/api.clinicanova-dev/vendor/laravel/lumen-framework/src/Concerns/RoutesRequests.php(352): Laravel\\Lumen\\Application->callControllerCallable(Array, Array)
#7 /home/simdoctorcombr/public_html/api.clinicanova-dev/vendor/laravel/lumen-framework/src/Concerns/RoutesRequests.php(326): Laravel\\Lumen\\Application->callLumenController(Object(App\\Http\\Controllers\\ApiClinicas\\Paciente\\PacienteController), 'verificarCodigo', Array)
#8 /home/simdoctorcombr/public_html/api.clinicanova-dev/vendor/laravel/lumen-framework/src/Concerns/RoutesRequests.php(279): Laravel\\Lumen\\Application->callControllerAction(Array)
#9 /home/simdoctorcombr/public_html/api.clinicanova-dev/vendor/laravel/lumen-framework/src/Concerns/RoutesRequests.php(259): Laravel\\Lumen\\Application->callActionOnArrayBasedRoute(Array)
#10 /home/simdoctorcombr/public_html/api.clinicanova-dev/vendor/laravel/lumen-framework/src/Routing/Pipeline.php(48): Laravel\\Lumen\\Application->Laravel\\Lumen\\Concerns\\{closure}(Object(Laravel\\Lumen\\Http\\Request))
#11 /home/simdoctorcombr/public_html/api.clinicanova-dev/app/Http/Middleware/Authenticate.php(62): Laravel\\Lumen\\Routing\\Pipeline->Laravel\\Lumen\\Routing\\{closure}(Object(Laravel\\Lumen\\Http\\Request))
#12 /home/simdoctorcombr/public_html/api.clinicanova-dev/vendor/illuminate/pipeline/Pipeline.php(167): App\\Http\\Middleware\\Authenticate->handle(Object(Laravel\\Lumen\\Http\\Request), Object(Closure), 'clinicas_pacien...')
#13 /home/simdoctorcombr/public_html/api.clinicanova-dev/vendor/laravel/lumen-framework/src/Routing/Pipeline.php(30): Illuminate\\Pipeline\\Pipeline->Illuminate\\Pipeline\\{closure}(Object(Laravel\\Lumen\\Http\\Request))
#14 /home/simdoctorcombr/public_html/api.clinicanova-dev/vendor/illuminate/pipeline/Pipeline.php(103): Laravel\\Lumen\\Routing\\Pipeline->Laravel\\Lumen\\Routing\\{closure}(Object(Laravel\\Lumen\\Http\\Request))
#15 /home/simdoctorcombr/public_html/api.clinicanova-dev/vendor/laravel/lumen-framework/src/Concerns/RoutesRequests.php(423): Illuminate\\Pipeline\\Pipeline->then(Object(Closure))
#16 /home/simdoctorcombr/public_html/api.clinicanova-dev/vendor/laravel/lumen-framework/src/Concerns/RoutesRequests.php(260): Laravel\\Lumen\\Application->sendThroughPipeline(Array, Object(Closure))
#17 /home/simdoctorcombr/public_html/api.clinicanova-dev/vendor/laravel/lumen-framework/src/Concerns/RoutesRequests.php(234): Laravel\\Lumen\\Application->handleFoundRoute(Array)
#18 /home/simdoctorcombr/public_html/api.clinicanova-dev/vendor/laravel/lumen-framework/src/Concerns/RoutesRequests.php(170): Laravel\\Lumen\\Application->handleDispatcherResponse(Array)
#19 /home/simdoctorcombr/public_html/api.clinicanova-dev/vendor/laravel/lumen-framework/src/Routing/Pipeline.php(48): Laravel\\Lumen\\Application->Laravel\\Lumen\\Concerns\\{closure}(Object(Laravel\\Lumen\\Http\\Request))
#20 /home/simdoctorcombr/public_html/api.clinicanova-dev/app/Http/Middleware/CorsMiddleware.php(34): Laravel\\Lumen\\Routing\\Pipeline->Laravel\\Lumen\\Routing\\{closure}(Object(Laravel\\Lumen\\Http\\Request))
#21 /home/simdoctorcombr/public_html/api.clinicanova-dev/vendor/illuminate/pipeline/Pipeline.php(167): App\\Http\\Middleware\\CorsMiddleware->handle(Object(Laravel\\Lumen\\Http\\Request), Object(Closure))
#22 /home/simdoctorcombr/public_html/api.clinicanova-dev/vendor/laravel/lumen-framework/src/Routing/Pipeline.php(30): Illuminate\\Pipeline\\Pipeline->Illuminate\\Pipeline\\{closure}(Object(Laravel\\Lumen\\Http\\Request))
#23 /home/simdoctorcombr/public_html/api.clinicanova-dev/vendor/illuminate/pipeline/Pipeline.php(103): Laravel\\Lumen\\Routing\\Pipeline->Laravel\\Lumen\\Routing\\{closure}(Object(Laravel\\Lumen\\Http\\Request))
#24 /home/simdoctorcombr/public_html/api.clinicanova-dev/vendor/laravel/lumen-framework/src/Concerns/RoutesRequests.php(423): Illuminate\\Pipeline\\Pipeline->then(Object(Closure))
#25 /home/simdoctorcombr/public_html/api.clinicanova-dev/vendor/laravel/lumen-framework/src/Concerns/RoutesRequests.php(172): Laravel\\Lumen\\Application->sendThroughPipeline(Array, Object(Closure))
#26 /home/simdoctorcombr/public_html/api.clinicanova-dev/vendor/laravel/lumen-framework/src/Concerns/RoutesRequests.php(109): Laravel\\Lumen\\Application->dispatch(NULL)
#27 /home/simdoctorcombr/public_html/api.clinicanova-dev/public/index.php(29): Laravel\\Lumen\\Application->run()
#28 {main}
"} 
[2023-11-08 15:34:59] local.ERROR: Undefined variable: enviandoCodigo {"exception":"[object] (ErrorException(code: 0): Undefined variable: enviandoCodigo at /home/simdoctorcombr/public_html/api.clinicanova-dev/app/Services/Clinicas/PacienteService.php:1092)
[stacktrace]
#0 /home/simdoctorcombr/public_html/api.clinicanova-dev/app/Services/Clinicas/PacienteService.php(1092): Laravel\\Lumen\\Application->Laravel\\Lumen\\Concerns\\{closure}(8, 'Undefined varia...', '/home/simdoctor...', 1092, Array)
#1 /home/simdoctorcombr/public_html/api.clinicanova-dev/app/Http/Controllers/ApiClinicas/Paciente/PacienteController.php(636): App\\Services\\Clinicas\\PacienteService->verificarCodigo('3580', '431186', Array)
#2 /home/simdoctorcombr/public_html/api.clinicanova-dev/vendor/illuminate/container/BoundMethod.php(36): App\\Http\\Controllers\\ApiClinicas\\Paciente\\PacienteController->verificarCodigo(Object(Laravel\\Lumen\\Http\\Request), '431186')
#3 /home/simdoctorcombr/public_html/api.clinicanova-dev/vendor/illuminate/container/Util.php(40): Illuminate\\Container\\BoundMethod::Illuminate\\Container\\{closure}()
#4 /home/simdoctorcombr/public_html/api.clinicanova-dev/vendor/illuminate/container/BoundMethod.php(93): Illuminate\\Container\\Util::unwrapIfClosure(Object(Closure))
#5 /home/simdoctorcombr/public_html/api.clinicanova-dev/vendor/illuminate/container/BoundMethod.php(37): Illuminate\\Container\\BoundMethod::callBoundMethod(Object(Laravel\\Lumen\\Application), Array, Object(Closure))
#6 /home/simdoctorcombr/public_html/api.clinicanova-dev/vendor/illuminate/container/Container.php(611): Illuminate\\Container\\BoundMethod::call(Object(Laravel\\Lumen\\Application), Array, Array, NULL)
#7 /home/simdoctorcombr/public_html/api.clinicanova-dev/vendor/laravel/lumen-framework/src/Concerns/RoutesRequests.php(386): Illuminate\\Container\\Container->call(Array, Array)
#8 /home/simdoctorcombr/public_html/api.clinicanova-dev/vendor/laravel/lumen-framework/src/Concerns/RoutesRequests.php(352): Laravel\\Lumen\\Application->callControllerCallable(Array, Array)
#9 /home/simdoctorcombr/public_html/api.clinicanova-dev/vendor/laravel/lumen-framework/src/Concerns/RoutesRequests.php(326): Laravel\\Lumen\\Application->callLumenController(Object(App\\Http\\Controllers\\ApiClinicas\\Paciente\\PacienteController), 'verificarCodigo', Array)
#10 /home/simdoctorcombr/public_html/api.clinicanova-dev/vendor/laravel/lumen-framework/src/Concerns/RoutesRequests.php(279): Laravel\\Lumen\\Application->callControllerAction(Array)
#11 /home/simdoctorcombr/public_html/api.clinicanova-dev/vendor/laravel/lumen-framework/src/Concerns/RoutesRequests.php(259): Laravel\\Lumen\\Application->callActionOnArrayBasedRoute(Array)
#12 /home/simdoctorcombr/public_html/api.clinicanova-dev/vendor/laravel/lumen-framework/src/Routing/Pipeline.php(48): Laravel\\Lumen\\Application->Laravel\\Lumen\\Concerns\\{closure}(Object(Laravel\\Lumen\\Http\\Request))
#13 /home/simdoctorcombr/public_html/api.clinicanova-dev/app/Http/Middleware/Authenticate.php(62): Laravel\\Lumen\\Routing\\Pipeline->Laravel\\Lumen\\Routing\\{closure}(Object(Laravel\\Lumen\\Http\\Request))
#14 /home/simdoctorcombr/public_html/api.clinicanova-dev/vendor/illuminate/pipeline/Pipeline.php(167): App\\Http\\Middleware\\Authenticate->handle(Object(Laravel\\Lumen\\Http\\Request), Object(Closure), 'clinicas_pacien...')
#15 /home/simdoctorcombr/public_html/api.clinicanova-dev/vendor/laravel/lumen-framework/src/Routing/Pipeline.php(30): Illuminate\\Pipeline\\Pipeline->Illuminate\\Pipeline\\{closure}(Object(Laravel\\Lumen\\Http\\Request))
#16 /home/simdoctorcombr/public_html/api.clinicanova-dev/vendor/illuminate/pipeline/Pipeline.php(103): Laravel\\Lumen\\Routing\\Pipeline->Laravel\\Lumen\\Routing\\{closure}(Object(Laravel\\Lumen\\Http\\Request))
#17 /home/simdoctorcombr/public_html/api.clinicanova-dev/vendor/laravel/lumen-framework/src/Concerns/RoutesRequests.php(423): Illuminate\\Pipeline\\Pipeline->then(Object(Closure))
#18 /home/simdoctorcombr/public_html/api.clinicanova-dev/vendor/laravel/lumen-framework/src/Concerns/RoutesRequests.php(260): Laravel\\Lumen\\Application->sendThroughPipeline(Array, Object(Closure))
#19 /home/simdoctorcombr/public_html/api.clinicanova-dev/vendor/laravel/lumen-framework/src/Concerns/RoutesRequests.php(234): Laravel\\Lumen\\Application->handleFoundRoute(Array)
#20 /home/simdoctorcombr/public_html/api.clinicanova-dev/vendor/laravel/lumen-framework/src/Concerns/RoutesRequests.php(170): Laravel\\Lumen\\Application->handleDispatcherResponse(Array)
#21 /home/simdoctorcombr/public_html/api.clinicanova-dev/vendor/laravel/lumen-framework/src/Routing/Pipeline.php(48): Laravel\\Lumen\\Application->Laravel\\Lumen\\Concerns\\{closure}(Object(Laravel\\Lumen\\Http\\Request))
#22 /home/simdoctorcombr/public_html/api.clinicanova-dev/app/Http/Middleware/CorsMiddleware.php(34): Laravel\\Lumen\\Routing\\Pipeline->Laravel\\Lumen\\Routing\\{closure}(Object(Laravel\\Lumen\\Http\\Request))
#23 /home/simdoctorcombr/public_html/api.clinicanova-dev/vendor/illuminate/pipeline/Pipeline.php(167): App\\Http\\Middleware\\CorsMiddleware->handle(Object(Laravel\\Lumen\\Http\\Request), Object(Closure))
#24 /home/simdoctorcombr/public_html/api.clinicanova-dev/vendor/laravel/lumen-framework/src/Routing/Pipeline.php(30): Illuminate\\Pipeline\\Pipeline->Illuminate\\Pipeline\\{closure}(Object(Laravel\\Lumen\\Http\\Request))
#25 /home/simdoctorcombr/public_html/api.clinicanova-dev/vendor/illuminate/pipeline/Pipeline.php(103): Laravel\\Lumen\\Routing\\Pipeline->Laravel\\Lumen\\Routing\\{closure}(Object(Laravel\\Lumen\\Http\\Request))
#26 /home/simdoctorcombr/public_html/api.clinicanova-dev/vendor/laravel/lumen-framework/src/Concerns/RoutesRequests.php(423): Illuminate\\Pipeline\\Pipeline->then(Object(Closure))
#27 /home/simdoctorcombr/public_html/api.clinicanova-dev/vendor/laravel/lumen-framework/src/Concerns/RoutesRequests.php(172): Laravel\\Lumen\\Application->sendThroughPipeline(Array, Object(Closure))
#28 /home/simdoctorcombr/public_html/api.clinicanova-dev/vendor/laravel/lumen-framework/src/Concerns/RoutesRequests.php(109): Laravel\\Lumen\\Application->dispatch(NULL)
#29 /home/simdoctorcombr/public_html/api.clinicanova-dev/public/index.php(29): Laravel\\Lumen\\Application->run()
#30 {main}
"} 
[2023-11-08 15:35:07] local.ERROR: Undefined variable: enviandoCodigo {"exception":"[object] (ErrorException(code: 0): Undefined variable: enviandoCodigo at /home/simdoctorcombr/public_html/api.clinicanova-dev/app/Services/Clinicas/PacienteService.php:1092)
[stacktrace]
#0 /home/simdoctorcombr/public_html/api.clinicanova-dev/app/Services/Clinicas/PacienteService.php(1092): Laravel\\Lumen\\Application->Laravel\\Lumen\\Concerns\\{closure}(8, 'Undefined varia...', '/home/simdoctor...', 1092, Array)
#1 /home/simdoctorcombr/public_html/api.clinicanova-dev/app/Http/Controllers/ApiClinicas/Paciente/PacienteController.php(636): App\\Services\\Clinicas\\PacienteService->verificarCodigo('3580', '431186', Array)
#2 /home/simdoctorcombr/public_html/api.clinicanova-dev/vendor/illuminate/container/BoundMethod.php(36): App\\Http\\Controllers\\ApiClinicas\\Paciente\\PacienteController->verificarCodigo(Object(Laravel\\Lumen\\Http\\Request), '431186')
#3 /home/simdoctorcombr/public_html/api.clinicanova-dev/vendor/illuminate/container/Util.php(40): Illuminate\\Container\\BoundMethod::Illuminate\\Container\\{closure}()
#4 /home/simdoctorcombr/public_html/api.clinicanova-dev/vendor/illuminate/container/BoundMethod.php(93): Illuminate\\Container\\Util::unwrapIfClosure(Object(Closure))
#5 /home/simdoctorcombr/public_html/api.clinicanova-dev/vendor/illuminate/container/BoundMethod.php(37): Illuminate\\Container\\BoundMethod::callBoundMethod(Object(Laravel\\Lumen\\Application), Array, Object(Closure))
#6 /home/simdoctorcombr/public_html/api.clinicanova-dev/vendor/illuminate/container/Container.php(611): Illuminate\\Container\\BoundMethod::call(Object(Laravel\\Lumen\\Application), Array, Array, NULL)
#7 /home/simdoctorcombr/public_html/api.clinicanova-dev/vendor/laravel/lumen-framework/src/Concerns/RoutesRequests.php(386): Illuminate\\Container\\Container->call(Array, Array)
#8 /home/simdoctorcombr/public_html/api.clinicanova-dev/vendor/laravel/lumen-framework/src/Concerns/RoutesRequests.php(352): Laravel\\Lumen\\Application->callControllerCallable(Array, Array)
#9 /home/simdoctorcombr/public_html/api.clinicanova-dev/vendor/laravel/lumen-framework/src/Concerns/RoutesRequests.php(326): Laravel\\Lumen\\Application->callLumenController(Object(App\\Http\\Controllers\\ApiClinicas\\Paciente\\PacienteController), 'verificarCodigo', Array)
#10 /home/simdoctorcombr/public_html/api.clinicanova-dev/vendor/laravel/lumen-framework/src/Concerns/RoutesRequests.php(279): Laravel\\Lumen\\Application->callControllerAction(Array)
#11 /home/simdoctorcombr/public_html/api.clinicanova-dev/vendor/laravel/lumen-framework/src/Concerns/RoutesRequests.php(259): Laravel\\Lumen\\Application->callActionOnArrayBasedRoute(Array)
#12 /home/simdoctorcombr/public_html/api.clinicanova-dev/vendor/laravel/lumen-framework/src/Routing/Pipeline.php(48): Laravel\\Lumen\\Application->Laravel\\Lumen\\Concerns\\{closure}(Object(Laravel\\Lumen\\Http\\Request))
#13 /home/simdoctorcombr/public_html/api.clinicanova-dev/app/Http/Middleware/Authenticate.php(62): Laravel\\Lumen\\Routing\\Pipeline->Laravel\\Lumen\\Routing\\{closure}(Object(Laravel\\Lumen\\Http\\Request))
#14 /home/simdoctorcombr/public_html/api.clinicanova-dev/vendor/illuminate/pipeline/Pipeline.php(167): App\\Http\\Middleware\\Authenticate->handle(Object(Laravel\\Lumen\\Http\\Request), Object(Closure), 'clinicas_pacien...')
#15 /home/simdoctorcombr/public_html/api.clinicanova-dev/vendor/laravel/lumen-framework/src/Routing/Pipeline.php(30): Illuminate\\Pipeline\\Pipeline->Illuminate\\Pipeline\\{closure}(Object(Laravel\\Lumen\\Http\\Request))
#16 /home/simdoctorcombr/public_html/api.clinicanova-dev/vendor/illuminate/pipeline/Pipeline.php(103): Laravel\\Lumen\\Routing\\Pipeline->Laravel\\Lumen\\Routing\\{closure}(Object(Laravel\\Lumen\\Http\\Request))
#17 /home/simdoctorcombr/public_html/api.clinicanova-dev/vendor/laravel/lumen-framework/src/Concerns/RoutesRequests.php(423): Illuminate\\Pipeline\\Pipeline->then(Object(Closure))
#18 /home/simdoctorcombr/public_html/api.clinicanova-dev/vendor/laravel/lumen-framework/src/Concerns/RoutesRequests.php(260): Laravel\\Lumen\\Application->sendThroughPipeline(Array, Object(Closure))
#19 /home/simdoctorcombr/public_html/api.clinicanova-dev/vendor/laravel/lumen-framework/src/Concerns/RoutesRequests.php(234): Laravel\\Lumen\\Application->handleFoundRoute(Array)
#20 /home/simdoctorcombr/public_html/api.clinicanova-dev/vendor/laravel/lumen-framework/src/Concerns/RoutesRequests.php(170): Laravel\\Lumen\\Application->handleDispatcherResponse(Array)
#21 /home/simdoctorcombr/public_html/api.clinicanova-dev/vendor/laravel/lumen-framework/src/Routing/Pipeline.php(48): Laravel\\Lumen\\Application->Laravel\\Lumen\\Concerns\\{closure}(Object(Laravel\\Lumen\\Http\\Request))
#22 /home/simdoctorcombr/public_html/api.clinicanova-dev/app/Http/Middleware/CorsMiddleware.php(34): Laravel\\Lumen\\Routing\\Pipeline->Laravel\\Lumen\\Routing\\{closure}(Object(Laravel\\Lumen\\Http\\Request))
#23 /home/simdoctorcombr/public_html/api.clinicanova-dev/vendor/illuminate/pipeline/Pipeline.php(167): App\\Http\\Middleware\\CorsMiddleware->handle(Object(Laravel\\Lumen\\Http\\Request), Object(Closure))
#24 /home/simdoctorcombr/public_html/api.clinicanova-dev/vendor/laravel/lumen-framework/src/Routing/Pipeline.php(30): Illuminate\\Pipeline\\Pipeline->Illuminate\\Pipeline\\{closure}(Object(Laravel\\Lumen\\Http\\Request))
#25 /home/simdoctorcombr/public_html/api.clinicanova-dev/vendor/illuminate/pipeline/Pipeline.php(103): Laravel\\Lumen\\Routing\\Pipeline->Laravel\\Lumen\\Routing\\{closure}(Object(Laravel\\Lumen\\Http\\Request))
#26 /home/simdoctorcombr/public_html/api.clinicanova-dev/vendor/laravel/lumen-framework/src/Concerns/RoutesRequests.php(423): Illuminate\\Pipeline\\Pipeline->then(Object(Closure))
#27 /home/simdoctorcombr/public_html/api.clinicanova-dev/vendor/laravel/lumen-framework/src/Concerns/RoutesRequests.php(172): Laravel\\Lumen\\Application->sendThroughPipeline(Array, Object(Closure))
#28 /home/simdoctorcombr/public_html/api.clinicanova-dev/vendor/laravel/lumen-framework/src/Concerns/RoutesRequests.php(109): Laravel\\Lumen\\Application->dispatch(NULL)
#29 /home/simdoctorcombr/public_html/api.clinicanova-dev/public/index.php(29): Laravel\\Lumen\\Application->run()
#30 {main}
"} 
[2023-11-08 15:35:14] local.ERROR: Undefined variable: enviandoCodigo {"exception":"[object] (ErrorException(code: 0): Undefined variable: enviandoCodigo at /home/simdoctorcombr/public_html/api.clinicanova-dev/app/Services/Clinicas/PacienteService.php:1092)
[stacktrace]
#0 /home/simdoctorcombr/public_html/api.clinicanova-dev/app/Services/Clinicas/PacienteService.php(1092): Laravel\\Lumen\\Application->Laravel\\Lumen\\Concerns\\{closure}(8, 'Undefined varia...', '/home/simdoctor...', 1092, Array)
#1 /home/simdoctorcombr/public_html/api.clinicanova-dev/app/Http/Controllers/ApiClinicas/Paciente/PacienteController.php(636): App\\Services\\Clinicas\\PacienteService->verificarCodigo('3580', '431186', Array)
#2 /home/simdoctorcombr/public_html/api.clinicanova-dev/vendor/illuminate/container/BoundMethod.php(36): App\\Http\\Controllers\\ApiClinicas\\Paciente\\PacienteController->verificarCodigo(Object(Laravel\\Lumen\\Http\\Request), '431186')
#3 /home/simdoctorcombr/public_html/api.clinicanova-dev/vendor/illuminate/container/Util.php(40): Illuminate\\Container\\BoundMethod::Illuminate\\Container\\{closure}()
#4 /home/simdoctorcombr/public_html/api.clinicanova-dev/vendor/illuminate/container/BoundMethod.php(93): Illuminate\\Container\\Util::unwrapIfClosure(Object(Closure))
#5 /home/simdoctorcombr/public_html/api.clinicanova-dev/vendor/illuminate/container/BoundMethod.php(37): Illuminate\\Container\\BoundMethod::callBoundMethod(Object(Laravel\\Lumen\\Application), Array, Object(Closure))
#6 /home/simdoctorcombr/public_html/api.clinicanova-dev/vendor/illuminate/container/Container.php(611): Illuminate\\Container\\BoundMethod::call(Object(Laravel\\Lumen\\Application), Array, Array, NULL)
#7 /home/simdoctorcombr/public_html/api.clinicanova-dev/vendor/laravel/lumen-framework/src/Concerns/RoutesRequests.php(386): Illuminate\\Container\\Container->call(Array, Array)
#8 /home/simdoctorcombr/public_html/api.clinicanova-dev/vendor/laravel/lumen-framework/src/Concerns/RoutesRequests.php(352): Laravel\\Lumen\\Application->callControllerCallable(Array, Array)
#9 /home/simdoctorcombr/public_html/api.clinicanova-dev/vendor/laravel/lumen-framework/src/Concerns/RoutesRequests.php(326): Laravel\\Lumen\\Application->callLumenController(Object(App\\Http\\Controllers\\ApiClinicas\\Paciente\\PacienteController), 'verificarCodigo', Array)
#10 /home/simdoctorcombr/public_html/api.clinicanova-dev/vendor/laravel/lumen-framework/src/Concerns/RoutesRequests.php(279): Laravel\\Lumen\\Application->callControllerAction(Array)
#11 /home/simdoctorcombr/public_html/api.clinicanova-dev/vendor/laravel/lumen-framework/src/Concerns/RoutesRequests.php(259): Laravel\\Lumen\\Application->callActionOnArrayBasedRoute(Array)
#12 /home/simdoctorcombr/public_html/api.clinicanova-dev/vendor/laravel/lumen-framework/src/Routing/Pipeline.php(48): Laravel\\Lumen\\Application->Laravel\\Lumen\\Concerns\\{closure}(Object(Laravel\\Lumen\\Http\\Request))
#13 /home/simdoctorcombr/public_html/api.clinicanova-dev/app/Http/Middleware/Authenticate.php(62): Laravel\\Lumen\\Routing\\Pipeline->Laravel\\Lumen\\Routing\\{closure}(Object(Laravel\\Lumen\\Http\\Request))
#14 /home/simdoctorcombr/public_html/api.clinicanova-dev/vendor/illuminate/pipeline/Pipeline.php(167): App\\Http\\Middleware\\Authenticate->handle(Object(Laravel\\Lumen\\Http\\Request), Object(Closure), 'clinicas_pacien...')
#15 /home/simdoctorcombr/public_html/api.clinicanova-dev/vendor/laravel/lumen-framework/src/Routing/Pipeline.php(30): Illuminate\\Pipeline\\Pipeline->Illuminate\\Pipeline\\{closure}(Object(Laravel\\Lumen\\Http\\Request))
#16 /home/simdoctorcombr/public_html/api.clinicanova-dev/vendor/illuminate/pipeline/Pipeline.php(103): Laravel\\Lumen\\Routing\\Pipeline->Laravel\\Lumen\\Routing\\{closure}(Object(Laravel\\Lumen\\Http\\Request))
#17 /home/simdoctorcombr/public_html/api.clinicanova-dev/vendor/laravel/lumen-framework/src/Concerns/RoutesRequests.php(423): Illuminate\\Pipeline\\Pipeline->then(Object(Closure))
#18 /home/simdoctorcombr/public_html/api.clinicanova-dev/vendor/laravel/lumen-framework/src/Concerns/RoutesRequests.php(260): Laravel\\Lumen\\Application->sendThroughPipeline(Array, Object(Closure))
#19 /home/simdoctorcombr/public_html/api.clinicanova-dev/vendor/laravel/lumen-framework/src/Concerns/RoutesRequests.php(234): Laravel\\Lumen\\Application->handleFoundRoute(Array)
#20 /home/simdoctorcombr/public_html/api.clinicanova-dev/vendor/laravel/lumen-framework/src/Concerns/RoutesRequests.php(170): Laravel\\Lumen\\Application->handleDispatcherResponse(Array)
#21 /home/simdoctorcombr/public_html/api.clinicanova-dev/vendor/laravel/lumen-framework/src/Routing/Pipeline.php(48): Laravel\\Lumen\\Application->Laravel\\Lumen\\Concerns\\{closure}(Object(Laravel\\Lumen\\Http\\Request))
#22 /home/simdoctorcombr/public_html/api.clinicanova-dev/app/Http/Middleware/CorsMiddleware.php(34): Laravel\\Lumen\\Routing\\Pipeline->Laravel\\Lumen\\Routing\\{closure}(Object(Laravel\\Lumen\\Http\\Request))
#23 /home/simdoctorcombr/public_html/api.clinicanova-dev/vendor/illuminate/pipeline/Pipeline.php(167): App\\Http\\Middleware\\CorsMiddleware->handle(Object(Laravel\\Lumen\\Http\\Request), Object(Closure))
#24 /home/simdoctorcombr/public_html/api.clinicanova-dev/vendor/laravel/lumen-framework/src/Routing/Pipeline.php(30): Illuminate\\Pipeline\\Pipeline->Illuminate\\Pipeline\\{closure}(Object(Laravel\\Lumen\\Http\\Request))
#25 /home/simdoctorcombr/public_html/api.clinicanova-dev/vendor/illuminate/pipeline/Pipeline.php(103): Laravel\\Lumen\\Routing\\Pipeline->Laravel\\Lumen\\Routing\\{closure}(Object(Laravel\\Lumen\\Http\\Request))
#26 /home/simdoctorcombr/public_html/api.clinicanova-dev/vendor/laravel/lumen-framework/src/Concerns/RoutesRequests.php(423): Illuminate\\Pipeline\\Pipeline->then(Object(Closure))
#27 /home/simdoctorcombr/public_html/api.clinicanova-dev/vendor/laravel/lumen-framework/src/Concerns/RoutesRequests.php(172): Laravel\\Lumen\\Application->sendThroughPipeline(Array, Object(Closure))
#28 /home/simdoctorcombr/public_html/api.clinicanova-dev/vendor/laravel/lumen-framework/src/Concerns/RoutesRequests.php(109): Laravel\\Lumen\\Application->dispatch(NULL)
#29 /home/simdoctorcombr/public_html/api.clinicanova-dev/public/index.php(29): Laravel\\Lumen\\Application->run()
#30 {main}
"} 
[2023-11-08 15:35:29] local.ERROR: Undefined variable: enviandoCodigo {"exception":"[object] (ErrorException(code: 0): Undefined variable: enviandoCodigo at /home/simdoctorcombr/public_html/api.clinicanova-dev/app/Services/Clinicas/PacienteService.php:1092)
[stacktrace]
#0 /home/simdoctorcombr/public_html/api.clinicanova-dev/app/Services/Clinicas/PacienteService.php(1092): Laravel\\Lumen\\Application->Laravel\\Lumen\\Concerns\\{closure}(8, 'Undefined varia...', '/home/simdoctor...', 1092, Array)
#1 /home/simdoctorcombr/public_html/api.clinicanova-dev/app/Http/Controllers/ApiClinicas/Paciente/PacienteController.php(636): App\\Services\\Clinicas\\PacienteService->verificarCodigo('3580', '431186', Array)
#2 /home/simdoctorcombr/public_html/api.clinicanova-dev/vendor/illuminate/container/BoundMethod.php(36): App\\Http\\Controllers\\ApiClinicas\\Paciente\\PacienteController->verificarCodigo(Object(Laravel\\Lumen\\Http\\Request), '431186')
#3 /home/simdoctorcombr/public_html/api.clinicanova-dev/vendor/illuminate/container/Util.php(40): Illuminate\\Container\\BoundMethod::Illuminate\\Container\\{closure}()
#4 /home/simdoctorcombr/public_html/api.clinicanova-dev/vendor/illuminate/container/BoundMethod.php(93): Illuminate\\Container\\Util::unwrapIfClosure(Object(Closure))
#5 /home/simdoctorcombr/public_html/api.clinicanova-dev/vendor/illuminate/container/BoundMethod.php(37): Illuminate\\Container\\BoundMethod::callBoundMethod(Object(Laravel\\Lumen\\Application), Array, Object(Closure))
#6 /home/simdoctorcombr/public_html/api.clinicanova-dev/vendor/illuminate/container/Container.php(611): Illuminate\\Container\\BoundMethod::call(Object(Laravel\\Lumen\\Application), Array, Array, NULL)
#7 /home/simdoctorcombr/public_html/api.clinicanova-dev/vendor/laravel/lumen-framework/src/Concerns/RoutesRequests.php(386): Illuminate\\Container\\Container->call(Array, Array)
#8 /home/simdoctorcombr/public_html/api.clinicanova-dev/vendor/laravel/lumen-framework/src/Concerns/RoutesRequests.php(352): Laravel\\Lumen\\Application->callControllerCallable(Array, Array)
#9 /home/simdoctorcombr/public_html/api.clinicanova-dev/vendor/laravel/lumen-framework/src/Concerns/RoutesRequests.php(326): Laravel\\Lumen\\Application->callLumenController(Object(App\\Http\\Controllers\\ApiClinicas\\Paciente\\PacienteController), 'verificarCodigo', Array)
#10 /home/simdoctorcombr/public_html/api.clinicanova-dev/vendor/laravel/lumen-framework/src/Concerns/RoutesRequests.php(279): Laravel\\Lumen\\Application->callControllerAction(Array)
#11 /home/simdoctorcombr/public_html/api.clinicanova-dev/vendor/laravel/lumen-framework/src/Concerns/RoutesRequests.php(259): Laravel\\Lumen\\Application->callActionOnArrayBasedRoute(Array)
#12 /home/simdoctorcombr/public_html/api.clinicanova-dev/vendor/laravel/lumen-framework/src/Routing/Pipeline.php(48): Laravel\\Lumen\\Application->Laravel\\Lumen\\Concerns\\{closure}(Object(Laravel\\Lumen\\Http\\Request))
#13 /home/simdoctorcombr/public_html/api.clinicanova-dev/app/Http/Middleware/Authenticate.php(62): Laravel\\Lumen\\Routing\\Pipeline->Laravel\\Lumen\\Routing\\{closure}(Object(Laravel\\Lumen\\Http\\Request))
#14 /home/simdoctorcombr/public_html/api.clinicanova-dev/vendor/illuminate/pipeline/Pipeline.php(167): App\\Http\\Middleware\\Authenticate->handle(Object(Laravel\\Lumen\\Http\\Request), Object(Closure), 'clinicas_pacien...')
#15 /home/simdoctorcombr/public_html/api.clinicanova-dev/vendor/laravel/lumen-framework/src/Routing/Pipeline.php(30): Illuminate\\Pipeline\\Pipeline->Illuminate\\Pipeline\\{closure}(Object(Laravel\\Lumen\\Http\\Request))
#16 /home/simdoctorcombr/public_html/api.clinicanova-dev/vendor/illuminate/pipeline/Pipeline.php(103): Laravel\\Lumen\\Routing\\Pipeline->Laravel\\Lumen\\Routing\\{closure}(Object(Laravel\\Lumen\\Http\\Request))
#17 /home/simdoctorcombr/public_html/api.clinicanova-dev/vendor/laravel/lumen-framework/src/Concerns/RoutesRequests.php(423): Illuminate\\Pipeline\\Pipeline->then(Object(Closure))
#18 /home/simdoctorcombr/public_html/api.clinicanova-dev/vendor/laravel/lumen-framework/src/Concerns/RoutesRequests.php(260): Laravel\\Lumen\\Application->sendThroughPipeline(Array, Object(Closure))
#19 /home/simdoctorcombr/public_html/api.clinicanova-dev/vendor/laravel/lumen-framework/src/Concerns/RoutesRequests.php(234): Laravel\\Lumen\\Application->handleFoundRoute(Array)
#20 /home/simdoctorcombr/public_html/api.clinicanova-dev/vendor/laravel/lumen-framework/src/Concerns/RoutesRequests.php(170): Laravel\\Lumen\\Application->handleDispatcherResponse(Array)
#21 /home/simdoctorcombr/public_html/api.clinicanova-dev/vendor/laravel/lumen-framework/src/Routing/Pipeline.php(48): Laravel\\Lumen\\Application->Laravel\\Lumen\\Concerns\\{closure}(Object(Laravel\\Lumen\\Http\\Request))
#22 /home/simdoctorcombr/public_html/api.clinicanova-dev/app/Http/Middleware/CorsMiddleware.php(34): Laravel\\Lumen\\Routing\\Pipeline->Laravel\\Lumen\\Routing\\{closure}(Object(Laravel\\Lumen\\Http\\Request))
#23 /home/simdoctorcombr/public_html/api.clinicanova-dev/vendor/illuminate/pipeline/Pipeline.php(167): App\\Http\\Middleware\\CorsMiddleware->handle(Object(Laravel\\Lumen\\Http\\Request), Object(Closure))
#24 /home/simdoctorcombr/public_html/api.clinicanova-dev/vendor/laravel/lumen-framework/src/Routing/Pipeline.php(30): Illuminate\\Pipeline\\Pipeline->Illuminate\\Pipeline\\{closure}(Object(Laravel\\Lumen\\Http\\Request))
#25 /home/simdoctorcombr/public_html/api.clinicanova-dev/vendor/illuminate/pipeline/Pipeline.php(103): Laravel\\Lumen\\Routing\\Pipeline->Laravel\\Lumen\\Routing\\{closure}(Object(Laravel\\Lumen\\Http\\Request))
#26 /home/simdoctorcombr/public_html/api.clinicanova-dev/vendor/laravel/lumen-framework/src/Concerns/RoutesRequests.php(423): Illuminate\\Pipeline\\Pipeline->then(Object(Closure))
#27 /home/simdoctorcombr/public_html/api.clinicanova-dev/vendor/laravel/lumen-framework/src/Concerns/RoutesRequests.php(172): Laravel\\Lumen\\Application->sendThroughPipeline(Array, Object(Closure))
#28 /home/simdoctorcombr/public_html/api.clinicanova-dev/vendor/laravel/lumen-framework/src/Concerns/RoutesRequests.php(109): Laravel\\Lumen\\Application->dispatch(NULL)
#29 /home/simdoctorcombr/public_html/api.clinicanova-dev/public/index.php(29): Laravel\\Lumen\\Application->run()
#30 {main}
"} 
[2023-11-08 15:50:54] local.ERROR: Undefined variable: PacientesQrCode {"exception":"[object] (ErrorException(code: 0): Undefined variable: PacientesQrCode at /home/simdoctorcombr/public_html/api.clinicanova-dev/app/Services/Clinicas/PacienteService.php:1093)
[stacktrace]
#0 /home/simdoctorcombr/public_html/api.clinicanova-dev/app/Services/Clinicas/PacienteService.php(1093): Laravel\\Lumen\\Application->Laravel\\Lumen\\Concerns\\{closure}(8, 'Undefined varia...', '/home/simdoctor...', 1093, Array)
#1 /home/simdoctorcombr/public_html/api.clinicanova-dev/app/Http/Controllers/ApiClinicas/Paciente/PacienteController.php(636): App\\Services\\Clinicas\\PacienteService->verificarCodigo('3580', '431186', Array)
#2 /home/simdoctorcombr/public_html/api.clinicanova-dev/vendor/illuminate/container/BoundMethod.php(36): App\\Http\\Controllers\\ApiClinicas\\Paciente\\PacienteController->verificarCodigo(Object(Laravel\\Lumen\\Http\\Request), '431186')
#3 /home/simdoctorcombr/public_html/api.clinicanova-dev/vendor/illuminate/container/Util.php(40): Illuminate\\Container\\BoundMethod::Illuminate\\Container\\{closure}()
#4 /home/simdoctorcombr/public_html/api.clinicanova-dev/vendor/illuminate/container/BoundMethod.php(93): Illuminate\\Container\\Util::unwrapIfClosure(Object(Closure))
#5 /home/simdoctorcombr/public_html/api.clinicanova-dev/vendor/illuminate/container/BoundMethod.php(37): Illuminate\\Container\\BoundMethod::callBoundMethod(Object(Laravel\\Lumen\\Application), Array, Object(Closure))
#6 /home/simdoctorcombr/public_html/api.clinicanova-dev/vendor/illuminate/container/Container.php(611): Illuminate\\Container\\BoundMethod::call(Object(Laravel\\Lumen\\Application), Array, Array, NULL)
#7 /home/simdoctorcombr/public_html/api.clinicanova-dev/vendor/laravel/lumen-framework/src/Concerns/RoutesRequests.php(386): Illuminate\\Container\\Container->call(Array, Array)
#8 /home/simdoctorcombr/public_html/api.clinicanova-dev/vendor/laravel/lumen-framework/src/Concerns/RoutesRequests.php(352): Laravel\\Lumen\\Application->callControllerCallable(Array, Array)
#9 /home/simdoctorcombr/public_html/api.clinicanova-dev/vendor/laravel/lumen-framework/src/Concerns/RoutesRequests.php(326): Laravel\\Lumen\\Application->callLumenController(Object(App\\Http\\Controllers\\ApiClinicas\\Paciente\\PacienteController), 'verificarCodigo', Array)
#10 /home/simdoctorcombr/public_html/api.clinicanova-dev/vendor/laravel/lumen-framework/src/Concerns/RoutesRequests.php(279): Laravel\\Lumen\\Application->callControllerAction(Array)
#11 /home/simdoctorcombr/public_html/api.clinicanova-dev/vendor/laravel/lumen-framework/src/Concerns/RoutesRequests.php(259): Laravel\\Lumen\\Application->callActionOnArrayBasedRoute(Array)
#12 /home/simdoctorcombr/public_html/api.clinicanova-dev/vendor/laravel/lumen-framework/src/Routing/Pipeline.php(48): Laravel\\Lumen\\Application->Laravel\\Lumen\\Concerns\\{closure}(Object(Laravel\\Lumen\\Http\\Request))
#13 /home/simdoctorcombr/public_html/api.clinicanova-dev/app/Http/Middleware/Authenticate.php(62): Laravel\\Lumen\\Routing\\Pipeline->Laravel\\Lumen\\Routing\\{closure}(Object(Laravel\\Lumen\\Http\\Request))
#14 /home/simdoctorcombr/public_html/api.clinicanova-dev/vendor/illuminate/pipeline/Pipeline.php(167): App\\Http\\Middleware\\Authenticate->handle(Object(Laravel\\Lumen\\Http\\Request), Object(Closure), 'clinicas_pacien...')
#15 /home/simdoctorcombr/public_html/api.clinicanova-dev/vendor/laravel/lumen-framework/src/Routing/Pipeline.php(30): Illuminate\\Pipeline\\Pipeline->Illuminate\\Pipeline\\{closure}(Object(Laravel\\Lumen\\Http\\Request))
#16 /home/simdoctorcombr/public_html/api.clinicanova-dev/vendor/illuminate/pipeline/Pipeline.php(103): Laravel\\Lumen\\Routing\\Pipeline->Laravel\\Lumen\\Routing\\{closure}(Object(Laravel\\Lumen\\Http\\Request))
#17 /home/simdoctorcombr/public_html/api.clinicanova-dev/vendor/laravel/lumen-framework/src/Concerns/RoutesRequests.php(423): Illuminate\\Pipeline\\Pipeline->then(Object(Closure))
#18 /home/simdoctorcombr/public_html/api.clinicanova-dev/vendor/laravel/lumen-framework/src/Concerns/RoutesRequests.php(260): Laravel\\Lumen\\Application->sendThroughPipeline(Array, Object(Closure))
#19 /home/simdoctorcombr/public_html/api.clinicanova-dev/vendor/laravel/lumen-framework/src/Concerns/RoutesRequests.php(234): Laravel\\Lumen\\Application->handleFoundRoute(Array)
#20 /home/simdoctorcombr/public_html/api.clinicanova-dev/vendor/laravel/lumen-framework/src/Concerns/RoutesRequests.php(170): Laravel\\Lumen\\Application->handleDispatcherResponse(Array)
#21 /home/simdoctorcombr/public_html/api.clinicanova-dev/vendor/laravel/lumen-framework/src/Routing/Pipeline.php(48): Laravel\\Lumen\\Application->Laravel\\Lumen\\Concerns\\{closure}(Object(Laravel\\Lumen\\Http\\Request))
#22 /home/simdoctorcombr/public_html/api.clinicanova-dev/app/Http/Middleware/CorsMiddleware.php(34): Laravel\\Lumen\\Routing\\Pipeline->Laravel\\Lumen\\Routing\\{closure}(Object(Laravel\\Lumen\\Http\\Request))
#23 /home/simdoctorcombr/public_html/api.clinicanova-dev/vendor/illuminate/pipeline/Pipeline.php(167): App\\Http\\Middleware\\CorsMiddleware->handle(Object(Laravel\\Lumen\\Http\\Request), Object(Closure))
#24 /home/simdoctorcombr/public_html/api.clinicanova-dev/vendor/laravel/lumen-framework/src/Routing/Pipeline.php(30): Illuminate\\Pipeline\\Pipeline->Illuminate\\Pipeline\\{closure}(Object(Laravel\\Lumen\\Http\\Request))
#25 /home/simdoctorcombr/public_html/api.clinicanova-dev/vendor/illuminate/pipeline/Pipeline.php(103): Laravel\\Lumen\\Routing\\Pipeline->Laravel\\Lumen\\Routing\\{closure}(Object(Laravel\\Lumen\\Http\\Request))
#26 /home/simdoctorcombr/public_html/api.clinicanova-dev/vendor/laravel/lumen-framework/src/Concerns/RoutesRequests.php(423): Illuminate\\Pipeline\\Pipeline->then(Object(Closure))
#27 /home/simdoctorcombr/public_html/api.clinicanova-dev/vendor/laravel/lumen-framework/src/Concerns/RoutesRequests.php(172): Laravel\\Lumen\\Application->sendThroughPipeline(Array, Object(Closure))
#28 /home/simdoctorcombr/public_html/api.clinicanova-dev/vendor/laravel/lumen-framework/src/Concerns/RoutesRequests.php(109): Laravel\\Lumen\\Application->dispatch(NULL)
#29 /home/simdoctorcombr/public_html/api.clinicanova-dev/public/index.php(29): Laravel\\Lumen\\Application->run()
#30 {main}
"} 
[2023-11-08 15:55:32] local.ERROR: Undefined variable: PacientesQrCode {"exception":"[object] (ErrorException(code: 0): Undefined variable: PacientesQrCode at /home/simdoctorcombr/public_html/api.clinicanova-dev/app/Services/Clinicas/PacienteService.php:1094)
[stacktrace]
#0 /home/simdoctorcombr/public_html/api.clinicanova-dev/app/Services/Clinicas/PacienteService.php(1094): Laravel\\Lumen\\Application->Laravel\\Lumen\\Concerns\\{closure}(8, 'Undefined varia...', '/home/simdoctor...', 1094, Array)
#1 /home/simdoctorcombr/public_html/api.clinicanova-dev/app/Http/Controllers/ApiClinicas/Paciente/PacienteController.php(636): App\\Services\\Clinicas\\PacienteService->verificarCodigo('3580', '431186', Array)
#2 /home/simdoctorcombr/public_html/api.clinicanova-dev/vendor/illuminate/container/BoundMethod.php(36): App\\Http\\Controllers\\ApiClinicas\\Paciente\\PacienteController->verificarCodigo(Object(Laravel\\Lumen\\Http\\Request), '431186')
#3 /home/simdoctorcombr/public_html/api.clinicanova-dev/vendor/illuminate/container/Util.php(40): Illuminate\\Container\\BoundMethod::Illuminate\\Container\\{closure}()
#4 /home/simdoctorcombr/public_html/api.clinicanova-dev/vendor/illuminate/container/BoundMethod.php(93): Illuminate\\Container\\Util::unwrapIfClosure(Object(Closure))
#5 /home/simdoctorcombr/public_html/api.clinicanova-dev/vendor/illuminate/container/BoundMethod.php(37): Illuminate\\Container\\BoundMethod::callBoundMethod(Object(Laravel\\Lumen\\Application), Array, Object(Closure))
#6 /home/simdoctorcombr/public_html/api.clinicanova-dev/vendor/illuminate/container/Container.php(611): Illuminate\\Container\\BoundMethod::call(Object(Laravel\\Lumen\\Application), Array, Array, NULL)
#7 /home/simdoctorcombr/public_html/api.clinicanova-dev/vendor/laravel/lumen-framework/src/Concerns/RoutesRequests.php(386): Illuminate\\Container\\Container->call(Array, Array)
#8 /home/simdoctorcombr/public_html/api.clinicanova-dev/vendor/laravel/lumen-framework/src/Concerns/RoutesRequests.php(352): Laravel\\Lumen\\Application->callControllerCallable(Array, Array)
#9 /home/simdoctorcombr/public_html/api.clinicanova-dev/vendor/laravel/lumen-framework/src/Concerns/RoutesRequests.php(326): Laravel\\Lumen\\Application->callLumenController(Object(App\\Http\\Controllers\\ApiClinicas\\Paciente\\PacienteController), 'verificarCodigo', Array)
#10 /home/simdoctorcombr/public_html/api.clinicanova-dev/vendor/laravel/lumen-framework/src/Concerns/RoutesRequests.php(279): Laravel\\Lumen\\Application->callControllerAction(Array)
#11 /home/simdoctorcombr/public_html/api.clinicanova-dev/vendor/laravel/lumen-framework/src/Concerns/RoutesRequests.php(259): Laravel\\Lumen\\Application->callActionOnArrayBasedRoute(Array)
#12 /home/simdoctorcombr/public_html/api.clinicanova-dev/vendor/laravel/lumen-framework/src/Routing/Pipeline.php(48): Laravel\\Lumen\\Application->Laravel\\Lumen\\Concerns\\{closure}(Object(Laravel\\Lumen\\Http\\Request))
#13 /home/simdoctorcombr/public_html/api.clinicanova-dev/app/Http/Middleware/Authenticate.php(62): Laravel\\Lumen\\Routing\\Pipeline->Laravel\\Lumen\\Routing\\{closure}(Object(Laravel\\Lumen\\Http\\Request))
#14 /home/simdoctorcombr/public_html/api.clinicanova-dev/vendor/illuminate/pipeline/Pipeline.php(167): App\\Http\\Middleware\\Authenticate->handle(Object(Laravel\\Lumen\\Http\\Request), Object(Closure), 'clinicas_pacien...')
#15 /home/simdoctorcombr/public_html/api.clinicanova-dev/vendor/laravel/lumen-framework/src/Routing/Pipeline.php(30): Illuminate\\Pipeline\\Pipeline->Illuminate\\Pipeline\\{closure}(Object(Laravel\\Lumen\\Http\\Request))
#16 /home/simdoctorcombr/public_html/api.clinicanova-dev/vendor/illuminate/pipeline/Pipeline.php(103): Laravel\\Lumen\\Routing\\Pipeline->Laravel\\Lumen\\Routing\\{closure}(Object(Laravel\\Lumen\\Http\\Request))
#17 /home/simdoctorcombr/public_html/api.clinicanova-dev/vendor/laravel/lumen-framework/src/Concerns/RoutesRequests.php(423): Illuminate\\Pipeline\\Pipeline->then(Object(Closure))
#18 /home/simdoctorcombr/public_html/api.clinicanova-dev/vendor/laravel/lumen-framework/src/Concerns/RoutesRequests.php(260): Laravel\\Lumen\\Application->sendThroughPipeline(Array, Object(Closure))
#19 /home/simdoctorcombr/public_html/api.clinicanova-dev/vendor/laravel/lumen-framework/src/Concerns/RoutesRequests.php(234): Laravel\\Lumen\\Application->handleFoundRoute(Array)
#20 /home/simdoctorcombr/public_html/api.clinicanova-dev/vendor/laravel/lumen-framework/src/Concerns/RoutesRequests.php(170): Laravel\\Lumen\\Application->handleDispatcherResponse(Array)
#21 /home/simdoctorcombr/public_html/api.clinicanova-dev/vendor/laravel/lumen-framework/src/Routing/Pipeline.php(48): Laravel\\Lumen\\Application->Laravel\\Lumen\\Concerns\\{closure}(Object(Laravel\\Lumen\\Http\\Request))
#22 /home/simdoctorcombr/public_html/api.clinicanova-dev/app/Http/Middleware/CorsMiddleware.php(34): Laravel\\Lumen\\Routing\\Pipeline->Laravel\\Lumen\\Routing\\{closure}(Object(Laravel\\Lumen\\Http\\Request))
#23 /home/simdoctorcombr/public_html/api.clinicanova-dev/vendor/illuminate/pipeline/Pipeline.php(167): App\\Http\\Middleware\\CorsMiddleware->handle(Object(Laravel\\Lumen\\Http\\Request), Object(Closure))
#24 /home/simdoctorcombr/public_html/api.clinicanova-dev/vendor/laravel/lumen-framework/src/Routing/Pipeline.php(30): Illuminate\\Pipeline\\Pipeline->Illuminate\\Pipeline\\{closure}(Object(Laravel\\Lumen\\Http\\Request))
#25 /home/simdoctorcombr/public_html/api.clinicanova-dev/vendor/illuminate/pipeline/Pipeline.php(103): Laravel\\Lumen\\Routing\\Pipeline->Laravel\\Lumen\\Routing\\{closure}(Object(Laravel\\Lumen\\Http\\Request))
#26 /home/simdoctorcombr/public_html/api.clinicanova-dev/vendor/laravel/lumen-framework/src/Concerns/RoutesRequests.php(423): Illuminate\\Pipeline\\Pipeline->then(Object(Closure))
#27 /home/simdoctorcombr/public_html/api.clinicanova-dev/vendor/laravel/lumen-framework/src/Concerns/RoutesRequests.php(172): Laravel\\Lumen\\Application->sendThroughPipeline(Array, Object(Closure))
#28 /home/simdoctorcombr/public_html/api.clinicanova-dev/vendor/laravel/lumen-framework/src/Concerns/RoutesRequests.php(109): Laravel\\Lumen\\Application->dispatch(NULL)
#29 /home/simdoctorcombr/public_html/api.clinicanova-dev/public/index.php(29): Laravel\\Lumen\\Application->run()
#30 {main}
"} 
[2023-11-08 15:56:40] local.ERROR: Trying to get property 'id' of non-object {"exception":"[object] (ErrorException(code: 0): Trying to get property 'id' of non-object at /home/simdoctorcombr/public_html/api.clinicanova-dev/app/Services/Clinicas/PacienteService.php:1094)
[stacktrace]
#0 /home/simdoctorcombr/public_html/api.clinicanova-dev/app/Services/Clinicas/PacienteService.php(1094): Laravel\\Lumen\\Application->Laravel\\Lumen\\Concerns\\{closure}(8, 'Trying to get p...', '/home/simdoctor...', 1094, Array)
#1 /home/simdoctorcombr/public_html/api.clinicanova-dev/app/Http/Controllers/ApiClinicas/Paciente/PacienteController.php(636): App\\Services\\Clinicas\\PacienteService->verificarCodigo('3580', '431186', Array)
#2 /home/simdoctorcombr/public_html/api.clinicanova-dev/vendor/illuminate/container/BoundMethod.php(36): App\\Http\\Controllers\\ApiClinicas\\Paciente\\PacienteController->verificarCodigo(Object(Laravel\\Lumen\\Http\\Request), '431186')
#3 /home/simdoctorcombr/public_html/api.clinicanova-dev/vendor/illuminate/container/Util.php(40): Illuminate\\Container\\BoundMethod::Illuminate\\Container\\{closure}()
#4 /home/simdoctorcombr/public_html/api.clinicanova-dev/vendor/illuminate/container/BoundMethod.php(93): Illuminate\\Container\\Util::unwrapIfClosure(Object(Closure))
#5 /home/simdoctorcombr/public_html/api.clinicanova-dev/vendor/illuminate/container/BoundMethod.php(37): Illuminate\\Container\\BoundMethod::callBoundMethod(Object(Laravel\\Lumen\\Application), Array, Object(Closure))
#6 /home/simdoctorcombr/public_html/api.clinicanova-dev/vendor/illuminate/container/Container.php(611): Illuminate\\Container\\BoundMethod::call(Object(Laravel\\Lumen\\Application), Array, Array, NULL)
#7 /home/simdoctorcombr/public_html/api.clinicanova-dev/vendor/laravel/lumen-framework/src/Concerns/RoutesRequests.php(386): Illuminate\\Container\\Container->call(Array, Array)
#8 /home/simdoctorcombr/public_html/api.clinicanova-dev/vendor/laravel/lumen-framework/src/Concerns/RoutesRequests.php(352): Laravel\\Lumen\\Application->callControllerCallable(Array, Array)
#9 /home/simdoctorcombr/public_html/api.clinicanova-dev/vendor/laravel/lumen-framework/src/Concerns/RoutesRequests.php(326): Laravel\\Lumen\\Application->callLumenController(Object(App\\Http\\Controllers\\ApiClinicas\\Paciente\\PacienteController), 'verificarCodigo', Array)
#10 /home/simdoctorcombr/public_html/api.clinicanova-dev/vendor/laravel/lumen-framework/src/Concerns/RoutesRequests.php(279): Laravel\\Lumen\\Application->callControllerAction(Array)
#11 /home/simdoctorcombr/public_html/api.clinicanova-dev/vendor/laravel/lumen-framework/src/Concerns/RoutesRequests.php(259): Laravel\\Lumen\\Application->callActionOnArrayBasedRoute(Array)
#12 /home/simdoctorcombr/public_html/api.clinicanova-dev/vendor/laravel/lumen-framework/src/Routing/Pipeline.php(48): Laravel\\Lumen\\Application->Laravel\\Lumen\\Concerns\\{closure}(Object(Laravel\\Lumen\\Http\\Request))
#13 /home/simdoctorcombr/public_html/api.clinicanova-dev/app/Http/Middleware/Authenticate.php(62): Laravel\\Lumen\\Routing\\Pipeline->Laravel\\Lumen\\Routing\\{closure}(Object(Laravel\\Lumen\\Http\\Request))
#14 /home/simdoctorcombr/public_html/api.clinicanova-dev/vendor/illuminate/pipeline/Pipeline.php(167): App\\Http\\Middleware\\Authenticate->handle(Object(Laravel\\Lumen\\Http\\Request), Object(Closure), 'clinicas_pacien...')
#15 /home/simdoctorcombr/public_html/api.clinicanova-dev/vendor/laravel/lumen-framework/src/Routing/Pipeline.php(30): Illuminate\\Pipeline\\Pipeline->Illuminate\\Pipeline\\{closure}(Object(Laravel\\Lumen\\Http\\Request))
#16 /home/simdoctorcombr/public_html/api.clinicanova-dev/vendor/illuminate/pipeline/Pipeline.php(103): Laravel\\Lumen\\Routing\\Pipeline->Laravel\\Lumen\\Routing\\{closure}(Object(Laravel\\Lumen\\Http\\Request))
#17 /home/simdoctorcombr/public_html/api.clinicanova-dev/vendor/laravel/lumen-framework/src/Concerns/RoutesRequests.php(423): Illuminate\\Pipeline\\Pipeline->then(Object(Closure))
#18 /home/simdoctorcombr/public_html/api.clinicanova-dev/vendor/laravel/lumen-framework/src/Concerns/RoutesRequests.php(260): Laravel\\Lumen\\Application->sendThroughPipeline(Array, Object(Closure))
#19 /home/simdoctorcombr/public_html/api.clinicanova-dev/vendor/laravel/lumen-framework/src/Concerns/RoutesRequests.php(234): Laravel\\Lumen\\Application->handleFoundRoute(Array)
#20 /home/simdoctorcombr/public_html/api.clinicanova-dev/vendor/laravel/lumen-framework/src/Concerns/RoutesRequests.php(170): Laravel\\Lumen\\Application->handleDispatcherResponse(Array)
#21 /home/simdoctorcombr/public_html/api.clinicanova-dev/vendor/laravel/lumen-framework/src/Routing/Pipeline.php(48): Laravel\\Lumen\\Application->Laravel\\Lumen\\Concerns\\{closure}(Object(Laravel\\Lumen\\Http\\Request))
#22 /home/simdoctorcombr/public_html/api.clinicanova-dev/app/Http/Middleware/CorsMiddleware.php(34): Laravel\\Lumen\\Routing\\Pipeline->Laravel\\Lumen\\Routing\\{closure}(Object(Laravel\\Lumen\\Http\\Request))
#23 /home/simdoctorcombr/public_html/api.clinicanova-dev/vendor/illuminate/pipeline/Pipeline.php(167): App\\Http\\Middleware\\CorsMiddleware->handle(Object(Laravel\\Lumen\\Http\\Request), Object(Closure))
#24 /home/simdoctorcombr/public_html/api.clinicanova-dev/vendor/laravel/lumen-framework/src/Routing/Pipeline.php(30): Illuminate\\Pipeline\\Pipeline->Illuminate\\Pipeline\\{closure}(Object(Laravel\\Lumen\\Http\\Request))
#25 /home/simdoctorcombr/public_html/api.clinicanova-dev/vendor/illuminate/pipeline/Pipeline.php(103): Laravel\\Lumen\\Routing\\Pipeline->Laravel\\Lumen\\Routing\\{closure}(Object(Laravel\\Lumen\\Http\\Request))
#26 /home/simdoctorcombr/public_html/api.clinicanova-dev/vendor/laravel/lumen-framework/src/Concerns/RoutesRequests.php(423): Illuminate\\Pipeline\\Pipeline->then(Object(Closure))
#27 /home/simdoctorcombr/public_html/api.clinicanova-dev/vendor/laravel/lumen-framework/src/Concerns/RoutesRequests.php(172): Laravel\\Lumen\\Application->sendThroughPipeline(Array, Object(Closure))
#28 /home/simdoctorcombr/public_html/api.clinicanova-dev/vendor/laravel/lumen-framework/src/Concerns/RoutesRequests.php(109): Laravel\\Lumen\\Application->dispatch(NULL)
#29 /home/simdoctorcombr/public_html/api.clinicanova-dev/public/index.php(29): Laravel\\Lumen\\Application->run()
#30 {main}
"} 
[2023-11-08 15:59:06] local.ERROR: Trying to get property 'id' of non-object {"exception":"[object] (ErrorException(code: 0): Trying to get property 'id' of non-object at /home/simdoctorcombr/public_html/api.clinicanova-dev/app/Services/Clinicas/PacienteService.php:1106)
[stacktrace]
#0 /home/simdoctorcombr/public_html/api.clinicanova-dev/app/Services/Clinicas/PacienteService.php(1106): Laravel\\Lumen\\Application->Laravel\\Lumen\\Concerns\\{closure}(8, 'Trying to get p...', '/home/simdoctor...', 1106, Array)
#1 /home/simdoctorcombr/public_html/api.clinicanova-dev/app/Http/Controllers/ApiClinicas/Paciente/PacienteController.php(636): App\\Services\\Clinicas\\PacienteService->verificarCodigo('3580', '431186', Array)
#2 /home/simdoctorcombr/public_html/api.clinicanova-dev/vendor/illuminate/container/BoundMethod.php(36): App\\Http\\Controllers\\ApiClinicas\\Paciente\\PacienteController->verificarCodigo(Object(Laravel\\Lumen\\Http\\Request), '431186')
#3 /home/simdoctorcombr/public_html/api.clinicanova-dev/vendor/illuminate/container/Util.php(40): Illuminate\\Container\\BoundMethod::Illuminate\\Container\\{closure}()
#4 /home/simdoctorcombr/public_html/api.clinicanova-dev/vendor/illuminate/container/BoundMethod.php(93): Illuminate\\Container\\Util::unwrapIfClosure(Object(Closure))
#5 /home/simdoctorcombr/public_html/api.clinicanova-dev/vendor/illuminate/container/BoundMethod.php(37): Illuminate\\Container\\BoundMethod::callBoundMethod(Object(Laravel\\Lumen\\Application), Array, Object(Closure))
#6 /home/simdoctorcombr/public_html/api.clinicanova-dev/vendor/illuminate/container/Container.php(611): Illuminate\\Container\\BoundMethod::call(Object(Laravel\\Lumen\\Application), Array, Array, NULL)
#7 /home/simdoctorcombr/public_html/api.clinicanova-dev/vendor/laravel/lumen-framework/src/Concerns/RoutesRequests.php(386): Illuminate\\Container\\Container->call(Array, Array)
#8 /home/simdoctorcombr/public_html/api.clinicanova-dev/vendor/laravel/lumen-framework/src/Concerns/RoutesRequests.php(352): Laravel\\Lumen\\Application->callControllerCallable(Array, Array)
#9 /home/simdoctorcombr/public_html/api.clinicanova-dev/vendor/laravel/lumen-framework/src/Concerns/RoutesRequests.php(326): Laravel\\Lumen\\Application->callLumenController(Object(App\\Http\\Controllers\\ApiClinicas\\Paciente\\PacienteController), 'verificarCodigo', Array)
#10 /home/simdoctorcombr/public_html/api.clinicanova-dev/vendor/laravel/lumen-framework/src/Concerns/RoutesRequests.php(279): Laravel\\Lumen\\Application->callControllerAction(Array)
#11 /home/simdoctorcombr/public_html/api.clinicanova-dev/vendor/laravel/lumen-framework/src/Concerns/RoutesRequests.php(259): Laravel\\Lumen\\Application->callActionOnArrayBasedRoute(Array)
#12 /home/simdoctorcombr/public_html/api.clinicanova-dev/vendor/laravel/lumen-framework/src/Routing/Pipeline.php(48): Laravel\\Lumen\\Application->Laravel\\Lumen\\Concerns\\{closure}(Object(Laravel\\Lumen\\Http\\Request))
#13 /home/simdoctorcombr/public_html/api.clinicanova-dev/app/Http/Middleware/Authenticate.php(62): Laravel\\Lumen\\Routing\\Pipeline->Laravel\\Lumen\\Routing\\{closure}(Object(Laravel\\Lumen\\Http\\Request))
#14 /home/simdoctorcombr/public_html/api.clinicanova-dev/vendor/illuminate/pipeline/Pipeline.php(167): App\\Http\\Middleware\\Authenticate->handle(Object(Laravel\\Lumen\\Http\\Request), Object(Closure), 'clinicas_pacien...')
#15 /home/simdoctorcombr/public_html/api.clinicanova-dev/vendor/laravel/lumen-framework/src/Routing/Pipeline.php(30): Illuminate\\Pipeline\\Pipeline->Illuminate\\Pipeline\\{closure}(Object(Laravel\\Lumen\\Http\\Request))
#16 /home/simdoctorcombr/public_html/api.clinicanova-dev/vendor/illuminate/pipeline/Pipeline.php(103): Laravel\\Lumen\\Routing\\Pipeline->Laravel\\Lumen\\Routing\\{closure}(Object(Laravel\\Lumen\\Http\\Request))
#17 /home/simdoctorcombr/public_html/api.clinicanova-dev/vendor/laravel/lumen-framework/src/Concerns/RoutesRequests.php(423): Illuminate\\Pipeline\\Pipeline->then(Object(Closure))
#18 /home/simdoctorcombr/public_html/api.clinicanova-dev/vendor/laravel/lumen-framework/src/Concerns/RoutesRequests.php(260): Laravel\\Lumen\\Application->sendThroughPipeline(Array, Object(Closure))
#19 /home/simdoctorcombr/public_html/api.clinicanova-dev/vendor/laravel/lumen-framework/src/Concerns/RoutesRequests.php(234): Laravel\\Lumen\\Application->handleFoundRoute(Array)
#20 /home/simdoctorcombr/public_html/api.clinicanova-dev/vendor/laravel/lumen-framework/src/Concerns/RoutesRequests.php(170): Laravel\\Lumen\\Application->handleDispatcherResponse(Array)
#21 /home/simdoctorcombr/public_html/api.clinicanova-dev/vendor/laravel/lumen-framework/src/Routing/Pipeline.php(48): Laravel\\Lumen\\Application->Laravel\\Lumen\\Concerns\\{closure}(Object(Laravel\\Lumen\\Http\\Request))
#22 /home/simdoctorcombr/public_html/api.clinicanova-dev/app/Http/Middleware/CorsMiddleware.php(34): Laravel\\Lumen\\Routing\\Pipeline->Laravel\\Lumen\\Routing\\{closure}(Object(Laravel\\Lumen\\Http\\Request))
#23 /home/simdoctorcombr/public_html/api.clinicanova-dev/vendor/illuminate/pipeline/Pipeline.php(167): App\\Http\\Middleware\\CorsMiddleware->handle(Object(Laravel\\Lumen\\Http\\Request), Object(Closure))
#24 /home/simdoctorcombr/public_html/api.clinicanova-dev/vendor/laravel/lumen-framework/src/Routing/Pipeline.php(30): Illuminate\\Pipeline\\Pipeline->Illuminate\\Pipeline\\{closure}(Object(Laravel\\Lumen\\Http\\Request))
#25 /home/simdoctorcombr/public_html/api.clinicanova-dev/vendor/illuminate/pipeline/Pipeline.php(103): Laravel\\Lumen\\Routing\\Pipeline->Laravel\\Lumen\\Routing\\{closure}(Object(Laravel\\Lumen\\Http\\Request))
#26 /home/simdoctorcombr/public_html/api.clinicanova-dev/vendor/laravel/lumen-framework/src/Concerns/RoutesRequests.php(423): Illuminate\\Pipeline\\Pipeline->then(Object(Closure))
#27 /home/simdoctorcombr/public_html/api.clinicanova-dev/vendor/laravel/lumen-framework/src/Concerns/RoutesRequests.php(172): Laravel\\Lumen\\Application->sendThroughPipeline(Array, Object(Closure))
#28 /home/simdoctorcombr/public_html/api.clinicanova-dev/vendor/laravel/lumen-framework/src/Concerns/RoutesRequests.php(109): Laravel\\Lumen\\Application->dispatch(NULL)
#29 /home/simdoctorcombr/public_html/api.clinicanova-dev/public/index.php(29): Laravel\\Lumen\\Application->run()
#30 {main}
"} 
[2023-11-08 16:00:42] local.ERROR: addslashes() expects parameter 1 to be string, array given {"exception":"[object] (ErrorException(code: 0): addslashes() expects parameter 1 to be string, array given at /home/simdoctorcombr/public_html/api.clinicanova-dev/app/Repositories/BaseRepository.php:115)
[stacktrace]
#0 [internal function]: Laravel\\Lumen\\Application->Laravel\\Lumen\\Concerns\\{closure}(2, 'addslashes() ex...', '/home/simdoctor...', 115, Array)
#1 /home/simdoctorcombr/public_html/api.clinicanova-dev/app/Repositories/BaseRepository.php(115): addslashes(Array)
#2 /home/simdoctorcombr/public_html/api.clinicanova-dev/app/Repositories/Clinicas/PlanoAprovacoesRepository.php(82): App\\Repositories\\BaseRepository->updateDB('plano_aprovacoe...', Array, ' identificador ...', NULL, 'clinicas')
#3 /home/simdoctorcombr/public_html/api.clinicanova-dev/app/Services/Clinicas/PacienteService.php(1106): App\\Repositories\\Clinicas\\PlanoAprovacoesRepository->alterarAprovacao('3580', 194, 1)
#4 /home/simdoctorcombr/public_html/api.clinicanova-dev/app/Http/Controllers/ApiClinicas/Paciente/PacienteController.php(636): App\\Services\\Clinicas\\PacienteService->verificarCodigo('3580', '431186', Array)
#5 /home/simdoctorcombr/public_html/api.clinicanova-dev/vendor/illuminate/container/BoundMethod.php(36): App\\Http\\Controllers\\ApiClinicas\\Paciente\\PacienteController->verificarCodigo(Object(Laravel\\Lumen\\Http\\Request), '431186')
#6 /home/simdoctorcombr/public_html/api.clinicanova-dev/vendor/illuminate/container/Util.php(40): Illuminate\\Container\\BoundMethod::Illuminate\\Container\\{closure}()
#7 /home/simdoctorcombr/public_html/api.clinicanova-dev/vendor/illuminate/container/BoundMethod.php(93): Illuminate\\Container\\Util::unwrapIfClosure(Object(Closure))
#8 /home/simdoctorcombr/public_html/api.clinicanova-dev/vendor/illuminate/container/BoundMethod.php(37): Illuminate\\Container\\BoundMethod::callBoundMethod(Object(Laravel\\Lumen\\Application), Array, Object(Closure))
#9 /home/simdoctorcombr/public_html/api.clinicanova-dev/vendor/illuminate/container/Container.php(611): Illuminate\\Container\\BoundMethod::call(Object(Laravel\\Lumen\\Application), Array, Array, NULL)
#10 /home/simdoctorcombr/public_html/api.clinicanova-dev/vendor/laravel/lumen-framework/src/Concerns/RoutesRequests.php(386): Illuminate\\Container\\Container->call(Array, Array)
#11 /home/simdoctorcombr/public_html/api.clinicanova-dev/vendor/laravel/lumen-framework/src/Concerns/RoutesRequests.php(352): Laravel\\Lumen\\Application->callControllerCallable(Array, Array)
#12 /home/simdoctorcombr/public_html/api.clinicanova-dev/vendor/laravel/lumen-framework/src/Concerns/RoutesRequests.php(326): Laravel\\Lumen\\Application->callLumenController(Object(App\\Http\\Controllers\\ApiClinicas\\Paciente\\PacienteController), 'verificarCodigo', Array)
#13 /home/simdoctorcombr/public_html/api.clinicanova-dev/vendor/laravel/lumen-framework/src/Concerns/RoutesRequests.php(279): Laravel\\Lumen\\Application->callControllerAction(Array)
#14 /home/simdoctorcombr/public_html/api.clinicanova-dev/vendor/laravel/lumen-framework/src/Concerns/RoutesRequests.php(259): Laravel\\Lumen\\Application->callActionOnArrayBasedRoute(Array)
#15 /home/simdoctorcombr/public_html/api.clinicanova-dev/vendor/laravel/lumen-framework/src/Routing/Pipeline.php(48): Laravel\\Lumen\\Application->Laravel\\Lumen\\Concerns\\{closure}(Object(Laravel\\Lumen\\Http\\Request))
#16 /home/simdoctorcombr/public_html/api.clinicanova-dev/app/Http/Middleware/Authenticate.php(62): Laravel\\Lumen\\Routing\\Pipeline->Laravel\\Lumen\\Routing\\{closure}(Object(Laravel\\Lumen\\Http\\Request))
#17 /home/simdoctorcombr/public_html/api.clinicanova-dev/vendor/illuminate/pipeline/Pipeline.php(167): App\\Http\\Middleware\\Authenticate->handle(Object(Laravel\\Lumen\\Http\\Request), Object(Closure), 'clinicas_pacien...')
#18 /home/simdoctorcombr/public_html/api.clinicanova-dev/vendor/laravel/lumen-framework/src/Routing/Pipeline.php(30): Illuminate\\Pipeline\\Pipeline->Illuminate\\Pipeline\\{closure}(Object(Laravel\\Lumen\\Http\\Request))
#19 /home/simdoctorcombr/public_html/api.clinicanova-dev/vendor/illuminate/pipeline/Pipeline.php(103): Laravel\\Lumen\\Routing\\Pipeline->Laravel\\Lumen\\Routing\\{closure}(Object(Laravel\\Lumen\\Http\\Request))
#20 /home/simdoctorcombr/public_html/api.clinicanova-dev/vendor/laravel/lumen-framework/src/Concerns/RoutesRequests.php(423): Illuminate\\Pipeline\\Pipeline->then(Object(Closure))
#21 /home/simdoctorcombr/public_html/api.clinicanova-dev/vendor/laravel/lumen-framework/src/Concerns/RoutesRequests.php(260): Laravel\\Lumen\\Application->sendThroughPipeline(Array, Object(Closure))
#22 /home/simdoctorcombr/public_html/api.clinicanova-dev/vendor/laravel/lumen-framework/src/Concerns/RoutesRequests.php(234): Laravel\\Lumen\\Application->handleFoundRoute(Array)
#23 /home/simdoctorcombr/public_html/api.clinicanova-dev/vendor/laravel/lumen-framework/src/Concerns/RoutesRequests.php(170): Laravel\\Lumen\\Application->handleDispatcherResponse(Array)
#24 /home/simdoctorcombr/public_html/api.clinicanova-dev/vendor/laravel/lumen-framework/src/Routing/Pipeline.php(48): Laravel\\Lumen\\Application->Laravel\\Lumen\\Concerns\\{closure}(Object(Laravel\\Lumen\\Http\\Request))
#25 /home/simdoctorcombr/public_html/api.clinicanova-dev/app/Http/Middleware/CorsMiddleware.php(34): Laravel\\Lumen\\Routing\\Pipeline->Laravel\\Lumen\\Routing\\{closure}(Object(Laravel\\Lumen\\Http\\Request))
#26 /home/simdoctorcombr/public_html/api.clinicanova-dev/vendor/illuminate/pipeline/Pipeline.php(167): App\\Http\\Middleware\\CorsMiddleware->handle(Object(Laravel\\Lumen\\Http\\Request), Object(Closure))
#27 /home/simdoctorcombr/public_html/api.clinicanova-dev/vendor/laravel/lumen-framework/src/Routing/Pipeline.php(30): Illuminate\\Pipeline\\Pipeline->Illuminate\\Pipeline\\{closure}(Object(Laravel\\Lumen\\Http\\Request))
#28 /home/simdoctorcombr/public_html/api.clinicanova-dev/vendor/illuminate/pipeline/Pipeline.php(103): Laravel\\Lumen\\Routing\\Pipeline->Laravel\\Lumen\\Routing\\{closure}(Object(Laravel\\Lumen\\Http\\Request))
#29 /home/simdoctorcombr/public_html/api.clinicanova-dev/vendor/laravel/lumen-framework/src/Concerns/RoutesRequests.php(423): Illuminate\\Pipeline\\Pipeline->then(Object(Closure))
#30 /home/simdoctorcombr/public_html/api.clinicanova-dev/vendor/laravel/lumen-framework/src/Concerns/RoutesRequests.php(172): Laravel\\Lumen\\Application->sendThroughPipeline(Array, Object(Closure))
#31 /home/simdoctorcombr/public_html/api.clinicanova-dev/vendor/laravel/lumen-framework/src/Concerns/RoutesRequests.php(109): Laravel\\Lumen\\Application->dispatch(NULL)
#32 /home/simdoctorcombr/public_html/api.clinicanova-dev/public/index.php(29): Laravel\\Lumen\\Application->run()
#33 {main}
"} 
