[2024-01-05 09:01:23] local.ERROR: Call to undefined method App\Services\AsaasAPI\Api\AsaasApiCobrancasItem::getSplit() {"exception":"[object] (Error(code: 0): Call to undefined method App\\Services\\AsaasAPI\\Api\\AsaasApiCobrancasItem::getSplit() at /home/simdoctorcombr/public_html/api.clinicanova-dev/app/Services/AsaasAPI/Api/AsaasApiCobrancas.php:83)
[stacktrace]
#0 /home/simdoctorcombr/public_html/api.clinicanova-dev/app/Services/Clinicas/Financeiro/GatewayPagamentos/Asaas/CobrancaAsaasService.php(222): App\\Services\\AsaasAPI\\Api\\AsaasApiCobrancas->insertUpdateCobranca(Object(App\\Services\\AsaasAPI\\Api\\AsaasApiCobrancasItem))
#1 /home/simdoctorcombr/public_html/api.clinicanova-dev/app/Services/Clinicas/ConsultaService.php(905): App\\Services\\Clinicas\\Financeiro\\GatewayPagamentos\\Asaas\\CobrancaAsaasService->createCobrancaConsulta('3580', '1198831', Object(stdClass), Object(stdClass))
#2 /home/simdoctorcombr/public_html/api.clinicanova-dev/app/Http/Controllers/ApiClinicas/ConsultaController.php(123): App\\Services\\Clinicas\\ConsultaService->store('3580', Array, Array)
#3 /home/simdoctorcombr/public_html/api.clinicanova-dev/vendor/illuminate/container/BoundMethod.php(36): App\\Http\\Controllers\\ApiClinicas\\ConsultaController->store(Object(Laravel\\Lumen\\Http\\Request))
#4 /home/simdoctorcombr/public_html/api.clinicanova-dev/vendor/illuminate/container/Util.php(40): Illuminate\\Container\\BoundMethod::Illuminate\\Container\\{closure}()
#5 /home/simdoctorcombr/public_html/api.clinicanova-dev/vendor/illuminate/container/BoundMethod.php(93): Illuminate\\Container\\Util::unwrapIfClosure(Object(Closure))
#6 /home/simdoctorcombr/public_html/api.clinicanova-dev/vendor/illuminate/container/BoundMethod.php(37): Illuminate\\Container\\BoundMethod::callBoundMethod(Object(Laravel\\Lumen\\Application), Array, Object(Closure))
#7 /home/simdoctorcombr/public_html/api.clinicanova-dev/vendor/illuminate/container/Container.php(611): Illuminate\\Container\\BoundMethod::call(Object(Laravel\\Lumen\\Application), Array, Array, NULL)
#8 /home/simdoctorcombr/public_html/api.clinicanova-dev/vendor/laravel/lumen-framework/src/Concerns/RoutesRequests.php(386): Illuminate\\Container\\Container->call(Array, Array)
#9 /home/simdoctorcombr/public_html/api.clinicanova-dev/vendor/laravel/lumen-framework/src/Concerns/RoutesRequests.php(352): Laravel\\Lumen\\Application->callControllerCallable(Array, Array)
#10 /home/simdoctorcombr/public_html/api.clinicanova-dev/vendor/laravel/lumen-framework/src/Concerns/RoutesRequests.php(326): Laravel\\Lumen\\Application->callLumenController(Object(App\\Http\\Controllers\\ApiClinicas\\ConsultaController), 'store', Array)
#11 /home/simdoctorcombr/public_html/api.clinicanova-dev/vendor/laravel/lumen-framework/src/Concerns/RoutesRequests.php(279): Laravel\\Lumen\\Application->callControllerAction(Array)
#12 /home/simdoctorcombr/public_html/api.clinicanova-dev/vendor/laravel/lumen-framework/src/Concerns/RoutesRequests.php(259): Laravel\\Lumen\\Application->callActionOnArrayBasedRoute(Array)
#13 /home/simdoctorcombr/public_html/api.clinicanova-dev/vendor/laravel/lumen-framework/src/Routing/Pipeline.php(48): Laravel\\Lumen\\Application->Laravel\\Lumen\\Concerns\\{closure}(Object(Laravel\\Lumen\\Http\\Request))
#14 /home/simdoctorcombr/public_html/api.clinicanova-dev/app/Http/Middleware/Authenticate.php(62): Laravel\\Lumen\\Routing\\Pipeline->Laravel\\Lumen\\Routing\\{closure}(Object(Laravel\\Lumen\\Http\\Request))
#15 /home/simdoctorcombr/public_html/api.clinicanova-dev/vendor/illuminate/pipeline/Pipeline.php(167): App\\Http\\Middleware\\Authenticate->handle(Object(Laravel\\Lumen\\Http\\Request), Object(Closure), 'interno_api')
#16 /home/simdoctorcombr/public_html/api.clinicanova-dev/vendor/laravel/lumen-framework/src/Routing/Pipeline.php(30): Illuminate\\Pipeline\\Pipeline->Illuminate\\Pipeline\\{closure}(Object(Laravel\\Lumen\\Http\\Request))
#17 /home/simdoctorcombr/public_html/api.clinicanova-dev/vendor/illuminate/pipeline/Pipeline.php(103): Laravel\\Lumen\\Routing\\Pipeline->Laravel\\Lumen\\Routing\\{closure}(Object(Laravel\\Lumen\\Http\\Request))
#18 /home/simdoctorcombr/public_html/api.clinicanova-dev/vendor/laravel/lumen-framework/src/Concerns/RoutesRequests.php(423): Illuminate\\Pipeline\\Pipeline->then(Object(Closure))
#19 /home/simdoctorcombr/public_html/api.clinicanova-dev/vendor/laravel/lumen-framework/src/Concerns/RoutesRequests.php(260): Laravel\\Lumen\\Application->sendThroughPipeline(Array, Object(Closure))
#20 /home/simdoctorcombr/public_html/api.clinicanova-dev/vendor/laravel/lumen-framework/src/Concerns/RoutesRequests.php(166): Laravel\\Lumen\\Application->handleFoundRoute(Array)
#21 /home/simdoctorcombr/public_html/api.clinicanova-dev/vendor/laravel/lumen-framework/src/Routing/Pipeline.php(48): Laravel\\Lumen\\Application->Laravel\\Lumen\\Concerns\\{closure}(Object(Laravel\\Lumen\\Http\\Request))
#22 /home/simdoctorcombr/public_html/api.clinicanova-dev/app/Http/Middleware/CorsMiddleware.php(33): Laravel\\Lumen\\Routing\\Pipeline->Laravel\\Lumen\\Routing\\{closure}(Object(Laravel\\Lumen\\Http\\Request))
#23 /home/simdoctorcombr/public_html/api.clinicanova-dev/vendor/illuminate/pipeline/Pipeline.php(167): App\\Http\\Middleware\\CorsMiddleware->handle(Object(Laravel\\Lumen\\Http\\Request), Object(Closure))
#24 /home/simdoctorcombr/public_html/api.clinicanova-dev/vendor/laravel/lumen-framework/src/Routing/Pipeline.php(30): Illuminate\\Pipeline\\Pipeline->Illuminate\\Pipeline\\{closure}(Object(Laravel\\Lumen\\Http\\Request))
#25 /home/simdoctorcombr/public_html/api.clinicanova-dev/vendor/illuminate/pipeline/Pipeline.php(103): Laravel\\Lumen\\Routing\\Pipeline->Laravel\\Lumen\\Routing\\{closure}(Object(Laravel\\Lumen\\Http\\Request))
#26 /home/simdoctorcombr/public_html/api.clinicanova-dev/vendor/laravel/lumen-framework/src/Concerns/RoutesRequests.php(423): Illuminate\\Pipeline\\Pipeline->then(Object(Closure))
#27 /home/simdoctorcombr/public_html/api.clinicanova-dev/vendor/laravel/lumen-framework/src/Concerns/RoutesRequests.php(172): Laravel\\Lumen\\Application->sendThroughPipeline(Array, Object(Closure))
#28 /home/simdoctorcombr/public_html/api.clinicanova-dev/vendor/laravel/lumen-framework/src/Concerns/RoutesRequests.php(109): Laravel\\Lumen\\Application->dispatch(NULL)
#29 /home/simdoctorcombr/public_html/api.clinicanova-dev/public/index.php(29): Laravel\\Lumen\\Application->run()
#30 {main}
"} 
[2024-01-05 09:20:56] local.ERROR: Undefined property: stdClass::$tipoValorSplit {"exception":"[object] (ErrorException(code: 0): Undefined property: stdClass::$tipoValorSplit at /home/simdoctorcombr/public_html/api.clinicanova-dev/app/Services/Clinicas/Financeiro/GatewayPagamentos/Asaas/CobrancaAsaasService.php:215)
[stacktrace]
#0 /home/simdoctorcombr/public_html/api.clinicanova-dev/app/Services/Clinicas/Financeiro/GatewayPagamentos/Asaas/CobrancaAsaasService.php(215): Laravel\\Lumen\\Application->Laravel\\Lumen\\Concerns\\{closure}(8, 'Undefined prope...', '/home/simdoctor...', 215, Array)
#1 /home/simdoctorcombr/public_html/api.clinicanova-dev/app/Services/Clinicas/ConsultaService.php(905): App\\Services\\Clinicas\\Financeiro\\GatewayPagamentos\\Asaas\\CobrancaAsaasService->createCobrancaConsulta('3580', '1198840', Object(stdClass), Object(stdClass))
#2 /home/simdoctorcombr/public_html/api.clinicanova-dev/app/Http/Controllers/ApiClinicas/ConsultaController.php(123): App\\Services\\Clinicas\\ConsultaService->store('3580', Array, Array)
#3 /home/simdoctorcombr/public_html/api.clinicanova-dev/vendor/illuminate/container/BoundMethod.php(36): App\\Http\\Controllers\\ApiClinicas\\ConsultaController->store(Object(Laravel\\Lumen\\Http\\Request))
#4 /home/simdoctorcombr/public_html/api.clinicanova-dev/vendor/illuminate/container/Util.php(40): Illuminate\\Container\\BoundMethod::Illuminate\\Container\\{closure}()
#5 /home/simdoctorcombr/public_html/api.clinicanova-dev/vendor/illuminate/container/BoundMethod.php(93): Illuminate\\Container\\Util::unwrapIfClosure(Object(Closure))
#6 /home/simdoctorcombr/public_html/api.clinicanova-dev/vendor/illuminate/container/BoundMethod.php(37): Illuminate\\Container\\BoundMethod::callBoundMethod(Object(Laravel\\Lumen\\Application), Array, Object(Closure))
#7 /home/simdoctorcombr/public_html/api.clinicanova-dev/vendor/illuminate/container/Container.php(611): Illuminate\\Container\\BoundMethod::call(Object(Laravel\\Lumen\\Application), Array, Array, NULL)
#8 /home/simdoctorcombr/public_html/api.clinicanova-dev/vendor/laravel/lumen-framework/src/Concerns/RoutesRequests.php(386): Illuminate\\Container\\Container->call(Array, Array)
#9 /home/simdoctorcombr/public_html/api.clinicanova-dev/vendor/laravel/lumen-framework/src/Concerns/RoutesRequests.php(352): Laravel\\Lumen\\Application->callControllerCallable(Array, Array)
#10 /home/simdoctorcombr/public_html/api.clinicanova-dev/vendor/laravel/lumen-framework/src/Concerns/RoutesRequests.php(326): Laravel\\Lumen\\Application->callLumenController(Object(App\\Http\\Controllers\\ApiClinicas\\ConsultaController), 'store', Array)
#11 /home/simdoctorcombr/public_html/api.clinicanova-dev/vendor/laravel/lumen-framework/src/Concerns/RoutesRequests.php(279): Laravel\\Lumen\\Application->callControllerAction(Array)
#12 /home/simdoctorcombr/public_html/api.clinicanova-dev/vendor/laravel/lumen-framework/src/Concerns/RoutesRequests.php(259): Laravel\\Lumen\\Application->callActionOnArrayBasedRoute(Array)
#13 /home/simdoctorcombr/public_html/api.clinicanova-dev/vendor/laravel/lumen-framework/src/Routing/Pipeline.php(48): Laravel\\Lumen\\Application->Laravel\\Lumen\\Concerns\\{closure}(Object(Laravel\\Lumen\\Http\\Request))
#14 /home/simdoctorcombr/public_html/api.clinicanova-dev/app/Http/Middleware/Authenticate.php(62): Laravel\\Lumen\\Routing\\Pipeline->Laravel\\Lumen\\Routing\\{closure}(Object(Laravel\\Lumen\\Http\\Request))
#15 /home/simdoctorcombr/public_html/api.clinicanova-dev/vendor/illuminate/pipeline/Pipeline.php(167): App\\Http\\Middleware\\Authenticate->handle(Object(Laravel\\Lumen\\Http\\Request), Object(Closure), 'interno_api')
#16 /home/simdoctorcombr/public_html/api.clinicanova-dev/vendor/laravel/lumen-framework/src/Routing/Pipeline.php(30): Illuminate\\Pipeline\\Pipeline->Illuminate\\Pipeline\\{closure}(Object(Laravel\\Lumen\\Http\\Request))
#17 /home/simdoctorcombr/public_html/api.clinicanova-dev/vendor/illuminate/pipeline/Pipeline.php(103): Laravel\\Lumen\\Routing\\Pipeline->Laravel\\Lumen\\Routing\\{closure}(Object(Laravel\\Lumen\\Http\\Request))
#18 /home/simdoctorcombr/public_html/api.clinicanova-dev/vendor/laravel/lumen-framework/src/Concerns/RoutesRequests.php(423): Illuminate\\Pipeline\\Pipeline->then(Object(Closure))
#19 /home/simdoctorcombr/public_html/api.clinicanova-dev/vendor/laravel/lumen-framework/src/Concerns/RoutesRequests.php(260): Laravel\\Lumen\\Application->sendThroughPipeline(Array, Object(Closure))
#20 /home/simdoctorcombr/public_html/api.clinicanova-dev/vendor/laravel/lumen-framework/src/Concerns/RoutesRequests.php(166): Laravel\\Lumen\\Application->handleFoundRoute(Array)
#21 /home/simdoctorcombr/public_html/api.clinicanova-dev/vendor/laravel/lumen-framework/src/Routing/Pipeline.php(48): Laravel\\Lumen\\Application->Laravel\\Lumen\\Concerns\\{closure}(Object(Laravel\\Lumen\\Http\\Request))
#22 /home/simdoctorcombr/public_html/api.clinicanova-dev/app/Http/Middleware/CorsMiddleware.php(33): Laravel\\Lumen\\Routing\\Pipeline->Laravel\\Lumen\\Routing\\{closure}(Object(Laravel\\Lumen\\Http\\Request))
#23 /home/simdoctorcombr/public_html/api.clinicanova-dev/vendor/illuminate/pipeline/Pipeline.php(167): App\\Http\\Middleware\\CorsMiddleware->handle(Object(Laravel\\Lumen\\Http\\Request), Object(Closure))
#24 /home/simdoctorcombr/public_html/api.clinicanova-dev/vendor/laravel/lumen-framework/src/Routing/Pipeline.php(30): Illuminate\\Pipeline\\Pipeline->Illuminate\\Pipeline\\{closure}(Object(Laravel\\Lumen\\Http\\Request))
#25 /home/simdoctorcombr/public_html/api.clinicanova-dev/vendor/illuminate/pipeline/Pipeline.php(103): Laravel\\Lumen\\Routing\\Pipeline->Laravel\\Lumen\\Routing\\{closure}(Object(Laravel\\Lumen\\Http\\Request))
#26 /home/simdoctorcombr/public_html/api.clinicanova-dev/vendor/laravel/lumen-framework/src/Concerns/RoutesRequests.php(423): Illuminate\\Pipeline\\Pipeline->then(Object(Closure))
#27 /home/simdoctorcombr/public_html/api.clinicanova-dev/vendor/laravel/lumen-framework/src/Concerns/RoutesRequests.php(172): Laravel\\Lumen\\Application->sendThroughPipeline(Array, Object(Closure))
#28 /home/simdoctorcombr/public_html/api.clinicanova-dev/vendor/laravel/lumen-framework/src/Concerns/RoutesRequests.php(109): Laravel\\Lumen\\Application->dispatch(NULL)
#29 /home/simdoctorcombr/public_html/api.clinicanova-dev/public/index.php(29): Laravel\\Lumen\\Application->run()
#30 {main}
"} 
[2024-01-05 11:31:45] local.ERROR: Undefined variable: PacientesAssasPagamentos {"exception":"[object] (ErrorException(code: 0): Undefined variable: PacientesAssasPagamentos at /home/simdoctorcombr/public_html/api.clinicanova-dev/app/Services/Clinicas/Financeiro/GatewayPagamentos/Asaas/CobrancaAsaasService.php:239)
[stacktrace]
#0 /home/simdoctorcombr/public_html/api.clinicanova-dev/app/Services/Clinicas/Financeiro/GatewayPagamentos/Asaas/CobrancaAsaasService.php(239): Laravel\\Lumen\\Application->Laravel\\Lumen\\Concerns\\{closure}(8, 'Undefined varia...', '/home/simdoctor...', 239, Array)
#1 /home/simdoctorcombr/public_html/api.clinicanova-dev/app/Services/Clinicas/ConsultaService.php(905): App\\Services\\Clinicas\\Financeiro\\GatewayPagamentos\\Asaas\\CobrancaAsaasService->createCobrancaConsulta('3580', '1198958', Object(stdClass), Object(stdClass))
#2 /home/simdoctorcombr/public_html/api.clinicanova-dev/app/Http/Controllers/ApiClinicas/ConsultaController.php(123): App\\Services\\Clinicas\\ConsultaService->store('3580', Array, Array)
#3 /home/simdoctorcombr/public_html/api.clinicanova-dev/vendor/illuminate/container/BoundMethod.php(36): App\\Http\\Controllers\\ApiClinicas\\ConsultaController->store(Object(Laravel\\Lumen\\Http\\Request))
#4 /home/simdoctorcombr/public_html/api.clinicanova-dev/vendor/illuminate/container/Util.php(40): Illuminate\\Container\\BoundMethod::Illuminate\\Container\\{closure}()
#5 /home/simdoctorcombr/public_html/api.clinicanova-dev/vendor/illuminate/container/BoundMethod.php(93): Illuminate\\Container\\Util::unwrapIfClosure(Object(Closure))
#6 /home/simdoctorcombr/public_html/api.clinicanova-dev/vendor/illuminate/container/BoundMethod.php(37): Illuminate\\Container\\BoundMethod::callBoundMethod(Object(Laravel\\Lumen\\Application), Array, Object(Closure))
#7 /home/simdoctorcombr/public_html/api.clinicanova-dev/vendor/illuminate/container/Container.php(611): Illuminate\\Container\\BoundMethod::call(Object(Laravel\\Lumen\\Application), Array, Array, NULL)
#8 /home/simdoctorcombr/public_html/api.clinicanova-dev/vendor/laravel/lumen-framework/src/Concerns/RoutesRequests.php(386): Illuminate\\Container\\Container->call(Array, Array)
#9 /home/simdoctorcombr/public_html/api.clinicanova-dev/vendor/laravel/lumen-framework/src/Concerns/RoutesRequests.php(352): Laravel\\Lumen\\Application->callControllerCallable(Array, Array)
#10 /home/simdoctorcombr/public_html/api.clinicanova-dev/vendor/laravel/lumen-framework/src/Concerns/RoutesRequests.php(326): Laravel\\Lumen\\Application->callLumenController(Object(App\\Http\\Controllers\\ApiClinicas\\ConsultaController), 'store', Array)
#11 /home/simdoctorcombr/public_html/api.clinicanova-dev/vendor/laravel/lumen-framework/src/Concerns/RoutesRequests.php(279): Laravel\\Lumen\\Application->callControllerAction(Array)
#12 /home/simdoctorcombr/public_html/api.clinicanova-dev/vendor/laravel/lumen-framework/src/Concerns/RoutesRequests.php(259): Laravel\\Lumen\\Application->callActionOnArrayBasedRoute(Array)
#13 /home/simdoctorcombr/public_html/api.clinicanova-dev/vendor/laravel/lumen-framework/src/Routing/Pipeline.php(48): Laravel\\Lumen\\Application->Laravel\\Lumen\\Concerns\\{closure}(Object(Laravel\\Lumen\\Http\\Request))
#14 /home/simdoctorcombr/public_html/api.clinicanova-dev/app/Http/Middleware/Authenticate.php(62): Laravel\\Lumen\\Routing\\Pipeline->Laravel\\Lumen\\Routing\\{closure}(Object(Laravel\\Lumen\\Http\\Request))
#15 /home/simdoctorcombr/public_html/api.clinicanova-dev/vendor/illuminate/pipeline/Pipeline.php(167): App\\Http\\Middleware\\Authenticate->handle(Object(Laravel\\Lumen\\Http\\Request), Object(Closure), 'interno_api')
#16 /home/simdoctorcombr/public_html/api.clinicanova-dev/vendor/laravel/lumen-framework/src/Routing/Pipeline.php(30): Illuminate\\Pipeline\\Pipeline->Illuminate\\Pipeline\\{closure}(Object(Laravel\\Lumen\\Http\\Request))
#17 /home/simdoctorcombr/public_html/api.clinicanova-dev/vendor/illuminate/pipeline/Pipeline.php(103): Laravel\\Lumen\\Routing\\Pipeline->Laravel\\Lumen\\Routing\\{closure}(Object(Laravel\\Lumen\\Http\\Request))
#18 /home/simdoctorcombr/public_html/api.clinicanova-dev/vendor/laravel/lumen-framework/src/Concerns/RoutesRequests.php(423): Illuminate\\Pipeline\\Pipeline->then(Object(Closure))
#19 /home/simdoctorcombr/public_html/api.clinicanova-dev/vendor/laravel/lumen-framework/src/Concerns/RoutesRequests.php(260): Laravel\\Lumen\\Application->sendThroughPipeline(Array, Object(Closure))
#20 /home/simdoctorcombr/public_html/api.clinicanova-dev/vendor/laravel/lumen-framework/src/Concerns/RoutesRequests.php(166): Laravel\\Lumen\\Application->handleFoundRoute(Array)
#21 /home/simdoctorcombr/public_html/api.clinicanova-dev/vendor/laravel/lumen-framework/src/Routing/Pipeline.php(48): Laravel\\Lumen\\Application->Laravel\\Lumen\\Concerns\\{closure}(Object(Laravel\\Lumen\\Http\\Request))
#22 /home/simdoctorcombr/public_html/api.clinicanova-dev/app/Http/Middleware/CorsMiddleware.php(33): Laravel\\Lumen\\Routing\\Pipeline->Laravel\\Lumen\\Routing\\{closure}(Object(Laravel\\Lumen\\Http\\Request))
#23 /home/simdoctorcombr/public_html/api.clinicanova-dev/vendor/illuminate/pipeline/Pipeline.php(167): App\\Http\\Middleware\\CorsMiddleware->handle(Object(Laravel\\Lumen\\Http\\Request), Object(Closure))
#24 /home/simdoctorcombr/public_html/api.clinicanova-dev/vendor/laravel/lumen-framework/src/Routing/Pipeline.php(30): Illuminate\\Pipeline\\Pipeline->Illuminate\\Pipeline\\{closure}(Object(Laravel\\Lumen\\Http\\Request))
#25 /home/simdoctorcombr/public_html/api.clinicanova-dev/vendor/illuminate/pipeline/Pipeline.php(103): Laravel\\Lumen\\Routing\\Pipeline->Laravel\\Lumen\\Routing\\{closure}(Object(Laravel\\Lumen\\Http\\Request))
#26 /home/simdoctorcombr/public_html/api.clinicanova-dev/vendor/laravel/lumen-framework/src/Concerns/RoutesRequests.php(423): Illuminate\\Pipeline\\Pipeline->then(Object(Closure))
#27 /home/simdoctorcombr/public_html/api.clinicanova-dev/vendor/laravel/lumen-framework/src/Concerns/RoutesRequests.php(172): Laravel\\Lumen\\Application->sendThroughPipeline(Array, Object(Closure))
#28 /home/simdoctorcombr/public_html/api.clinicanova-dev/vendor/laravel/lumen-framework/src/Concerns/RoutesRequests.php(109): Laravel\\Lumen\\Application->dispatch(NULL)
#29 /home/simdoctorcombr/public_html/api.clinicanova-dev/public/index.php(29): Laravel\\Lumen\\Application->run()
#30 {main}
"} 
[2024-01-05 12:31:31] local.ERROR: Undefined variable: idDoutor {"exception":"[object] (ErrorException(code: 0): Undefined variable: idDoutor at /home/simdoctorcombr/public_html/api.clinicanova-dev/app/Services/Clinicas/Doutores/DoutoresService.php:878)
[stacktrace]
#0 /home/simdoctorcombr/public_html/api.clinicanova-dev/app/Services/Clinicas/Doutores/DoutoresService.php(878): Laravel\\Lumen\\Application->Laravel\\Lumen\\Concerns\\{closure}(8, 'Undefined varia...', '/home/simdoctor...', 878, Array)
#1 /home/simdoctorcombr/public_html/api.clinicanova-dev/app/Services/Clinicas/Doutores/DoutoresService.php(214): App\\Services\\Clinicas\\Doutores\\DoutoresService->insertEndereco('4936', '8969', Array)
#2 /home/simdoctorcombr/public_html/api.clinicanova-dev/app/Http/Controllers/ApiClinicas/Doutores/DoutoresController.php(138): App\\Services\\Clinicas\\Doutores\\DoutoresService->store('4936', Array)
#3 /home/simdoctorcombr/public_html/api.clinicanova-dev/vendor/illuminate/container/BoundMethod.php(36): App\\Http\\Controllers\\ApiClinicas\\Doutores\\DoutoresController->store(Object(Laravel\\Lumen\\Http\\Request))
#4 /home/simdoctorcombr/public_html/api.clinicanova-dev/vendor/illuminate/container/Util.php(40): Illuminate\\Container\\BoundMethod::Illuminate\\Container\\{closure}()
#5 /home/simdoctorcombr/public_html/api.clinicanova-dev/vendor/illuminate/container/BoundMethod.php(93): Illuminate\\Container\\Util::unwrapIfClosure(Object(Closure))
#6 /home/simdoctorcombr/public_html/api.clinicanova-dev/vendor/illuminate/container/BoundMethod.php(37): Illuminate\\Container\\BoundMethod::callBoundMethod(Object(Laravel\\Lumen\\Application), Array, Object(Closure))
#7 /home/simdoctorcombr/public_html/api.clinicanova-dev/vendor/illuminate/container/Container.php(611): Illuminate\\Container\\BoundMethod::call(Object(Laravel\\Lumen\\Application), Array, Array, NULL)
#8 /home/simdoctorcombr/public_html/api.clinicanova-dev/vendor/laravel/lumen-framework/src/Concerns/RoutesRequests.php(386): Illuminate\\Container\\Container->call(Array, Array)
#9 /home/simdoctorcombr/public_html/api.clinicanova-dev/vendor/laravel/lumen-framework/src/Concerns/RoutesRequests.php(352): Laravel\\Lumen\\Application->callControllerCallable(Array, Array)
#10 /home/simdoctorcombr/public_html/api.clinicanova-dev/vendor/laravel/lumen-framework/src/Concerns/RoutesRequests.php(326): Laravel\\Lumen\\Application->callLumenController(Object(App\\Http\\Controllers\\ApiClinicas\\Doutores\\DoutoresController), 'store', Array)
#11 /home/simdoctorcombr/public_html/api.clinicanova-dev/vendor/laravel/lumen-framework/src/Concerns/RoutesRequests.php(279): Laravel\\Lumen\\Application->callControllerAction(Array)
#12 /home/simdoctorcombr/public_html/api.clinicanova-dev/vendor/laravel/lumen-framework/src/Concerns/RoutesRequests.php(259): Laravel\\Lumen\\Application->callActionOnArrayBasedRoute(Array)
#13 /home/simdoctorcombr/public_html/api.clinicanova-dev/vendor/laravel/lumen-framework/src/Routing/Pipeline.php(48): Laravel\\Lumen\\Application->Laravel\\Lumen\\Concerns\\{closure}(Object(Laravel\\Lumen\\Http\\Request))
#14 /home/simdoctorcombr/public_html/api.clinicanova-dev/app/Http/Middleware/Authenticate.php(62): Laravel\\Lumen\\Routing\\Pipeline->Laravel\\Lumen\\Routing\\{closure}(Object(Laravel\\Lumen\\Http\\Request))
#15 /home/simdoctorcombr/public_html/api.clinicanova-dev/vendor/illuminate/pipeline/Pipeline.php(167): App\\Http\\Middleware\\Authenticate->handle(Object(Laravel\\Lumen\\Http\\Request), Object(Closure), 'interno_api')
#16 /home/simdoctorcombr/public_html/api.clinicanova-dev/vendor/laravel/lumen-framework/src/Routing/Pipeline.php(30): Illuminate\\Pipeline\\Pipeline->Illuminate\\Pipeline\\{closure}(Object(Laravel\\Lumen\\Http\\Request))
#17 /home/simdoctorcombr/public_html/api.clinicanova-dev/vendor/illuminate/pipeline/Pipeline.php(103): Laravel\\Lumen\\Routing\\Pipeline->Laravel\\Lumen\\Routing\\{closure}(Object(Laravel\\Lumen\\Http\\Request))
#18 /home/simdoctorcombr/public_html/api.clinicanova-dev/vendor/laravel/lumen-framework/src/Concerns/RoutesRequests.php(423): Illuminate\\Pipeline\\Pipeline->then(Object(Closure))
#19 /home/simdoctorcombr/public_html/api.clinicanova-dev/vendor/laravel/lumen-framework/src/Concerns/RoutesRequests.php(260): Laravel\\Lumen\\Application->sendThroughPipeline(Array, Object(Closure))
#20 /home/simdoctorcombr/public_html/api.clinicanova-dev/vendor/laravel/lumen-framework/src/Concerns/RoutesRequests.php(166): Laravel\\Lumen\\Application->handleFoundRoute(Array)
#21 /home/simdoctorcombr/public_html/api.clinicanova-dev/vendor/laravel/lumen-framework/src/Routing/Pipeline.php(48): Laravel\\Lumen\\Application->Laravel\\Lumen\\Concerns\\{closure}(Object(Laravel\\Lumen\\Http\\Request))
#22 /home/simdoctorcombr/public_html/api.clinicanova-dev/app/Http/Middleware/CorsMiddleware.php(33): Laravel\\Lumen\\Routing\\Pipeline->Laravel\\Lumen\\Routing\\{closure}(Object(Laravel\\Lumen\\Http\\Request))
#23 /home/simdoctorcombr/public_html/api.clinicanova-dev/vendor/illuminate/pipeline/Pipeline.php(167): App\\Http\\Middleware\\CorsMiddleware->handle(Object(Laravel\\Lumen\\Http\\Request), Object(Closure))
#24 /home/simdoctorcombr/public_html/api.clinicanova-dev/vendor/laravel/lumen-framework/src/Routing/Pipeline.php(30): Illuminate\\Pipeline\\Pipeline->Illuminate\\Pipeline\\{closure}(Object(Laravel\\Lumen\\Http\\Request))
#25 /home/simdoctorcombr/public_html/api.clinicanova-dev/vendor/illuminate/pipeline/Pipeline.php(103): Laravel\\Lumen\\Routing\\Pipeline->Laravel\\Lumen\\Routing\\{closure}(Object(Laravel\\Lumen\\Http\\Request))
#26 /home/simdoctorcombr/public_html/api.clinicanova-dev/vendor/laravel/lumen-framework/src/Concerns/RoutesRequests.php(423): Illuminate\\Pipeline\\Pipeline->then(Object(Closure))
#27 /home/simdoctorcombr/public_html/api.clinicanova-dev/vendor/laravel/lumen-framework/src/Concerns/RoutesRequests.php(172): Laravel\\Lumen\\Application->sendThroughPipeline(Array, Object(Closure))
#28 /home/simdoctorcombr/public_html/api.clinicanova-dev/vendor/laravel/lumen-framework/src/Concerns/RoutesRequests.php(109): Laravel\\Lumen\\Application->dispatch(NULL)
#29 /home/simdoctorcombr/public_html/api.clinicanova-dev/public/index.php(29): Laravel\\Lumen\\Application->run()
#30 {main}
"} 
[2024-01-05 12:32:53] local.ERROR: SQLSTATE[42S22]: Column not found: 1054 Unknown column 'cep' in 'field list' (SQL: INSERT INTO doutores (cep,logradouro,numero,complemento,bairro,cidade,uf_id,estado,identificador,doutores_id) VALUES(AES_ENCRYPT('24416000','19fa61d75522a4669b44e39c1d2e1726c530232130d407f89afee0964997f7a73e83be698b288febcf88e3e03c4f0757ea8964e59b63d93708b138cc42a66eb3'),AES_ENCRYPT('rua teste','19fa61d75522a4669b44e39c1d2e1726c530232130d407f89afee0964997f7a73e83be698b288febcf88e3e03c4f0757ea8964e59b63d93708b138cc42a66eb3'),AES_ENCRYPT('12','19fa61d75522a4669b44e39c1d2e1726c530232130d407f89afee0964997f7a73e83be698b288febcf88e3e03c4f0757ea8964e59b63d93708b138cc42a66eb3'),AES_ENCRYPT('comple','19fa61d75522a4669b44e39c1d2e1726c530232130d407f89afee0964997f7a73e83be698b288febcf88e3e03c4f0757ea8964e59b63d93708b138cc42a66eb3'),AES_ENCRYPT('bairo','19fa61d75522a4669b44e39c1d2e1726c530232130d407f89afee0964997f7a73e83be698b288febcf88e3e03c4f0757ea8964e59b63d93708b138cc42a66eb3'),AES_ENCRYPT('cidade','19fa61d75522a4669b44e39c1d2e1726c530232130d407f89afee0964997f7a73e83be698b288febcf88e3e03c4f0757ea8964e59b63d93708b138cc42a66eb3'), '19',AES_ENCRYPT('Rio de Janeiro','19fa61d75522a4669b44e39c1d2e1726c530232130d407f89afee0964997f7a73e83be698b288febcf88e3e03c4f0757ea8964e59b63d93708b138cc42a66eb3'), '4936', '8970')) {"exception":"[object] (Illuminate\\Database\\QueryException(code: 42S22): SQLSTATE[42S22]: Column not found: 1054 Unknown column 'cep' in 'field list' (SQL: INSERT INTO doutores (cep,logradouro,numero,complemento,bairro,cidade,uf_id,estado,identificador,doutores_id) VALUES(AES_ENCRYPT('24416000','19fa61d75522a4669b44e39c1d2e1726c530232130d407f89afee0964997f7a73e83be698b288febcf88e3e03c4f0757ea8964e59b63d93708b138cc42a66eb3'),AES_ENCRYPT('rua teste','19fa61d75522a4669b44e39c1d2e1726c530232130d407f89afee0964997f7a73e83be698b288febcf88e3e03c4f0757ea8964e59b63d93708b138cc42a66eb3'),AES_ENCRYPT('12','19fa61d75522a4669b44e39c1d2e1726c530232130d407f89afee0964997f7a73e83be698b288febcf88e3e03c4f0757ea8964e59b63d93708b138cc42a66eb3'),AES_ENCRYPT('comple','19fa61d75522a4669b44e39c1d2e1726c530232130d407f89afee0964997f7a73e83be698b288febcf88e3e03c4f0757ea8964e59b63d93708b138cc42a66eb3'),AES_ENCRYPT('bairo','19fa61d75522a4669b44e39c1d2e1726c530232130d407f89afee0964997f7a73e83be698b288febcf88e3e03c4f0757ea8964e59b63d93708b138cc42a66eb3'),AES_ENCRYPT('cidade','19fa61d75522a4669b44e39c1d2e1726c530232130d407f89afee0964997f7a73e83be698b288febcf88e3e03c4f0757ea8964e59b63d93708b138cc42a66eb3'), '19',AES_ENCRYPT('Rio de Janeiro','19fa61d75522a4669b44e39c1d2e1726c530232130d407f89afee0964997f7a73e83be698b288febcf88e3e03c4f0757ea8964e59b63d93708b138cc42a66eb3'), '4936', '8970')) at /home/simdoctorcombr/public_html/api.clinicanova-dev/vendor/illuminate/database/Connection.php:678)
[stacktrace]
#0 /home/simdoctorcombr/public_html/api.clinicanova-dev/vendor/illuminate/database/Connection.php(638): Illuminate\\Database\\Connection->runQueryCallback('INSERT INTO dou...', Array, Object(Closure))
#1 /home/simdoctorcombr/public_html/api.clinicanova-dev/vendor/illuminate/database/Connection.php(472): Illuminate\\Database\\Connection->run('INSERT INTO dou...', Array, Object(Closure))
#2 /home/simdoctorcombr/public_html/api.clinicanova-dev/vendor/illuminate/database/Connection.php(424): Illuminate\\Database\\Connection->statement('INSERT INTO dou...', Array)
#3 /home/simdoctorcombr/public_html/api.clinicanova-dev/app/Repositories/BaseRepository.php(97): Illuminate\\Database\\Connection->insert('INSERT INTO dou...')
#4 /home/simdoctorcombr/public_html/api.clinicanova-dev/app/Repositories/Clinicas/DoutoresRepository.php(448): App\\Repositories\\BaseRepository->insertDB('doutores', Array, Array, 'clinicas')
#5 /home/simdoctorcombr/public_html/api.clinicanova-dev/app/Services/Clinicas/Doutores/DoutoresService.php(878): App\\Repositories\\Clinicas\\DoutoresRepository->storeDadosEndereco('4936', '8970', Array)
#6 /home/simdoctorcombr/public_html/api.clinicanova-dev/app/Services/Clinicas/Doutores/DoutoresService.php(214): App\\Services\\Clinicas\\Doutores\\DoutoresService->insertEndereco('4936', '8970', Array)
#7 /home/simdoctorcombr/public_html/api.clinicanova-dev/app/Http/Controllers/ApiClinicas/Doutores/DoutoresController.php(138): App\\Services\\Clinicas\\Doutores\\DoutoresService->store('4936', Array)
#8 /home/simdoctorcombr/public_html/api.clinicanova-dev/vendor/illuminate/container/BoundMethod.php(36): App\\Http\\Controllers\\ApiClinicas\\Doutores\\DoutoresController->store(Object(Laravel\\Lumen\\Http\\Request))
#9 /home/simdoctorcombr/public_html/api.clinicanova-dev/vendor/illuminate/container/Util.php(40): Illuminate\\Container\\BoundMethod::Illuminate\\Container\\{closure}()
#10 /home/simdoctorcombr/public_html/api.clinicanova-dev/vendor/illuminate/container/BoundMethod.php(93): Illuminate\\Container\\Util::unwrapIfClosure(Object(Closure))
#11 /home/simdoctorcombr/public_html/api.clinicanova-dev/vendor/illuminate/container/BoundMethod.php(37): Illuminate\\Container\\BoundMethod::callBoundMethod(Object(Laravel\\Lumen\\Application), Array, Object(Closure))
#12 /home/simdoctorcombr/public_html/api.clinicanova-dev/vendor/illuminate/container/Container.php(611): Illuminate\\Container\\BoundMethod::call(Object(Laravel\\Lumen\\Application), Array, Array, NULL)
#13 /home/simdoctorcombr/public_html/api.clinicanova-dev/vendor/laravel/lumen-framework/src/Concerns/RoutesRequests.php(386): Illuminate\\Container\\Container->call(Array, Array)
#14 /home/simdoctorcombr/public_html/api.clinicanova-dev/vendor/laravel/lumen-framework/src/Concerns/RoutesRequests.php(352): Laravel\\Lumen\\Application->callControllerCallable(Array, Array)
#15 /home/simdoctorcombr/public_html/api.clinicanova-dev/vendor/laravel/lumen-framework/src/Concerns/RoutesRequests.php(326): Laravel\\Lumen\\Application->callLumenController(Object(App\\Http\\Controllers\\ApiClinicas\\Doutores\\DoutoresController), 'store', Array)
#16 /home/simdoctorcombr/public_html/api.clinicanova-dev/vendor/laravel/lumen-framework/src/Concerns/RoutesRequests.php(279): Laravel\\Lumen\\Application->callControllerAction(Array)
#17 /home/simdoctorcombr/public_html/api.clinicanova-dev/vendor/laravel/lumen-framework/src/Concerns/RoutesRequests.php(259): Laravel\\Lumen\\Application->callActionOnArrayBasedRoute(Array)
#18 /home/simdoctorcombr/public_html/api.clinicanova-dev/vendor/laravel/lumen-framework/src/Routing/Pipeline.php(48): Laravel\\Lumen\\Application->Laravel\\Lumen\\Concerns\\{closure}(Object(Laravel\\Lumen\\Http\\Request))
#19 /home/simdoctorcombr/public_html/api.clinicanova-dev/app/Http/Middleware/Authenticate.php(62): Laravel\\Lumen\\Routing\\Pipeline->Laravel\\Lumen\\Routing\\{closure}(Object(Laravel\\Lumen\\Http\\Request))
#20 /home/simdoctorcombr/public_html/api.clinicanova-dev/vendor/illuminate/pipeline/Pipeline.php(167): App\\Http\\Middleware\\Authenticate->handle(Object(Laravel\\Lumen\\Http\\Request), Object(Closure), 'interno_api')
#21 /home/simdoctorcombr/public_html/api.clinicanova-dev/vendor/laravel/lumen-framework/src/Routing/Pipeline.php(30): Illuminate\\Pipeline\\Pipeline->Illuminate\\Pipeline\\{closure}(Object(Laravel\\Lumen\\Http\\Request))
#22 /home/simdoctorcombr/public_html/api.clinicanova-dev/vendor/illuminate/pipeline/Pipeline.php(103): Laravel\\Lumen\\Routing\\Pipeline->Laravel\\Lumen\\Routing\\{closure}(Object(Laravel\\Lumen\\Http\\Request))
#23 /home/simdoctorcombr/public_html/api.clinicanova-dev/vendor/laravel/lumen-framework/src/Concerns/RoutesRequests.php(423): Illuminate\\Pipeline\\Pipeline->then(Object(Closure))
#24 /home/simdoctorcombr/public_html/api.clinicanova-dev/vendor/laravel/lumen-framework/src/Concerns/RoutesRequests.php(260): Laravel\\Lumen\\Application->sendThroughPipeline(Array, Object(Closure))
#25 /home/simdoctorcombr/public_html/api.clinicanova-dev/vendor/laravel/lumen-framework/src/Concerns/RoutesRequests.php(166): Laravel\\Lumen\\Application->handleFoundRoute(Array)
#26 /home/simdoctorcombr/public_html/api.clinicanova-dev/vendor/laravel/lumen-framework/src/Routing/Pipeline.php(48): Laravel\\Lumen\\Application->Laravel\\Lumen\\Concerns\\{closure}(Object(Laravel\\Lumen\\Http\\Request))
#27 /home/simdoctorcombr/public_html/api.clinicanova-dev/app/Http/Middleware/CorsMiddleware.php(33): Laravel\\Lumen\\Routing\\Pipeline->Laravel\\Lumen\\Routing\\{closure}(Object(Laravel\\Lumen\\Http\\Request))
#28 /home/simdoctorcombr/public_html/api.clinicanova-dev/vendor/illuminate/pipeline/Pipeline.php(167): App\\Http\\Middleware\\CorsMiddleware->handle(Object(Laravel\\Lumen\\Http\\Request), Object(Closure))
#29 /home/simdoctorcombr/public_html/api.clinicanova-dev/vendor/laravel/lumen-framework/src/Routing/Pipeline.php(30): Illuminate\\Pipeline\\Pipeline->Illuminate\\Pipeline\\{closure}(Object(Laravel\\Lumen\\Http\\Request))
#30 /home/simdoctorcombr/public_html/api.clinicanova-dev/vendor/illuminate/pipeline/Pipeline.php(103): Laravel\\Lumen\\Routing\\Pipeline->Laravel\\Lumen\\Routing\\{closure}(Object(Laravel\\Lumen\\Http\\Request))
#31 /home/simdoctorcombr/public_html/api.clinicanova-dev/vendor/laravel/lumen-framework/src/Concerns/RoutesRequests.php(423): Illuminate\\Pipeline\\Pipeline->then(Object(Closure))
#32 /home/simdoctorcombr/public_html/api.clinicanova-dev/vendor/laravel/lumen-framework/src/Concerns/RoutesRequests.php(172): Laravel\\Lumen\\Application->sendThroughPipeline(Array, Object(Closure))
#33 /home/simdoctorcombr/public_html/api.clinicanova-dev/vendor/laravel/lumen-framework/src/Concerns/RoutesRequests.php(109): Laravel\\Lumen\\Application->dispatch(NULL)
#34 /home/simdoctorcombr/public_html/api.clinicanova-dev/public/index.php(29): Laravel\\Lumen\\Application->run()
#35 {main}

[previous exception] [object] (PDOException(code: 42S22): SQLSTATE[42S22]: Column not found: 1054 Unknown column 'cep' in 'field list' at /home/simdoctorcombr/public_html/api.clinicanova-dev/vendor/illuminate/database/Connection.php:465)
[stacktrace]
#0 /home/simdoctorcombr/public_html/api.clinicanova-dev/vendor/illuminate/database/Connection.php(465): PDO->prepare('INSERT INTO dou...')
#1 /home/simdoctorcombr/public_html/api.clinicanova-dev/vendor/illuminate/database/Connection.php(671): Illuminate\\Database\\Connection->Illuminate\\Database\\{closure}('INSERT INTO dou...', Array)
#2 /home/simdoctorcombr/public_html/api.clinicanova-dev/vendor/illuminate/database/Connection.php(638): Illuminate\\Database\\Connection->runQueryCallback('INSERT INTO dou...', Array, Object(Closure))
#3 /home/simdoctorcombr/public_html/api.clinicanova-dev/vendor/illuminate/database/Connection.php(472): Illuminate\\Database\\Connection->run('INSERT INTO dou...', Array, Object(Closure))
#4 /home/simdoctorcombr/public_html/api.clinicanova-dev/vendor/illuminate/database/Connection.php(424): Illuminate\\Database\\Connection->statement('INSERT INTO dou...', Array)
#5 /home/simdoctorcombr/public_html/api.clinicanova-dev/app/Repositories/BaseRepository.php(97): Illuminate\\Database\\Connection->insert('INSERT INTO dou...')
#6 /home/simdoctorcombr/public_html/api.clinicanova-dev/app/Repositories/Clinicas/DoutoresRepository.php(448): App\\Repositories\\BaseRepository->insertDB('doutores', Array, Array, 'clinicas')
#7 /home/simdoctorcombr/public_html/api.clinicanova-dev/app/Services/Clinicas/Doutores/DoutoresService.php(878): App\\Repositories\\Clinicas\\DoutoresRepository->storeDadosEndereco('4936', '8970', Array)
#8 /home/simdoctorcombr/public_html/api.clinicanova-dev/app/Services/Clinicas/Doutores/DoutoresService.php(214): App\\Services\\Clinicas\\Doutores\\DoutoresService->insertEndereco('4936', '8970', Array)
#9 /home/simdoctorcombr/public_html/api.clinicanova-dev/app/Http/Controllers/ApiClinicas/Doutores/DoutoresController.php(138): App\\Services\\Clinicas\\Doutores\\DoutoresService->store('4936', Array)
#10 /home/simdoctorcombr/public_html/api.clinicanova-dev/vendor/illuminate/container/BoundMethod.php(36): App\\Http\\Controllers\\ApiClinicas\\Doutores\\DoutoresController->store(Object(Laravel\\Lumen\\Http\\Request))
#11 /home/simdoctorcombr/public_html/api.clinicanova-dev/vendor/illuminate/container/Util.php(40): Illuminate\\Container\\BoundMethod::Illuminate\\Container\\{closure}()
#12 /home/simdoctorcombr/public_html/api.clinicanova-dev/vendor/illuminate/container/BoundMethod.php(93): Illuminate\\Container\\Util::unwrapIfClosure(Object(Closure))
#13 /home/simdoctorcombr/public_html/api.clinicanova-dev/vendor/illuminate/container/BoundMethod.php(37): Illuminate\\Container\\BoundMethod::callBoundMethod(Object(Laravel\\Lumen\\Application), Array, Object(Closure))
#14 /home/simdoctorcombr/public_html/api.clinicanova-dev/vendor/illuminate/container/Container.php(611): Illuminate\\Container\\BoundMethod::call(Object(Laravel\\Lumen\\Application), Array, Array, NULL)
#15 /home/simdoctorcombr/public_html/api.clinicanova-dev/vendor/laravel/lumen-framework/src/Concerns/RoutesRequests.php(386): Illuminate\\Container\\Container->call(Array, Array)
#16 /home/simdoctorcombr/public_html/api.clinicanova-dev/vendor/laravel/lumen-framework/src/Concerns/RoutesRequests.php(352): Laravel\\Lumen\\Application->callControllerCallable(Array, Array)
#17 /home/simdoctorcombr/public_html/api.clinicanova-dev/vendor/laravel/lumen-framework/src/Concerns/RoutesRequests.php(326): Laravel\\Lumen\\Application->callLumenController(Object(App\\Http\\Controllers\\ApiClinicas\\Doutores\\DoutoresController), 'store', Array)
#18 /home/simdoctorcombr/public_html/api.clinicanova-dev/vendor/laravel/lumen-framework/src/Concerns/RoutesRequests.php(279): Laravel\\Lumen\\Application->callControllerAction(Array)
#19 /home/simdoctorcombr/public_html/api.clinicanova-dev/vendor/laravel/lumen-framework/src/Concerns/RoutesRequests.php(259): Laravel\\Lumen\\Application->callActionOnArrayBasedRoute(Array)
#20 /home/simdoctorcombr/public_html/api.clinicanova-dev/vendor/laravel/lumen-framework/src/Routing/Pipeline.php(48): Laravel\\Lumen\\Application->Laravel\\Lumen\\Concerns\\{closure}(Object(Laravel\\Lumen\\Http\\Request))
#21 /home/simdoctorcombr/public_html/api.clinicanova-dev/app/Http/Middleware/Authenticate.php(62): Laravel\\Lumen\\Routing\\Pipeline->Laravel\\Lumen\\Routing\\{closure}(Object(Laravel\\Lumen\\Http\\Request))
#22 /home/simdoctorcombr/public_html/api.clinicanova-dev/vendor/illuminate/pipeline/Pipeline.php(167): App\\Http\\Middleware\\Authenticate->handle(Object(Laravel\\Lumen\\Http\\Request), Object(Closure), 'interno_api')
#23 /home/simdoctorcombr/public_html/api.clinicanova-dev/vendor/laravel/lumen-framework/src/Routing/Pipeline.php(30): Illuminate\\Pipeline\\Pipeline->Illuminate\\Pipeline\\{closure}(Object(Laravel\\Lumen\\Http\\Request))
#24 /home/simdoctorcombr/public_html/api.clinicanova-dev/vendor/illuminate/pipeline/Pipeline.php(103): Laravel\\Lumen\\Routing\\Pipeline->Laravel\\Lumen\\Routing\\{closure}(Object(Laravel\\Lumen\\Http\\Request))
#25 /home/simdoctorcombr/public_html/api.clinicanova-dev/vendor/laravel/lumen-framework/src/Concerns/RoutesRequests.php(423): Illuminate\\Pipeline\\Pipeline->then(Object(Closure))
#26 /home/simdoctorcombr/public_html/api.clinicanova-dev/vendor/laravel/lumen-framework/src/Concerns/RoutesRequests.php(260): Laravel\\Lumen\\Application->sendThroughPipeline(Array, Object(Closure))
#27 /home/simdoctorcombr/public_html/api.clinicanova-dev/vendor/laravel/lumen-framework/src/Concerns/RoutesRequests.php(166): Laravel\\Lumen\\Application->handleFoundRoute(Array)
#28 /home/simdoctorcombr/public_html/api.clinicanova-dev/vendor/laravel/lumen-framework/src/Routing/Pipeline.php(48): Laravel\\Lumen\\Application->Laravel\\Lumen\\Concerns\\{closure}(Object(Laravel\\Lumen\\Http\\Request))
#29 /home/simdoctorcombr/public_html/api.clinicanova-dev/app/Http/Middleware/CorsMiddleware.php(33): Laravel\\Lumen\\Routing\\Pipeline->Laravel\\Lumen\\Routing\\{closure}(Object(Laravel\\Lumen\\Http\\Request))
#30 /home/simdoctorcombr/public_html/api.clinicanova-dev/vendor/illuminate/pipeline/Pipeline.php(167): App\\Http\\Middleware\\CorsMiddleware->handle(Object(Laravel\\Lumen\\Http\\Request), Object(Closure))
#31 /home/simdoctorcombr/public_html/api.clinicanova-dev/vendor/laravel/lumen-framework/src/Routing/Pipeline.php(30): Illuminate\\Pipeline\\Pipeline->Illuminate\\Pipeline\\{closure}(Object(Laravel\\Lumen\\Http\\Request))
#32 /home/simdoctorcombr/public_html/api.clinicanova-dev/vendor/illuminate/pipeline/Pipeline.php(103): Laravel\\Lumen\\Routing\\Pipeline->Laravel\\Lumen\\Routing\\{closure}(Object(Laravel\\Lumen\\Http\\Request))
#33 /home/simdoctorcombr/public_html/api.clinicanova-dev/vendor/laravel/lumen-framework/src/Concerns/RoutesRequests.php(423): Illuminate\\Pipeline\\Pipeline->then(Object(Closure))
#34 /home/simdoctorcombr/public_html/api.clinicanova-dev/vendor/laravel/lumen-framework/src/Concerns/RoutesRequests.php(172): Laravel\\Lumen\\Application->sendThroughPipeline(Array, Object(Closure))
#35 /home/simdoctorcombr/public_html/api.clinicanova-dev/vendor/laravel/lumen-framework/src/Concerns/RoutesRequests.php(109): Laravel\\Lumen\\Application->dispatch(NULL)
#36 /home/simdoctorcombr/public_html/api.clinicanova-dev/public/index.php(29): Laravel\\Lumen\\Application->run()
#37 {main}
"} 
