[2024-01-04 12:45:07] local.ERROR: SQLSTATE[42S22]: Column not found: 1054 Unknown column 'undefined' in 'where clause' (SQL: SELECT A.*,
            AES_DECRYPT(B.nome_cript, '19fa61d75522a4669b44e39c1d2e1726c530232130d407f89afee0964997f7a73e83be698b288febcf88e3e03c4f0757ea8964e59b63d93708b138cc42a66eb3') as nomePaciente,
            AES_DECRYPT(B.sobrenome_cript, '19fa61d75522a4669b44e39c1d2e1726c530232130d407f89afee0964997f7a73e83be698b288febcf88e3e03c4f0757ea8964e59b63d93708b138cc42a66eb3') as sobrenomePaciente,
           AES_DECRYPT(A.nome, '19fa61d75522a4669b44e39c1d2e1726c530232130d407f89afee0964997f7a73e83be698b288febcf88e3e03c4f0757ea8964e59b63d93708b138cc42a66eb3') as nomeDependente,
            AES_DECRYPT(A.sobrenome, '19fa61d75522a4669b44e39c1d2e1726c530232130d407f89afee0964997f7a73e83be698b288febcf88e3e03c4f0757ea8964e59b63d93708b138cc42a66eb3') as sobrenomeDependente,
            AES_DECRYPT(A.cpf, '19fa61d75522a4669b44e39c1d2e1726c530232130d407f89afee0964997f7a73e83be698b288febcf88e3e03c4f0757ea8964e59b63d93708b138cc42a66eb3') as cpfDependente,
            AES_DECRYPT(A.sexo, '19fa61d75522a4669b44e39c1d2e1726c530232130d407f89afee0964997f7a73e83be698b288febcf88e3e03c4f0757ea8964e59b63d93708b138cc42a66eb3') as sexoDependente,
           C.data_nascimento
             FROM plano_aprovacoes AS A
            LEFT JOIN pacientes AS B
            ON B.id = A.pacientes_id
            LEFT JOIN pacientes AS C
            ON C.id = A.pacientes_dep_id  
            WHERE A.identificador = 3580 AND A.pacientes_id = undefined  AND tipo =1 ORDER BY data_cad DESC 
                ) {"exception":"[object] (Illuminate\\Database\\QueryException(code: 42S22): SQLSTATE[42S22]: Column not found: 1054 Unknown column 'undefined' in 'where clause' (SQL: SELECT A.*,
            AES_DECRYPT(B.nome_cript, '19fa61d75522a4669b44e39c1d2e1726c530232130d407f89afee0964997f7a73e83be698b288febcf88e3e03c4f0757ea8964e59b63d93708b138cc42a66eb3') as nomePaciente,
            AES_DECRYPT(B.sobrenome_cript, '19fa61d75522a4669b44e39c1d2e1726c530232130d407f89afee0964997f7a73e83be698b288febcf88e3e03c4f0757ea8964e59b63d93708b138cc42a66eb3') as sobrenomePaciente,
           AES_DECRYPT(A.nome, '19fa61d75522a4669b44e39c1d2e1726c530232130d407f89afee0964997f7a73e83be698b288febcf88e3e03c4f0757ea8964e59b63d93708b138cc42a66eb3') as nomeDependente,
            AES_DECRYPT(A.sobrenome, '19fa61d75522a4669b44e39c1d2e1726c530232130d407f89afee0964997f7a73e83be698b288febcf88e3e03c4f0757ea8964e59b63d93708b138cc42a66eb3') as sobrenomeDependente,
            AES_DECRYPT(A.cpf, '19fa61d75522a4669b44e39c1d2e1726c530232130d407f89afee0964997f7a73e83be698b288febcf88e3e03c4f0757ea8964e59b63d93708b138cc42a66eb3') as cpfDependente,
            AES_DECRYPT(A.sexo, '19fa61d75522a4669b44e39c1d2e1726c530232130d407f89afee0964997f7a73e83be698b288febcf88e3e03c4f0757ea8964e59b63d93708b138cc42a66eb3') as sexoDependente,
           C.data_nascimento
             FROM plano_aprovacoes AS A
            LEFT JOIN pacientes AS B
            ON B.id = A.pacientes_id
            LEFT JOIN pacientes AS C
            ON C.id = A.pacientes_dep_id  
            WHERE A.identificador = 3580 AND A.pacientes_id = undefined  AND tipo =1 ORDER BY data_cad DESC 
                ) at /home/simdoctorcombr/public_html/api.clinicanova-dev/vendor/illuminate/database/Connection.php:678)
[stacktrace]
#0 /home/simdoctorcombr/public_html/api.clinicanova-dev/vendor/illuminate/database/Connection.php(638): Illuminate\\Database\\Connection->runQueryCallback('SELECT A.*,\\
  ...', Array, Object(Closure))
#1 /home/simdoctorcombr/public_html/api.clinicanova-dev/vendor/illuminate/database/Connection.php(346): Illuminate\\Database\\Connection->run('SELECT A.*,\\
  ...', Array, Object(Closure))
#2 /home/simdoctorcombr/public_html/api.clinicanova-dev/app/Repositories/Clinicas/PlanoAprovacoesRepository.php(46): Illuminate\\Database\\Connection->select('SELECT A.*,\\
  ...')
#3 /home/simdoctorcombr/public_html/api.clinicanova-dev/app/Services/Clinicas/Paciente/PacienteDependenteService.php(57): App\\Repositories\\Clinicas\\PlanoAprovacoesRepository->getAprovacoesDependentesByPacienteId('3580', 'undefined', 1)
#4 /home/simdoctorcombr/public_html/api.clinicanova-dev/app/Services/Clinicas/PacienteService.php(1145): App\\Services\\Clinicas\\Paciente\\PacienteDependenteService->getByPaciente('3580', 'undefined', Array)
#5 /home/simdoctorcombr/public_html/api.clinicanova-dev/app/Http/Controllers/ApiClinicas/Paciente/PacienteController.php(595): App\\Services\\Clinicas\\PacienteService->getDependentes('3580', 'undefined', Array)
#6 /home/simdoctorcombr/public_html/api.clinicanova-dev/vendor/illuminate/container/BoundMethod.php(36): App\\Http\\Controllers\\ApiClinicas\\Paciente\\PacienteController->getDependentes(Object(Laravel\\Lumen\\Http\\Request), 'undefined')
#7 /home/simdoctorcombr/public_html/api.clinicanova-dev/vendor/illuminate/container/Util.php(40): Illuminate\\Container\\BoundMethod::Illuminate\\Container\\{closure}()
#8 /home/simdoctorcombr/public_html/api.clinicanova-dev/vendor/illuminate/container/BoundMethod.php(93): Illuminate\\Container\\Util::unwrapIfClosure(Object(Closure))
#9 /home/simdoctorcombr/public_html/api.clinicanova-dev/vendor/illuminate/container/BoundMethod.php(37): Illuminate\\Container\\BoundMethod::callBoundMethod(Object(Laravel\\Lumen\\Application), Array, Object(Closure))
#10 /home/simdoctorcombr/public_html/api.clinicanova-dev/vendor/illuminate/container/Container.php(611): Illuminate\\Container\\BoundMethod::call(Object(Laravel\\Lumen\\Application), Array, Array, NULL)
#11 /home/simdoctorcombr/public_html/api.clinicanova-dev/vendor/laravel/lumen-framework/src/Concerns/RoutesRequests.php(386): Illuminate\\Container\\Container->call(Array, Array)
#12 /home/simdoctorcombr/public_html/api.clinicanova-dev/vendor/laravel/lumen-framework/src/Concerns/RoutesRequests.php(352): Laravel\\Lumen\\Application->callControllerCallable(Array, Array)
#13 /home/simdoctorcombr/public_html/api.clinicanova-dev/vendor/laravel/lumen-framework/src/Concerns/RoutesRequests.php(326): Laravel\\Lumen\\Application->callLumenController(Object(App\\Http\\Controllers\\ApiClinicas\\Paciente\\PacienteController), 'getDependentes', Array)
#14 /home/simdoctorcombr/public_html/api.clinicanova-dev/vendor/laravel/lumen-framework/src/Concerns/RoutesRequests.php(279): Laravel\\Lumen\\Application->callControllerAction(Array)
#15 /home/simdoctorcombr/public_html/api.clinicanova-dev/vendor/laravel/lumen-framework/src/Concerns/RoutesRequests.php(259): Laravel\\Lumen\\Application->callActionOnArrayBasedRoute(Array)
#16 /home/simdoctorcombr/public_html/api.clinicanova-dev/vendor/laravel/lumen-framework/src/Routing/Pipeline.php(48): Laravel\\Lumen\\Application->Laravel\\Lumen\\Concerns\\{closure}(Object(Laravel\\Lumen\\Http\\Request))
#17 /home/simdoctorcombr/public_html/api.clinicanova-dev/app/Http/Middleware/Authenticate.php(62): Laravel\\Lumen\\Routing\\Pipeline->Laravel\\Lumen\\Routing\\{closure}(Object(Laravel\\Lumen\\Http\\Request))
#18 /home/simdoctorcombr/public_html/api.clinicanova-dev/vendor/illuminate/pipeline/Pipeline.php(167): App\\Http\\Middleware\\Authenticate->handle(Object(Laravel\\Lumen\\Http\\Request), Object(Closure), 'interno_api')
#19 /home/simdoctorcombr/public_html/api.clinicanova-dev/vendor/laravel/lumen-framework/src/Routing/Pipeline.php(30): Illuminate\\Pipeline\\Pipeline->Illuminate\\Pipeline\\{closure}(Object(Laravel\\Lumen\\Http\\Request))
#20 /home/simdoctorcombr/public_html/api.clinicanova-dev/vendor/illuminate/pipeline/Pipeline.php(103): Laravel\\Lumen\\Routing\\Pipeline->Laravel\\Lumen\\Routing\\{closure}(Object(Laravel\\Lumen\\Http\\Request))
#21 /home/simdoctorcombr/public_html/api.clinicanova-dev/vendor/laravel/lumen-framework/src/Concerns/RoutesRequests.php(423): Illuminate\\Pipeline\\Pipeline->then(Object(Closure))
#22 /home/simdoctorcombr/public_html/api.clinicanova-dev/vendor/laravel/lumen-framework/src/Concerns/RoutesRequests.php(260): Laravel\\Lumen\\Application->sendThroughPipeline(Array, Object(Closure))
#23 /home/simdoctorcombr/public_html/api.clinicanova-dev/vendor/laravel/lumen-framework/src/Concerns/RoutesRequests.php(234): Laravel\\Lumen\\Application->handleFoundRoute(Array)
#24 /home/simdoctorcombr/public_html/api.clinicanova-dev/vendor/laravel/lumen-framework/src/Concerns/RoutesRequests.php(170): Laravel\\Lumen\\Application->handleDispatcherResponse(Array)
#25 /home/simdoctorcombr/public_html/api.clinicanova-dev/vendor/laravel/lumen-framework/src/Routing/Pipeline.php(48): Laravel\\Lumen\\Application->Laravel\\Lumen\\Concerns\\{closure}(Object(Laravel\\Lumen\\Http\\Request))
#26 /home/simdoctorcombr/public_html/api.clinicanova-dev/app/Http/Middleware/CorsMiddleware.php(33): Laravel\\Lumen\\Routing\\Pipeline->Laravel\\Lumen\\Routing\\{closure}(Object(Laravel\\Lumen\\Http\\Request))
#27 /home/simdoctorcombr/public_html/api.clinicanova-dev/vendor/illuminate/pipeline/Pipeline.php(167): App\\Http\\Middleware\\CorsMiddleware->handle(Object(Laravel\\Lumen\\Http\\Request), Object(Closure))
#28 /home/simdoctorcombr/public_html/api.clinicanova-dev/vendor/laravel/lumen-framework/src/Routing/Pipeline.php(30): Illuminate\\Pipeline\\Pipeline->Illuminate\\Pipeline\\{closure}(Object(Laravel\\Lumen\\Http\\Request))
#29 /home/simdoctorcombr/public_html/api.clinicanova-dev/vendor/illuminate/pipeline/Pipeline.php(103): Laravel\\Lumen\\Routing\\Pipeline->Laravel\\Lumen\\Routing\\{closure}(Object(Laravel\\Lumen\\Http\\Request))
#30 /home/simdoctorcombr/public_html/api.clinicanova-dev/vendor/laravel/lumen-framework/src/Concerns/RoutesRequests.php(423): Illuminate\\Pipeline\\Pipeline->then(Object(Closure))
#31 /home/simdoctorcombr/public_html/api.clinicanova-dev/vendor/laravel/lumen-framework/src/Concerns/RoutesRequests.php(172): Laravel\\Lumen\\Application->sendThroughPipeline(Array, Object(Closure))
#32 /home/simdoctorcombr/public_html/api.clinicanova-dev/vendor/laravel/lumen-framework/src/Concerns/RoutesRequests.php(109): Laravel\\Lumen\\Application->dispatch(NULL)
#33 /home/simdoctorcombr/public_html/api.clinicanova-dev/public/index.php(29): Laravel\\Lumen\\Application->run()
#34 {main}

[previous exception] [object] (PDOException(code: 42S22): SQLSTATE[42S22]: Column not found: 1054 Unknown column 'undefined' in 'where clause' at /home/simdoctorcombr/public_html/api.clinicanova-dev/vendor/illuminate/database/Connection.php:338)
[stacktrace]
#0 /home/simdoctorcombr/public_html/api.clinicanova-dev/vendor/illuminate/database/Connection.php(338): PDO->prepare('SELECT A.*,\\
  ...')
#1 /home/simdoctorcombr/public_html/api.clinicanova-dev/vendor/illuminate/database/Connection.php(671): Illuminate\\Database\\Connection->Illuminate\\Database\\{closure}('SELECT A.*,\\
  ...', Array)
#2 /home/simdoctorcombr/public_html/api.clinicanova-dev/vendor/illuminate/database/Connection.php(638): Illuminate\\Database\\Connection->runQueryCallback('SELECT A.*,\\
  ...', Array, Object(Closure))
#3 /home/simdoctorcombr/public_html/api.clinicanova-dev/vendor/illuminate/database/Connection.php(346): Illuminate\\Database\\Connection->run('SELECT A.*,\\
  ...', Array, Object(Closure))
#4 /home/simdoctorcombr/public_html/api.clinicanova-dev/app/Repositories/Clinicas/PlanoAprovacoesRepository.php(46): Illuminate\\Database\\Connection->select('SELECT A.*,\\
  ...')
#5 /home/simdoctorcombr/public_html/api.clinicanova-dev/app/Services/Clinicas/Paciente/PacienteDependenteService.php(57): App\\Repositories\\Clinicas\\PlanoAprovacoesRepository->getAprovacoesDependentesByPacienteId('3580', 'undefined', 1)
#6 /home/simdoctorcombr/public_html/api.clinicanova-dev/app/Services/Clinicas/PacienteService.php(1145): App\\Services\\Clinicas\\Paciente\\PacienteDependenteService->getByPaciente('3580', 'undefined', Array)
#7 /home/simdoctorcombr/public_html/api.clinicanova-dev/app/Http/Controllers/ApiClinicas/Paciente/PacienteController.php(595): App\\Services\\Clinicas\\PacienteService->getDependentes('3580', 'undefined', Array)
#8 /home/simdoctorcombr/public_html/api.clinicanova-dev/vendor/illuminate/container/BoundMethod.php(36): App\\Http\\Controllers\\ApiClinicas\\Paciente\\PacienteController->getDependentes(Object(Laravel\\Lumen\\Http\\Request), 'undefined')
#9 /home/simdoctorcombr/public_html/api.clinicanova-dev/vendor/illuminate/container/Util.php(40): Illuminate\\Container\\BoundMethod::Illuminate\\Container\\{closure}()
#10 /home/simdoctorcombr/public_html/api.clinicanova-dev/vendor/illuminate/container/BoundMethod.php(93): Illuminate\\Container\\Util::unwrapIfClosure(Object(Closure))
#11 /home/simdoctorcombr/public_html/api.clinicanova-dev/vendor/illuminate/container/BoundMethod.php(37): Illuminate\\Container\\BoundMethod::callBoundMethod(Object(Laravel\\Lumen\\Application), Array, Object(Closure))
#12 /home/simdoctorcombr/public_html/api.clinicanova-dev/vendor/illuminate/container/Container.php(611): Illuminate\\Container\\BoundMethod::call(Object(Laravel\\Lumen\\Application), Array, Array, NULL)
#13 /home/simdoctorcombr/public_html/api.clinicanova-dev/vendor/laravel/lumen-framework/src/Concerns/RoutesRequests.php(386): Illuminate\\Container\\Container->call(Array, Array)
#14 /home/simdoctorcombr/public_html/api.clinicanova-dev/vendor/laravel/lumen-framework/src/Concerns/RoutesRequests.php(352): Laravel\\Lumen\\Application->callControllerCallable(Array, Array)
#15 /home/simdoctorcombr/public_html/api.clinicanova-dev/vendor/laravel/lumen-framework/src/Concerns/RoutesRequests.php(326): Laravel\\Lumen\\Application->callLumenController(Object(App\\Http\\Controllers\\ApiClinicas\\Paciente\\PacienteController), 'getDependentes', Array)
#16 /home/simdoctorcombr/public_html/api.clinicanova-dev/vendor/laravel/lumen-framework/src/Concerns/RoutesRequests.php(279): Laravel\\Lumen\\Application->callControllerAction(Array)
#17 /home/simdoctorcombr/public_html/api.clinicanova-dev/vendor/laravel/lumen-framework/src/Concerns/RoutesRequests.php(259): Laravel\\Lumen\\Application->callActionOnArrayBasedRoute(Array)
#18 /home/simdoctorcombr/public_html/api.clinicanova-dev/vendor/laravel/lumen-framework/src/Routing/Pipeline.php(48): Laravel\\Lumen\\Application->Laravel\\Lumen\\Concerns\\{closure}(Object(Laravel\\Lumen\\Http\\Request))
#19 /home/simdoctorcombr/public_html/api.clinicanova-dev/app/Http/Middleware/Authenticate.php(62): Laravel\\Lumen\\Routing\\Pipeline->Laravel\\Lumen\\Routing\\{closure}(Object(Laravel\\Lumen\\Http\\Request))
#20 /home/simdoctorcombr/public_html/api.clinicanova-dev/vendor/illuminate/pipeline/Pipeline.php(167): App\\Http\\Middleware\\Authenticate->handle(Object(Laravel\\Lumen\\Http\\Request), Object(Closure), 'interno_api')
#21 /home/simdoctorcombr/public_html/api.clinicanova-dev/vendor/laravel/lumen-framework/src/Routing/Pipeline.php(30): Illuminate\\Pipeline\\Pipeline->Illuminate\\Pipeline\\{closure}(Object(Laravel\\Lumen\\Http\\Request))
#22 /home/simdoctorcombr/public_html/api.clinicanova-dev/vendor/illuminate/pipeline/Pipeline.php(103): Laravel\\Lumen\\Routing\\Pipeline->Laravel\\Lumen\\Routing\\{closure}(Object(Laravel\\Lumen\\Http\\Request))
#23 /home/simdoctorcombr/public_html/api.clinicanova-dev/vendor/laravel/lumen-framework/src/Concerns/RoutesRequests.php(423): Illuminate\\Pipeline\\Pipeline->then(Object(Closure))
#24 /home/simdoctorcombr/public_html/api.clinicanova-dev/vendor/laravel/lumen-framework/src/Concerns/RoutesRequests.php(260): Laravel\\Lumen\\Application->sendThroughPipeline(Array, Object(Closure))
#25 /home/simdoctorcombr/public_html/api.clinicanova-dev/vendor/laravel/lumen-framework/src/Concerns/RoutesRequests.php(234): Laravel\\Lumen\\Application->handleFoundRoute(Array)
#26 /home/simdoctorcombr/public_html/api.clinicanova-dev/vendor/laravel/lumen-framework/src/Concerns/RoutesRequests.php(170): Laravel\\Lumen\\Application->handleDispatcherResponse(Array)
#27 /home/simdoctorcombr/public_html/api.clinicanova-dev/vendor/laravel/lumen-framework/src/Routing/Pipeline.php(48): Laravel\\Lumen\\Application->Laravel\\Lumen\\Concerns\\{closure}(Object(Laravel\\Lumen\\Http\\Request))
#28 /home/simdoctorcombr/public_html/api.clinicanova-dev/app/Http/Middleware/CorsMiddleware.php(33): Laravel\\Lumen\\Routing\\Pipeline->Laravel\\Lumen\\Routing\\{closure}(Object(Laravel\\Lumen\\Http\\Request))
#29 /home/simdoctorcombr/public_html/api.clinicanova-dev/vendor/illuminate/pipeline/Pipeline.php(167): App\\Http\\Middleware\\CorsMiddleware->handle(Object(Laravel\\Lumen\\Http\\Request), Object(Closure))
#30 /home/simdoctorcombr/public_html/api.clinicanova-dev/vendor/laravel/lumen-framework/src/Routing/Pipeline.php(30): Illuminate\\Pipeline\\Pipeline->Illuminate\\Pipeline\\{closure}(Object(Laravel\\Lumen\\Http\\Request))
#31 /home/simdoctorcombr/public_html/api.clinicanova-dev/vendor/illuminate/pipeline/Pipeline.php(103): Laravel\\Lumen\\Routing\\Pipeline->Laravel\\Lumen\\Routing\\{closure}(Object(Laravel\\Lumen\\Http\\Request))
#32 /home/simdoctorcombr/public_html/api.clinicanova-dev/vendor/laravel/lumen-framework/src/Concerns/RoutesRequests.php(423): Illuminate\\Pipeline\\Pipeline->then(Object(Closure))
#33 /home/simdoctorcombr/public_html/api.clinicanova-dev/vendor/laravel/lumen-framework/src/Concerns/RoutesRequests.php(172): Laravel\\Lumen\\Application->sendThroughPipeline(Array, Object(Closure))
#34 /home/simdoctorcombr/public_html/api.clinicanova-dev/vendor/laravel/lumen-framework/src/Concerns/RoutesRequests.php(109): Laravel\\Lumen\\Application->dispatch(NULL)
#35 /home/simdoctorcombr/public_html/api.clinicanova-dev/public/index.php(29): Laravel\\Lumen\\Application->run()
#36 {main}
"} 
[2024-01-04 12:45:07] local.ERROR: SQLSTATE[42S22]: Column not found: 1054 Unknown column 'undefined' in 'where clause' (SQL: SELECT A.*,
            AES_DECRYPT(B.nome_cript, '19fa61d75522a4669b44e39c1d2e1726c530232130d407f89afee0964997f7a73e83be698b288febcf88e3e03c4f0757ea8964e59b63d93708b138cc42a66eb3') as nomePaciente,
            AES_DECRYPT(B.sobrenome_cript, '19fa61d75522a4669b44e39c1d2e1726c530232130d407f89afee0964997f7a73e83be698b288febcf88e3e03c4f0757ea8964e59b63d93708b138cc42a66eb3') as sobrenomePaciente,
           AES_DECRYPT(A.nome, '19fa61d75522a4669b44e39c1d2e1726c530232130d407f89afee0964997f7a73e83be698b288febcf88e3e03c4f0757ea8964e59b63d93708b138cc42a66eb3') as nomeDependente,
            AES_DECRYPT(A.sobrenome, '19fa61d75522a4669b44e39c1d2e1726c530232130d407f89afee0964997f7a73e83be698b288febcf88e3e03c4f0757ea8964e59b63d93708b138cc42a66eb3') as sobrenomeDependente,
            AES_DECRYPT(A.cpf, '19fa61d75522a4669b44e39c1d2e1726c530232130d407f89afee0964997f7a73e83be698b288febcf88e3e03c4f0757ea8964e59b63d93708b138cc42a66eb3') as cpfDependente,
            AES_DECRYPT(A.sexo, '19fa61d75522a4669b44e39c1d2e1726c530232130d407f89afee0964997f7a73e83be698b288febcf88e3e03c4f0757ea8964e59b63d93708b138cc42a66eb3') as sexoDependente,
           C.data_nascimento
             FROM plano_aprovacoes AS A
            LEFT JOIN pacientes AS B
            ON B.id = A.pacientes_id
            LEFT JOIN pacientes AS C
            ON C.id = A.pacientes_dep_id  
            WHERE A.identificador = 3580 AND A.pacientes_id = undefined  AND tipo =1 ORDER BY data_cad DESC 
                ) {"exception":"[object] (Illuminate\\Database\\QueryException(code: 42S22): SQLSTATE[42S22]: Column not found: 1054 Unknown column 'undefined' in 'where clause' (SQL: SELECT A.*,
            AES_DECRYPT(B.nome_cript, '19fa61d75522a4669b44e39c1d2e1726c530232130d407f89afee0964997f7a73e83be698b288febcf88e3e03c4f0757ea8964e59b63d93708b138cc42a66eb3') as nomePaciente,
            AES_DECRYPT(B.sobrenome_cript, '19fa61d75522a4669b44e39c1d2e1726c530232130d407f89afee0964997f7a73e83be698b288febcf88e3e03c4f0757ea8964e59b63d93708b138cc42a66eb3') as sobrenomePaciente,
           AES_DECRYPT(A.nome, '19fa61d75522a4669b44e39c1d2e1726c530232130d407f89afee0964997f7a73e83be698b288febcf88e3e03c4f0757ea8964e59b63d93708b138cc42a66eb3') as nomeDependente,
            AES_DECRYPT(A.sobrenome, '19fa61d75522a4669b44e39c1d2e1726c530232130d407f89afee0964997f7a73e83be698b288febcf88e3e03c4f0757ea8964e59b63d93708b138cc42a66eb3') as sobrenomeDependente,
            AES_DECRYPT(A.cpf, '19fa61d75522a4669b44e39c1d2e1726c530232130d407f89afee0964997f7a73e83be698b288febcf88e3e03c4f0757ea8964e59b63d93708b138cc42a66eb3') as cpfDependente,
            AES_DECRYPT(A.sexo, '19fa61d75522a4669b44e39c1d2e1726c530232130d407f89afee0964997f7a73e83be698b288febcf88e3e03c4f0757ea8964e59b63d93708b138cc42a66eb3') as sexoDependente,
           C.data_nascimento
             FROM plano_aprovacoes AS A
            LEFT JOIN pacientes AS B
            ON B.id = A.pacientes_id
            LEFT JOIN pacientes AS C
            ON C.id = A.pacientes_dep_id  
            WHERE A.identificador = 3580 AND A.pacientes_id = undefined  AND tipo =1 ORDER BY data_cad DESC 
                ) at /home/simdoctorcombr/public_html/api.clinicanova-dev/vendor/illuminate/database/Connection.php:678)
[stacktrace]
#0 /home/simdoctorcombr/public_html/api.clinicanova-dev/vendor/illuminate/database/Connection.php(638): Illuminate\\Database\\Connection->runQueryCallback('SELECT A.*,\\
  ...', Array, Object(Closure))
#1 /home/simdoctorcombr/public_html/api.clinicanova-dev/vendor/illuminate/database/Connection.php(346): Illuminate\\Database\\Connection->run('SELECT A.*,\\
  ...', Array, Object(Closure))
#2 /home/simdoctorcombr/public_html/api.clinicanova-dev/app/Repositories/Clinicas/PlanoAprovacoesRepository.php(46): Illuminate\\Database\\Connection->select('SELECT A.*,\\
  ...')
#3 /home/simdoctorcombr/public_html/api.clinicanova-dev/app/Services/Clinicas/Paciente/PacienteDependenteService.php(57): App\\Repositories\\Clinicas\\PlanoAprovacoesRepository->getAprovacoesDependentesByPacienteId('3580', 'undefined', 1)
#4 /home/simdoctorcombr/public_html/api.clinicanova-dev/app/Services/Clinicas/PacienteService.php(1145): App\\Services\\Clinicas\\Paciente\\PacienteDependenteService->getByPaciente('3580', 'undefined', Array)
#5 /home/simdoctorcombr/public_html/api.clinicanova-dev/app/Http/Controllers/ApiClinicas/Paciente/PacienteController.php(595): App\\Services\\Clinicas\\PacienteService->getDependentes('3580', 'undefined', Array)
#6 /home/simdoctorcombr/public_html/api.clinicanova-dev/vendor/illuminate/container/BoundMethod.php(36): App\\Http\\Controllers\\ApiClinicas\\Paciente\\PacienteController->getDependentes(Object(Laravel\\Lumen\\Http\\Request), 'undefined')
#7 /home/simdoctorcombr/public_html/api.clinicanova-dev/vendor/illuminate/container/Util.php(40): Illuminate\\Container\\BoundMethod::Illuminate\\Container\\{closure}()
#8 /home/simdoctorcombr/public_html/api.clinicanova-dev/vendor/illuminate/container/BoundMethod.php(93): Illuminate\\Container\\Util::unwrapIfClosure(Object(Closure))
#9 /home/simdoctorcombr/public_html/api.clinicanova-dev/vendor/illuminate/container/BoundMethod.php(37): Illuminate\\Container\\BoundMethod::callBoundMethod(Object(Laravel\\Lumen\\Application), Array, Object(Closure))
#10 /home/simdoctorcombr/public_html/api.clinicanova-dev/vendor/illuminate/container/Container.php(611): Illuminate\\Container\\BoundMethod::call(Object(Laravel\\Lumen\\Application), Array, Array, NULL)
#11 /home/simdoctorcombr/public_html/api.clinicanova-dev/vendor/laravel/lumen-framework/src/Concerns/RoutesRequests.php(386): Illuminate\\Container\\Container->call(Array, Array)
#12 /home/simdoctorcombr/public_html/api.clinicanova-dev/vendor/laravel/lumen-framework/src/Concerns/RoutesRequests.php(352): Laravel\\Lumen\\Application->callControllerCallable(Array, Array)
#13 /home/simdoctorcombr/public_html/api.clinicanova-dev/vendor/laravel/lumen-framework/src/Concerns/RoutesRequests.php(326): Laravel\\Lumen\\Application->callLumenController(Object(App\\Http\\Controllers\\ApiClinicas\\Paciente\\PacienteController), 'getDependentes', Array)
#14 /home/simdoctorcombr/public_html/api.clinicanova-dev/vendor/laravel/lumen-framework/src/Concerns/RoutesRequests.php(279): Laravel\\Lumen\\Application->callControllerAction(Array)
#15 /home/simdoctorcombr/public_html/api.clinicanova-dev/vendor/laravel/lumen-framework/src/Concerns/RoutesRequests.php(259): Laravel\\Lumen\\Application->callActionOnArrayBasedRoute(Array)
#16 /home/simdoctorcombr/public_html/api.clinicanova-dev/vendor/laravel/lumen-framework/src/Routing/Pipeline.php(48): Laravel\\Lumen\\Application->Laravel\\Lumen\\Concerns\\{closure}(Object(Laravel\\Lumen\\Http\\Request))
#17 /home/simdoctorcombr/public_html/api.clinicanova-dev/app/Http/Middleware/Authenticate.php(62): Laravel\\Lumen\\Routing\\Pipeline->Laravel\\Lumen\\Routing\\{closure}(Object(Laravel\\Lumen\\Http\\Request))
#18 /home/simdoctorcombr/public_html/api.clinicanova-dev/vendor/illuminate/pipeline/Pipeline.php(167): App\\Http\\Middleware\\Authenticate->handle(Object(Laravel\\Lumen\\Http\\Request), Object(Closure), 'interno_api')
#19 /home/simdoctorcombr/public_html/api.clinicanova-dev/vendor/laravel/lumen-framework/src/Routing/Pipeline.php(30): Illuminate\\Pipeline\\Pipeline->Illuminate\\Pipeline\\{closure}(Object(Laravel\\Lumen\\Http\\Request))
#20 /home/simdoctorcombr/public_html/api.clinicanova-dev/vendor/illuminate/pipeline/Pipeline.php(103): Laravel\\Lumen\\Routing\\Pipeline->Laravel\\Lumen\\Routing\\{closure}(Object(Laravel\\Lumen\\Http\\Request))
#21 /home/simdoctorcombr/public_html/api.clinicanova-dev/vendor/laravel/lumen-framework/src/Concerns/RoutesRequests.php(423): Illuminate\\Pipeline\\Pipeline->then(Object(Closure))
#22 /home/simdoctorcombr/public_html/api.clinicanova-dev/vendor/laravel/lumen-framework/src/Concerns/RoutesRequests.php(260): Laravel\\Lumen\\Application->sendThroughPipeline(Array, Object(Closure))
#23 /home/simdoctorcombr/public_html/api.clinicanova-dev/vendor/laravel/lumen-framework/src/Concerns/RoutesRequests.php(234): Laravel\\Lumen\\Application->handleFoundRoute(Array)
#24 /home/simdoctorcombr/public_html/api.clinicanova-dev/vendor/laravel/lumen-framework/src/Concerns/RoutesRequests.php(170): Laravel\\Lumen\\Application->handleDispatcherResponse(Array)
#25 /home/simdoctorcombr/public_html/api.clinicanova-dev/vendor/laravel/lumen-framework/src/Routing/Pipeline.php(48): Laravel\\Lumen\\Application->Laravel\\Lumen\\Concerns\\{closure}(Object(Laravel\\Lumen\\Http\\Request))
#26 /home/simdoctorcombr/public_html/api.clinicanova-dev/app/Http/Middleware/CorsMiddleware.php(33): Laravel\\Lumen\\Routing\\Pipeline->Laravel\\Lumen\\Routing\\{closure}(Object(Laravel\\Lumen\\Http\\Request))
#27 /home/simdoctorcombr/public_html/api.clinicanova-dev/vendor/illuminate/pipeline/Pipeline.php(167): App\\Http\\Middleware\\CorsMiddleware->handle(Object(Laravel\\Lumen\\Http\\Request), Object(Closure))
#28 /home/simdoctorcombr/public_html/api.clinicanova-dev/vendor/laravel/lumen-framework/src/Routing/Pipeline.php(30): Illuminate\\Pipeline\\Pipeline->Illuminate\\Pipeline\\{closure}(Object(Laravel\\Lumen\\Http\\Request))
#29 /home/simdoctorcombr/public_html/api.clinicanova-dev/vendor/illuminate/pipeline/Pipeline.php(103): Laravel\\Lumen\\Routing\\Pipeline->Laravel\\Lumen\\Routing\\{closure}(Object(Laravel\\Lumen\\Http\\Request))
#30 /home/simdoctorcombr/public_html/api.clinicanova-dev/vendor/laravel/lumen-framework/src/Concerns/RoutesRequests.php(423): Illuminate\\Pipeline\\Pipeline->then(Object(Closure))
#31 /home/simdoctorcombr/public_html/api.clinicanova-dev/vendor/laravel/lumen-framework/src/Concerns/RoutesRequests.php(172): Laravel\\Lumen\\Application->sendThroughPipeline(Array, Object(Closure))
#32 /home/simdoctorcombr/public_html/api.clinicanova-dev/vendor/laravel/lumen-framework/src/Concerns/RoutesRequests.php(109): Laravel\\Lumen\\Application->dispatch(NULL)
#33 /home/simdoctorcombr/public_html/api.clinicanova-dev/public/index.php(29): Laravel\\Lumen\\Application->run()
#34 {main}

[previous exception] [object] (PDOException(code: 42S22): SQLSTATE[42S22]: Column not found: 1054 Unknown column 'undefined' in 'where clause' at /home/simdoctorcombr/public_html/api.clinicanova-dev/vendor/illuminate/database/Connection.php:338)
[stacktrace]
#0 /home/simdoctorcombr/public_html/api.clinicanova-dev/vendor/illuminate/database/Connection.php(338): PDO->prepare('SELECT A.*,\\
  ...')
#1 /home/simdoctorcombr/public_html/api.clinicanova-dev/vendor/illuminate/database/Connection.php(671): Illuminate\\Database\\Connection->Illuminate\\Database\\{closure}('SELECT A.*,\\
  ...', Array)
#2 /home/simdoctorcombr/public_html/api.clinicanova-dev/vendor/illuminate/database/Connection.php(638): Illuminate\\Database\\Connection->runQueryCallback('SELECT A.*,\\
  ...', Array, Object(Closure))
#3 /home/simdoctorcombr/public_html/api.clinicanova-dev/vendor/illuminate/database/Connection.php(346): Illuminate\\Database\\Connection->run('SELECT A.*,\\
  ...', Array, Object(Closure))
#4 /home/simdoctorcombr/public_html/api.clinicanova-dev/app/Repositories/Clinicas/PlanoAprovacoesRepository.php(46): Illuminate\\Database\\Connection->select('SELECT A.*,\\
  ...')
#5 /home/simdoctorcombr/public_html/api.clinicanova-dev/app/Services/Clinicas/Paciente/PacienteDependenteService.php(57): App\\Repositories\\Clinicas\\PlanoAprovacoesRepository->getAprovacoesDependentesByPacienteId('3580', 'undefined', 1)
#6 /home/simdoctorcombr/public_html/api.clinicanova-dev/app/Services/Clinicas/PacienteService.php(1145): App\\Services\\Clinicas\\Paciente\\PacienteDependenteService->getByPaciente('3580', 'undefined', Array)
#7 /home/simdoctorcombr/public_html/api.clinicanova-dev/app/Http/Controllers/ApiClinicas/Paciente/PacienteController.php(595): App\\Services\\Clinicas\\PacienteService->getDependentes('3580', 'undefined', Array)
#8 /home/simdoctorcombr/public_html/api.clinicanova-dev/vendor/illuminate/container/BoundMethod.php(36): App\\Http\\Controllers\\ApiClinicas\\Paciente\\PacienteController->getDependentes(Object(Laravel\\Lumen\\Http\\Request), 'undefined')
#9 /home/simdoctorcombr/public_html/api.clinicanova-dev/vendor/illuminate/container/Util.php(40): Illuminate\\Container\\BoundMethod::Illuminate\\Container\\{closure}()
#10 /home/simdoctorcombr/public_html/api.clinicanova-dev/vendor/illuminate/container/BoundMethod.php(93): Illuminate\\Container\\Util::unwrapIfClosure(Object(Closure))
#11 /home/simdoctorcombr/public_html/api.clinicanova-dev/vendor/illuminate/container/BoundMethod.php(37): Illuminate\\Container\\BoundMethod::callBoundMethod(Object(Laravel\\Lumen\\Application), Array, Object(Closure))
#12 /home/simdoctorcombr/public_html/api.clinicanova-dev/vendor/illuminate/container/Container.php(611): Illuminate\\Container\\BoundMethod::call(Object(Laravel\\Lumen\\Application), Array, Array, NULL)
#13 /home/simdoctorcombr/public_html/api.clinicanova-dev/vendor/laravel/lumen-framework/src/Concerns/RoutesRequests.php(386): Illuminate\\Container\\Container->call(Array, Array)
#14 /home/simdoctorcombr/public_html/api.clinicanova-dev/vendor/laravel/lumen-framework/src/Concerns/RoutesRequests.php(352): Laravel\\Lumen\\Application->callControllerCallable(Array, Array)
#15 /home/simdoctorcombr/public_html/api.clinicanova-dev/vendor/laravel/lumen-framework/src/Concerns/RoutesRequests.php(326): Laravel\\Lumen\\Application->callLumenController(Object(App\\Http\\Controllers\\ApiClinicas\\Paciente\\PacienteController), 'getDependentes', Array)
#16 /home/simdoctorcombr/public_html/api.clinicanova-dev/vendor/laravel/lumen-framework/src/Concerns/RoutesRequests.php(279): Laravel\\Lumen\\Application->callControllerAction(Array)
#17 /home/simdoctorcombr/public_html/api.clinicanova-dev/vendor/laravel/lumen-framework/src/Concerns/RoutesRequests.php(259): Laravel\\Lumen\\Application->callActionOnArrayBasedRoute(Array)
#18 /home/simdoctorcombr/public_html/api.clinicanova-dev/vendor/laravel/lumen-framework/src/Routing/Pipeline.php(48): Laravel\\Lumen\\Application->Laravel\\Lumen\\Concerns\\{closure}(Object(Laravel\\Lumen\\Http\\Request))
#19 /home/simdoctorcombr/public_html/api.clinicanova-dev/app/Http/Middleware/Authenticate.php(62): Laravel\\Lumen\\Routing\\Pipeline->Laravel\\Lumen\\Routing\\{closure}(Object(Laravel\\Lumen\\Http\\Request))
#20 /home/simdoctorcombr/public_html/api.clinicanova-dev/vendor/illuminate/pipeline/Pipeline.php(167): App\\Http\\Middleware\\Authenticate->handle(Object(Laravel\\Lumen\\Http\\Request), Object(Closure), 'interno_api')
#21 /home/simdoctorcombr/public_html/api.clinicanova-dev/vendor/laravel/lumen-framework/src/Routing/Pipeline.php(30): Illuminate\\Pipeline\\Pipeline->Illuminate\\Pipeline\\{closure}(Object(Laravel\\Lumen\\Http\\Request))
#22 /home/simdoctorcombr/public_html/api.clinicanova-dev/vendor/illuminate/pipeline/Pipeline.php(103): Laravel\\Lumen\\Routing\\Pipeline->Laravel\\Lumen\\Routing\\{closure}(Object(Laravel\\Lumen\\Http\\Request))
#23 /home/simdoctorcombr/public_html/api.clinicanova-dev/vendor/laravel/lumen-framework/src/Concerns/RoutesRequests.php(423): Illuminate\\Pipeline\\Pipeline->then(Object(Closure))
#24 /home/simdoctorcombr/public_html/api.clinicanova-dev/vendor/laravel/lumen-framework/src/Concerns/RoutesRequests.php(260): Laravel\\Lumen\\Application->sendThroughPipeline(Array, Object(Closure))
#25 /home/simdoctorcombr/public_html/api.clinicanova-dev/vendor/laravel/lumen-framework/src/Concerns/RoutesRequests.php(234): Laravel\\Lumen\\Application->handleFoundRoute(Array)
#26 /home/simdoctorcombr/public_html/api.clinicanova-dev/vendor/laravel/lumen-framework/src/Concerns/RoutesRequests.php(170): Laravel\\Lumen\\Application->handleDispatcherResponse(Array)
#27 /home/simdoctorcombr/public_html/api.clinicanova-dev/vendor/laravel/lumen-framework/src/Routing/Pipeline.php(48): Laravel\\Lumen\\Application->Laravel\\Lumen\\Concerns\\{closure}(Object(Laravel\\Lumen\\Http\\Request))
#28 /home/simdoctorcombr/public_html/api.clinicanova-dev/app/Http/Middleware/CorsMiddleware.php(33): Laravel\\Lumen\\Routing\\Pipeline->Laravel\\Lumen\\Routing\\{closure}(Object(Laravel\\Lumen\\Http\\Request))
#29 /home/simdoctorcombr/public_html/api.clinicanova-dev/vendor/illuminate/pipeline/Pipeline.php(167): App\\Http\\Middleware\\CorsMiddleware->handle(Object(Laravel\\Lumen\\Http\\Request), Object(Closure))
#30 /home/simdoctorcombr/public_html/api.clinicanova-dev/vendor/laravel/lumen-framework/src/Routing/Pipeline.php(30): Illuminate\\Pipeline\\Pipeline->Illuminate\\Pipeline\\{closure}(Object(Laravel\\Lumen\\Http\\Request))
#31 /home/simdoctorcombr/public_html/api.clinicanova-dev/vendor/illuminate/pipeline/Pipeline.php(103): Laravel\\Lumen\\Routing\\Pipeline->Laravel\\Lumen\\Routing\\{closure}(Object(Laravel\\Lumen\\Http\\Request))
#32 /home/simdoctorcombr/public_html/api.clinicanova-dev/vendor/laravel/lumen-framework/src/Concerns/RoutesRequests.php(423): Illuminate\\Pipeline\\Pipeline->then(Object(Closure))
#33 /home/simdoctorcombr/public_html/api.clinicanova-dev/vendor/laravel/lumen-framework/src/Concerns/RoutesRequests.php(172): Laravel\\Lumen\\Application->sendThroughPipeline(Array, Object(Closure))
#34 /home/simdoctorcombr/public_html/api.clinicanova-dev/vendor/laravel/lumen-framework/src/Concerns/RoutesRequests.php(109): Laravel\\Lumen\\Application->dispatch(NULL)
#35 /home/simdoctorcombr/public_html/api.clinicanova-dev/public/index.php(29): Laravel\\Lumen\\Application->run()
#36 {main}
"} 
[2024-01-04 12:59:43] local.ERROR: SQLSTATE[42S22]: Column not found: 1054 Unknown column 'undefined' in 'where clause' (SQL: SELECT A.*,
            AES_DECRYPT(B.nome_cript, '19fa61d75522a4669b44e39c1d2e1726c530232130d407f89afee0964997f7a73e83be698b288febcf88e3e03c4f0757ea8964e59b63d93708b138cc42a66eb3') as nomePaciente,
            AES_DECRYPT(B.sobrenome_cript, '19fa61d75522a4669b44e39c1d2e1726c530232130d407f89afee0964997f7a73e83be698b288febcf88e3e03c4f0757ea8964e59b63d93708b138cc42a66eb3') as sobrenomePaciente,
           AES_DECRYPT(A.nome, '19fa61d75522a4669b44e39c1d2e1726c530232130d407f89afee0964997f7a73e83be698b288febcf88e3e03c4f0757ea8964e59b63d93708b138cc42a66eb3') as nomeDependente,
            AES_DECRYPT(A.sobrenome, '19fa61d75522a4669b44e39c1d2e1726c530232130d407f89afee0964997f7a73e83be698b288febcf88e3e03c4f0757ea8964e59b63d93708b138cc42a66eb3') as sobrenomeDependente,
            AES_DECRYPT(A.cpf, '19fa61d75522a4669b44e39c1d2e1726c530232130d407f89afee0964997f7a73e83be698b288febcf88e3e03c4f0757ea8964e59b63d93708b138cc42a66eb3') as cpfDependente,
            AES_DECRYPT(A.sexo, '19fa61d75522a4669b44e39c1d2e1726c530232130d407f89afee0964997f7a73e83be698b288febcf88e3e03c4f0757ea8964e59b63d93708b138cc42a66eb3') as sexoDependente,
           C.data_nascimento
             FROM plano_aprovacoes AS A
            LEFT JOIN pacientes AS B
            ON B.id = A.pacientes_id
            LEFT JOIN pacientes AS C
            ON C.id = A.pacientes_dep_id  
            WHERE A.identificador = 3580 AND A.pacientes_id = undefined  AND tipo =1 ORDER BY data_cad DESC 
                ) {"exception":"[object] (Illuminate\\Database\\QueryException(code: 42S22): SQLSTATE[42S22]: Column not found: 1054 Unknown column 'undefined' in 'where clause' (SQL: SELECT A.*,
            AES_DECRYPT(B.nome_cript, '19fa61d75522a4669b44e39c1d2e1726c530232130d407f89afee0964997f7a73e83be698b288febcf88e3e03c4f0757ea8964e59b63d93708b138cc42a66eb3') as nomePaciente,
            AES_DECRYPT(B.sobrenome_cript, '19fa61d75522a4669b44e39c1d2e1726c530232130d407f89afee0964997f7a73e83be698b288febcf88e3e03c4f0757ea8964e59b63d93708b138cc42a66eb3') as sobrenomePaciente,
           AES_DECRYPT(A.nome, '19fa61d75522a4669b44e39c1d2e1726c530232130d407f89afee0964997f7a73e83be698b288febcf88e3e03c4f0757ea8964e59b63d93708b138cc42a66eb3') as nomeDependente,
            AES_DECRYPT(A.sobrenome, '19fa61d75522a4669b44e39c1d2e1726c530232130d407f89afee0964997f7a73e83be698b288febcf88e3e03c4f0757ea8964e59b63d93708b138cc42a66eb3') as sobrenomeDependente,
            AES_DECRYPT(A.cpf, '19fa61d75522a4669b44e39c1d2e1726c530232130d407f89afee0964997f7a73e83be698b288febcf88e3e03c4f0757ea8964e59b63d93708b138cc42a66eb3') as cpfDependente,
            AES_DECRYPT(A.sexo, '19fa61d75522a4669b44e39c1d2e1726c530232130d407f89afee0964997f7a73e83be698b288febcf88e3e03c4f0757ea8964e59b63d93708b138cc42a66eb3') as sexoDependente,
           C.data_nascimento
             FROM plano_aprovacoes AS A
            LEFT JOIN pacientes AS B
            ON B.id = A.pacientes_id
            LEFT JOIN pacientes AS C
            ON C.id = A.pacientes_dep_id  
            WHERE A.identificador = 3580 AND A.pacientes_id = undefined  AND tipo =1 ORDER BY data_cad DESC 
                ) at /home/simdoctorcombr/public_html/api.clinicanova-dev/vendor/illuminate/database/Connection.php:678)
[stacktrace]
#0 /home/simdoctorcombr/public_html/api.clinicanova-dev/vendor/illuminate/database/Connection.php(638): Illuminate\\Database\\Connection->runQueryCallback('SELECT A.*,\\
  ...', Array, Object(Closure))
#1 /home/simdoctorcombr/public_html/api.clinicanova-dev/vendor/illuminate/database/Connection.php(346): Illuminate\\Database\\Connection->run('SELECT A.*,\\
  ...', Array, Object(Closure))
#2 /home/simdoctorcombr/public_html/api.clinicanova-dev/app/Repositories/Clinicas/PlanoAprovacoesRepository.php(46): Illuminate\\Database\\Connection->select('SELECT A.*,\\
  ...')
#3 /home/simdoctorcombr/public_html/api.clinicanova-dev/app/Services/Clinicas/Paciente/PacienteDependenteService.php(57): App\\Repositories\\Clinicas\\PlanoAprovacoesRepository->getAprovacoesDependentesByPacienteId('3580', 'undefined', 1)
#4 /home/simdoctorcombr/public_html/api.clinicanova-dev/app/Services/Clinicas/PacienteService.php(1145): App\\Services\\Clinicas\\Paciente\\PacienteDependenteService->getByPaciente('3580', 'undefined', Array)
#5 /home/simdoctorcombr/public_html/api.clinicanova-dev/app/Http/Controllers/ApiClinicas/Paciente/PacienteController.php(595): App\\Services\\Clinicas\\PacienteService->getDependentes('3580', 'undefined', Array)
#6 /home/simdoctorcombr/public_html/api.clinicanova-dev/vendor/illuminate/container/BoundMethod.php(36): App\\Http\\Controllers\\ApiClinicas\\Paciente\\PacienteController->getDependentes(Object(Laravel\\Lumen\\Http\\Request), 'undefined')
#7 /home/simdoctorcombr/public_html/api.clinicanova-dev/vendor/illuminate/container/Util.php(40): Illuminate\\Container\\BoundMethod::Illuminate\\Container\\{closure}()
#8 /home/simdoctorcombr/public_html/api.clinicanova-dev/vendor/illuminate/container/BoundMethod.php(93): Illuminate\\Container\\Util::unwrapIfClosure(Object(Closure))
#9 /home/simdoctorcombr/public_html/api.clinicanova-dev/vendor/illuminate/container/BoundMethod.php(37): Illuminate\\Container\\BoundMethod::callBoundMethod(Object(Laravel\\Lumen\\Application), Array, Object(Closure))
#10 /home/simdoctorcombr/public_html/api.clinicanova-dev/vendor/illuminate/container/Container.php(611): Illuminate\\Container\\BoundMethod::call(Object(Laravel\\Lumen\\Application), Array, Array, NULL)
#11 /home/simdoctorcombr/public_html/api.clinicanova-dev/vendor/laravel/lumen-framework/src/Concerns/RoutesRequests.php(386): Illuminate\\Container\\Container->call(Array, Array)
#12 /home/simdoctorcombr/public_html/api.clinicanova-dev/vendor/laravel/lumen-framework/src/Concerns/RoutesRequests.php(352): Laravel\\Lumen\\Application->callControllerCallable(Array, Array)
#13 /home/simdoctorcombr/public_html/api.clinicanova-dev/vendor/laravel/lumen-framework/src/Concerns/RoutesRequests.php(326): Laravel\\Lumen\\Application->callLumenController(Object(App\\Http\\Controllers\\ApiClinicas\\Paciente\\PacienteController), 'getDependentes', Array)
#14 /home/simdoctorcombr/public_html/api.clinicanova-dev/vendor/laravel/lumen-framework/src/Concerns/RoutesRequests.php(279): Laravel\\Lumen\\Application->callControllerAction(Array)
#15 /home/simdoctorcombr/public_html/api.clinicanova-dev/vendor/laravel/lumen-framework/src/Concerns/RoutesRequests.php(259): Laravel\\Lumen\\Application->callActionOnArrayBasedRoute(Array)
#16 /home/simdoctorcombr/public_html/api.clinicanova-dev/vendor/laravel/lumen-framework/src/Routing/Pipeline.php(48): Laravel\\Lumen\\Application->Laravel\\Lumen\\Concerns\\{closure}(Object(Laravel\\Lumen\\Http\\Request))
#17 /home/simdoctorcombr/public_html/api.clinicanova-dev/app/Http/Middleware/Authenticate.php(62): Laravel\\Lumen\\Routing\\Pipeline->Laravel\\Lumen\\Routing\\{closure}(Object(Laravel\\Lumen\\Http\\Request))
#18 /home/simdoctorcombr/public_html/api.clinicanova-dev/vendor/illuminate/pipeline/Pipeline.php(167): App\\Http\\Middleware\\Authenticate->handle(Object(Laravel\\Lumen\\Http\\Request), Object(Closure), 'interno_api')
#19 /home/simdoctorcombr/public_html/api.clinicanova-dev/vendor/laravel/lumen-framework/src/Routing/Pipeline.php(30): Illuminate\\Pipeline\\Pipeline->Illuminate\\Pipeline\\{closure}(Object(Laravel\\Lumen\\Http\\Request))
#20 /home/simdoctorcombr/public_html/api.clinicanova-dev/vendor/illuminate/pipeline/Pipeline.php(103): Laravel\\Lumen\\Routing\\Pipeline->Laravel\\Lumen\\Routing\\{closure}(Object(Laravel\\Lumen\\Http\\Request))
#21 /home/simdoctorcombr/public_html/api.clinicanova-dev/vendor/laravel/lumen-framework/src/Concerns/RoutesRequests.php(423): Illuminate\\Pipeline\\Pipeline->then(Object(Closure))
#22 /home/simdoctorcombr/public_html/api.clinicanova-dev/vendor/laravel/lumen-framework/src/Concerns/RoutesRequests.php(260): Laravel\\Lumen\\Application->sendThroughPipeline(Array, Object(Closure))
#23 /home/simdoctorcombr/public_html/api.clinicanova-dev/vendor/laravel/lumen-framework/src/Concerns/RoutesRequests.php(234): Laravel\\Lumen\\Application->handleFoundRoute(Array)
#24 /home/simdoctorcombr/public_html/api.clinicanova-dev/vendor/laravel/lumen-framework/src/Concerns/RoutesRequests.php(170): Laravel\\Lumen\\Application->handleDispatcherResponse(Array)
#25 /home/simdoctorcombr/public_html/api.clinicanova-dev/vendor/laravel/lumen-framework/src/Routing/Pipeline.php(48): Laravel\\Lumen\\Application->Laravel\\Lumen\\Concerns\\{closure}(Object(Laravel\\Lumen\\Http\\Request))
#26 /home/simdoctorcombr/public_html/api.clinicanova-dev/app/Http/Middleware/CorsMiddleware.php(33): Laravel\\Lumen\\Routing\\Pipeline->Laravel\\Lumen\\Routing\\{closure}(Object(Laravel\\Lumen\\Http\\Request))
#27 /home/simdoctorcombr/public_html/api.clinicanova-dev/vendor/illuminate/pipeline/Pipeline.php(167): App\\Http\\Middleware\\CorsMiddleware->handle(Object(Laravel\\Lumen\\Http\\Request), Object(Closure))
#28 /home/simdoctorcombr/public_html/api.clinicanova-dev/vendor/laravel/lumen-framework/src/Routing/Pipeline.php(30): Illuminate\\Pipeline\\Pipeline->Illuminate\\Pipeline\\{closure}(Object(Laravel\\Lumen\\Http\\Request))
#29 /home/simdoctorcombr/public_html/api.clinicanova-dev/vendor/illuminate/pipeline/Pipeline.php(103): Laravel\\Lumen\\Routing\\Pipeline->Laravel\\Lumen\\Routing\\{closure}(Object(Laravel\\Lumen\\Http\\Request))
#30 /home/simdoctorcombr/public_html/api.clinicanova-dev/vendor/laravel/lumen-framework/src/Concerns/RoutesRequests.php(423): Illuminate\\Pipeline\\Pipeline->then(Object(Closure))
#31 /home/simdoctorcombr/public_html/api.clinicanova-dev/vendor/laravel/lumen-framework/src/Concerns/RoutesRequests.php(172): Laravel\\Lumen\\Application->sendThroughPipeline(Array, Object(Closure))
#32 /home/simdoctorcombr/public_html/api.clinicanova-dev/vendor/laravel/lumen-framework/src/Concerns/RoutesRequests.php(109): Laravel\\Lumen\\Application->dispatch(NULL)
#33 /home/simdoctorcombr/public_html/api.clinicanova-dev/public/index.php(29): Laravel\\Lumen\\Application->run()
#34 {main}

[previous exception] [object] (PDOException(code: 42S22): SQLSTATE[42S22]: Column not found: 1054 Unknown column 'undefined' in 'where clause' at /home/simdoctorcombr/public_html/api.clinicanova-dev/vendor/illuminate/database/Connection.php:338)
[stacktrace]
#0 /home/simdoctorcombr/public_html/api.clinicanova-dev/vendor/illuminate/database/Connection.php(338): PDO->prepare('SELECT A.*,\\
  ...')
#1 /home/simdoctorcombr/public_html/api.clinicanova-dev/vendor/illuminate/database/Connection.php(671): Illuminate\\Database\\Connection->Illuminate\\Database\\{closure}('SELECT A.*,\\
  ...', Array)
#2 /home/simdoctorcombr/public_html/api.clinicanova-dev/vendor/illuminate/database/Connection.php(638): Illuminate\\Database\\Connection->runQueryCallback('SELECT A.*,\\
  ...', Array, Object(Closure))
#3 /home/simdoctorcombr/public_html/api.clinicanova-dev/vendor/illuminate/database/Connection.php(346): Illuminate\\Database\\Connection->run('SELECT A.*,\\
  ...', Array, Object(Closure))
#4 /home/simdoctorcombr/public_html/api.clinicanova-dev/app/Repositories/Clinicas/PlanoAprovacoesRepository.php(46): Illuminate\\Database\\Connection->select('SELECT A.*,\\
  ...')
#5 /home/simdoctorcombr/public_html/api.clinicanova-dev/app/Services/Clinicas/Paciente/PacienteDependenteService.php(57): App\\Repositories\\Clinicas\\PlanoAprovacoesRepository->getAprovacoesDependentesByPacienteId('3580', 'undefined', 1)
#6 /home/simdoctorcombr/public_html/api.clinicanova-dev/app/Services/Clinicas/PacienteService.php(1145): App\\Services\\Clinicas\\Paciente\\PacienteDependenteService->getByPaciente('3580', 'undefined', Array)
#7 /home/simdoctorcombr/public_html/api.clinicanova-dev/app/Http/Controllers/ApiClinicas/Paciente/PacienteController.php(595): App\\Services\\Clinicas\\PacienteService->getDependentes('3580', 'undefined', Array)
#8 /home/simdoctorcombr/public_html/api.clinicanova-dev/vendor/illuminate/container/BoundMethod.php(36): App\\Http\\Controllers\\ApiClinicas\\Paciente\\PacienteController->getDependentes(Object(Laravel\\Lumen\\Http\\Request), 'undefined')
#9 /home/simdoctorcombr/public_html/api.clinicanova-dev/vendor/illuminate/container/Util.php(40): Illuminate\\Container\\BoundMethod::Illuminate\\Container\\{closure}()
#10 /home/simdoctorcombr/public_html/api.clinicanova-dev/vendor/illuminate/container/BoundMethod.php(93): Illuminate\\Container\\Util::unwrapIfClosure(Object(Closure))
#11 /home/simdoctorcombr/public_html/api.clinicanova-dev/vendor/illuminate/container/BoundMethod.php(37): Illuminate\\Container\\BoundMethod::callBoundMethod(Object(Laravel\\Lumen\\Application), Array, Object(Closure))
#12 /home/simdoctorcombr/public_html/api.clinicanova-dev/vendor/illuminate/container/Container.php(611): Illuminate\\Container\\BoundMethod::call(Object(Laravel\\Lumen\\Application), Array, Array, NULL)
#13 /home/simdoctorcombr/public_html/api.clinicanova-dev/vendor/laravel/lumen-framework/src/Concerns/RoutesRequests.php(386): Illuminate\\Container\\Container->call(Array, Array)
#14 /home/simdoctorcombr/public_html/api.clinicanova-dev/vendor/laravel/lumen-framework/src/Concerns/RoutesRequests.php(352): Laravel\\Lumen\\Application->callControllerCallable(Array, Array)
#15 /home/simdoctorcombr/public_html/api.clinicanova-dev/vendor/laravel/lumen-framework/src/Concerns/RoutesRequests.php(326): Laravel\\Lumen\\Application->callLumenController(Object(App\\Http\\Controllers\\ApiClinicas\\Paciente\\PacienteController), 'getDependentes', Array)
#16 /home/simdoctorcombr/public_html/api.clinicanova-dev/vendor/laravel/lumen-framework/src/Concerns/RoutesRequests.php(279): Laravel\\Lumen\\Application->callControllerAction(Array)
#17 /home/simdoctorcombr/public_html/api.clinicanova-dev/vendor/laravel/lumen-framework/src/Concerns/RoutesRequests.php(259): Laravel\\Lumen\\Application->callActionOnArrayBasedRoute(Array)
#18 /home/simdoctorcombr/public_html/api.clinicanova-dev/vendor/laravel/lumen-framework/src/Routing/Pipeline.php(48): Laravel\\Lumen\\Application->Laravel\\Lumen\\Concerns\\{closure}(Object(Laravel\\Lumen\\Http\\Request))
#19 /home/simdoctorcombr/public_html/api.clinicanova-dev/app/Http/Middleware/Authenticate.php(62): Laravel\\Lumen\\Routing\\Pipeline->Laravel\\Lumen\\Routing\\{closure}(Object(Laravel\\Lumen\\Http\\Request))
#20 /home/simdoctorcombr/public_html/api.clinicanova-dev/vendor/illuminate/pipeline/Pipeline.php(167): App\\Http\\Middleware\\Authenticate->handle(Object(Laravel\\Lumen\\Http\\Request), Object(Closure), 'interno_api')
#21 /home/simdoctorcombr/public_html/api.clinicanova-dev/vendor/laravel/lumen-framework/src/Routing/Pipeline.php(30): Illuminate\\Pipeline\\Pipeline->Illuminate\\Pipeline\\{closure}(Object(Laravel\\Lumen\\Http\\Request))
#22 /home/simdoctorcombr/public_html/api.clinicanova-dev/vendor/illuminate/pipeline/Pipeline.php(103): Laravel\\Lumen\\Routing\\Pipeline->Laravel\\Lumen\\Routing\\{closure}(Object(Laravel\\Lumen\\Http\\Request))
#23 /home/simdoctorcombr/public_html/api.clinicanova-dev/vendor/laravel/lumen-framework/src/Concerns/RoutesRequests.php(423): Illuminate\\Pipeline\\Pipeline->then(Object(Closure))
#24 /home/simdoctorcombr/public_html/api.clinicanova-dev/vendor/laravel/lumen-framework/src/Concerns/RoutesRequests.php(260): Laravel\\Lumen\\Application->sendThroughPipeline(Array, Object(Closure))
#25 /home/simdoctorcombr/public_html/api.clinicanova-dev/vendor/laravel/lumen-framework/src/Concerns/RoutesRequests.php(234): Laravel\\Lumen\\Application->handleFoundRoute(Array)
#26 /home/simdoctorcombr/public_html/api.clinicanova-dev/vendor/laravel/lumen-framework/src/Concerns/RoutesRequests.php(170): Laravel\\Lumen\\Application->handleDispatcherResponse(Array)
#27 /home/simdoctorcombr/public_html/api.clinicanova-dev/vendor/laravel/lumen-framework/src/Routing/Pipeline.php(48): Laravel\\Lumen\\Application->Laravel\\Lumen\\Concerns\\{closure}(Object(Laravel\\Lumen\\Http\\Request))
#28 /home/simdoctorcombr/public_html/api.clinicanova-dev/app/Http/Middleware/CorsMiddleware.php(33): Laravel\\Lumen\\Routing\\Pipeline->Laravel\\Lumen\\Routing\\{closure}(Object(Laravel\\Lumen\\Http\\Request))
#29 /home/simdoctorcombr/public_html/api.clinicanova-dev/vendor/illuminate/pipeline/Pipeline.php(167): App\\Http\\Middleware\\CorsMiddleware->handle(Object(Laravel\\Lumen\\Http\\Request), Object(Closure))
#30 /home/simdoctorcombr/public_html/api.clinicanova-dev/vendor/laravel/lumen-framework/src/Routing/Pipeline.php(30): Illuminate\\Pipeline\\Pipeline->Illuminate\\Pipeline\\{closure}(Object(Laravel\\Lumen\\Http\\Request))
#31 /home/simdoctorcombr/public_html/api.clinicanova-dev/vendor/illuminate/pipeline/Pipeline.php(103): Laravel\\Lumen\\Routing\\Pipeline->Laravel\\Lumen\\Routing\\{closure}(Object(Laravel\\Lumen\\Http\\Request))
#32 /home/simdoctorcombr/public_html/api.clinicanova-dev/vendor/laravel/lumen-framework/src/Concerns/RoutesRequests.php(423): Illuminate\\Pipeline\\Pipeline->then(Object(Closure))
#33 /home/simdoctorcombr/public_html/api.clinicanova-dev/vendor/laravel/lumen-framework/src/Concerns/RoutesRequests.php(172): Laravel\\Lumen\\Application->sendThroughPipeline(Array, Object(Closure))
#34 /home/simdoctorcombr/public_html/api.clinicanova-dev/vendor/laravel/lumen-framework/src/Concerns/RoutesRequests.php(109): Laravel\\Lumen\\Application->dispatch(NULL)
#35 /home/simdoctorcombr/public_html/api.clinicanova-dev/public/index.php(29): Laravel\\Lumen\\Application->run()
#36 {main}
"} 
[2024-01-04 16:50:26] local.ERROR: Undefined property: stdClass::$split_asaas {"exception":"[object] (ErrorException(code: 0): Undefined property: stdClass::$split_asaas at /home/simdoctorcombr/public_html/api.clinicanova-dev/app/Services/Clinicas/Consulta/ConsultaProcedimentoService.php:343)
[stacktrace]
#0 /home/simdoctorcombr/public_html/api.clinicanova-dev/app/Services/Clinicas/Consulta/ConsultaProcedimentoService.php(343): Laravel\\Lumen\\Application->Laravel\\Lumen\\Concerns\\{closure}(8, 'Undefined prope...', '/home/simdoctor...', 343, Array)
#1 /home/simdoctorcombr/public_html/api.clinicanova-dev/app/Services/Clinicas/ConsultaService.php(875): App\\Services\\Clinicas\\Consulta\\ConsultaProcedimentoService->calculoProcedimentosConsultas('3580', '1198741', '7656', Array, Object(stdClass), Object(stdClass))
#2 /home/simdoctorcombr/public_html/api.clinicanova-dev/app/Http/Controllers/ApiClinicas/ConsultaController.php(123): App\\Services\\Clinicas\\ConsultaService->store('3580', Array, Array)
#3 /home/simdoctorcombr/public_html/api.clinicanova-dev/vendor/illuminate/container/BoundMethod.php(36): App\\Http\\Controllers\\ApiClinicas\\ConsultaController->store(Object(Laravel\\Lumen\\Http\\Request))
#4 /home/simdoctorcombr/public_html/api.clinicanova-dev/vendor/illuminate/container/Util.php(40): Illuminate\\Container\\BoundMethod::Illuminate\\Container\\{closure}()
#5 /home/simdoctorcombr/public_html/api.clinicanova-dev/vendor/illuminate/container/BoundMethod.php(93): Illuminate\\Container\\Util::unwrapIfClosure(Object(Closure))
#6 /home/simdoctorcombr/public_html/api.clinicanova-dev/vendor/illuminate/container/BoundMethod.php(37): Illuminate\\Container\\BoundMethod::callBoundMethod(Object(Laravel\\Lumen\\Application), Array, Object(Closure))
#7 /home/simdoctorcombr/public_html/api.clinicanova-dev/vendor/illuminate/container/Container.php(611): Illuminate\\Container\\BoundMethod::call(Object(Laravel\\Lumen\\Application), Array, Array, NULL)
#8 /home/simdoctorcombr/public_html/api.clinicanova-dev/vendor/laravel/lumen-framework/src/Concerns/RoutesRequests.php(386): Illuminate\\Container\\Container->call(Array, Array)
#9 /home/simdoctorcombr/public_html/api.clinicanova-dev/vendor/laravel/lumen-framework/src/Concerns/RoutesRequests.php(352): Laravel\\Lumen\\Application->callControllerCallable(Array, Array)
#10 /home/simdoctorcombr/public_html/api.clinicanova-dev/vendor/laravel/lumen-framework/src/Concerns/RoutesRequests.php(326): Laravel\\Lumen\\Application->callLumenController(Object(App\\Http\\Controllers\\ApiClinicas\\ConsultaController), 'store', Array)
#11 /home/simdoctorcombr/public_html/api.clinicanova-dev/vendor/laravel/lumen-framework/src/Concerns/RoutesRequests.php(279): Laravel\\Lumen\\Application->callControllerAction(Array)
#12 /home/simdoctorcombr/public_html/api.clinicanova-dev/vendor/laravel/lumen-framework/src/Concerns/RoutesRequests.php(259): Laravel\\Lumen\\Application->callActionOnArrayBasedRoute(Array)
#13 /home/simdoctorcombr/public_html/api.clinicanova-dev/vendor/laravel/lumen-framework/src/Routing/Pipeline.php(48): Laravel\\Lumen\\Application->Laravel\\Lumen\\Concerns\\{closure}(Object(Laravel\\Lumen\\Http\\Request))
#14 /home/simdoctorcombr/public_html/api.clinicanova-dev/app/Http/Middleware/Authenticate.php(62): Laravel\\Lumen\\Routing\\Pipeline->Laravel\\Lumen\\Routing\\{closure}(Object(Laravel\\Lumen\\Http\\Request))
#15 /home/simdoctorcombr/public_html/api.clinicanova-dev/vendor/illuminate/pipeline/Pipeline.php(167): App\\Http\\Middleware\\Authenticate->handle(Object(Laravel\\Lumen\\Http\\Request), Object(Closure), 'interno_api')
#16 /home/simdoctorcombr/public_html/api.clinicanova-dev/vendor/laravel/lumen-framework/src/Routing/Pipeline.php(30): Illuminate\\Pipeline\\Pipeline->Illuminate\\Pipeline\\{closure}(Object(Laravel\\Lumen\\Http\\Request))
#17 /home/simdoctorcombr/public_html/api.clinicanova-dev/vendor/illuminate/pipeline/Pipeline.php(103): Laravel\\Lumen\\Routing\\Pipeline->Laravel\\Lumen\\Routing\\{closure}(Object(Laravel\\Lumen\\Http\\Request))
#18 /home/simdoctorcombr/public_html/api.clinicanova-dev/vendor/laravel/lumen-framework/src/Concerns/RoutesRequests.php(423): Illuminate\\Pipeline\\Pipeline->then(Object(Closure))
#19 /home/simdoctorcombr/public_html/api.clinicanova-dev/vendor/laravel/lumen-framework/src/Concerns/RoutesRequests.php(260): Laravel\\Lumen\\Application->sendThroughPipeline(Array, Object(Closure))
#20 /home/simdoctorcombr/public_html/api.clinicanova-dev/vendor/laravel/lumen-framework/src/Concerns/RoutesRequests.php(166): Laravel\\Lumen\\Application->handleFoundRoute(Array)
#21 /home/simdoctorcombr/public_html/api.clinicanova-dev/vendor/laravel/lumen-framework/src/Routing/Pipeline.php(48): Laravel\\Lumen\\Application->Laravel\\Lumen\\Concerns\\{closure}(Object(Laravel\\Lumen\\Http\\Request))
#22 /home/simdoctorcombr/public_html/api.clinicanova-dev/app/Http/Middleware/CorsMiddleware.php(33): Laravel\\Lumen\\Routing\\Pipeline->Laravel\\Lumen\\Routing\\{closure}(Object(Laravel\\Lumen\\Http\\Request))
#23 /home/simdoctorcombr/public_html/api.clinicanova-dev/vendor/illuminate/pipeline/Pipeline.php(167): App\\Http\\Middleware\\CorsMiddleware->handle(Object(Laravel\\Lumen\\Http\\Request), Object(Closure))
#24 /home/simdoctorcombr/public_html/api.clinicanova-dev/vendor/laravel/lumen-framework/src/Routing/Pipeline.php(30): Illuminate\\Pipeline\\Pipeline->Illuminate\\Pipeline\\{closure}(Object(Laravel\\Lumen\\Http\\Request))
#25 /home/simdoctorcombr/public_html/api.clinicanova-dev/vendor/illuminate/pipeline/Pipeline.php(103): Laravel\\Lumen\\Routing\\Pipeline->Laravel\\Lumen\\Routing\\{closure}(Object(Laravel\\Lumen\\Http\\Request))
#26 /home/simdoctorcombr/public_html/api.clinicanova-dev/vendor/laravel/lumen-framework/src/Concerns/RoutesRequests.php(423): Illuminate\\Pipeline\\Pipeline->then(Object(Closure))
#27 /home/simdoctorcombr/public_html/api.clinicanova-dev/vendor/laravel/lumen-framework/src/Concerns/RoutesRequests.php(172): Laravel\\Lumen\\Application->sendThroughPipeline(Array, Object(Closure))
#28 /home/simdoctorcombr/public_html/api.clinicanova-dev/vendor/laravel/lumen-framework/src/Concerns/RoutesRequests.php(109): Laravel\\Lumen\\Application->dispatch(NULL)
#29 /home/simdoctorcombr/public_html/api.clinicanova-dev/public/index.php(29): Laravel\\Lumen\\Application->run()
#30 {main}
"} 
[2024-01-04 16:54:45] local.ERROR: Undefined offset: 7656 {"exception":"[object] (ErrorException(code: 0): Undefined offset: 7656 at /home/simdoctorcombr/public_html/api.clinicanova-dev/app/Services/Clinicas/Consulta/ConsultaProcedimentoService.php:343)
[stacktrace]
#0 /home/simdoctorcombr/public_html/api.clinicanova-dev/app/Services/Clinicas/Consulta/ConsultaProcedimentoService.php(343): Laravel\\Lumen\\Application->Laravel\\Lumen\\Concerns\\{closure}(8, 'Undefined offse...', '/home/simdoctor...', 343, Array)
#1 /home/simdoctorcombr/public_html/api.clinicanova-dev/app/Services/Clinicas/ConsultaService.php(875): App\\Services\\Clinicas\\Consulta\\ConsultaProcedimentoService->calculoProcedimentosConsultas('3580', '1198745', '7656', Array, Object(stdClass), Object(stdClass))
#2 /home/simdoctorcombr/public_html/api.clinicanova-dev/app/Http/Controllers/ApiClinicas/ConsultaController.php(123): App\\Services\\Clinicas\\ConsultaService->store('3580', Array, Array)
#3 /home/simdoctorcombr/public_html/api.clinicanova-dev/vendor/illuminate/container/BoundMethod.php(36): App\\Http\\Controllers\\ApiClinicas\\ConsultaController->store(Object(Laravel\\Lumen\\Http\\Request))
#4 /home/simdoctorcombr/public_html/api.clinicanova-dev/vendor/illuminate/container/Util.php(40): Illuminate\\Container\\BoundMethod::Illuminate\\Container\\{closure}()
#5 /home/simdoctorcombr/public_html/api.clinicanova-dev/vendor/illuminate/container/BoundMethod.php(93): Illuminate\\Container\\Util::unwrapIfClosure(Object(Closure))
#6 /home/simdoctorcombr/public_html/api.clinicanova-dev/vendor/illuminate/container/BoundMethod.php(37): Illuminate\\Container\\BoundMethod::callBoundMethod(Object(Laravel\\Lumen\\Application), Array, Object(Closure))
#7 /home/simdoctorcombr/public_html/api.clinicanova-dev/vendor/illuminate/container/Container.php(611): Illuminate\\Container\\BoundMethod::call(Object(Laravel\\Lumen\\Application), Array, Array, NULL)
#8 /home/simdoctorcombr/public_html/api.clinicanova-dev/vendor/laravel/lumen-framework/src/Concerns/RoutesRequests.php(386): Illuminate\\Container\\Container->call(Array, Array)
#9 /home/simdoctorcombr/public_html/api.clinicanova-dev/vendor/laravel/lumen-framework/src/Concerns/RoutesRequests.php(352): Laravel\\Lumen\\Application->callControllerCallable(Array, Array)
#10 /home/simdoctorcombr/public_html/api.clinicanova-dev/vendor/laravel/lumen-framework/src/Concerns/RoutesRequests.php(326): Laravel\\Lumen\\Application->callLumenController(Object(App\\Http\\Controllers\\ApiClinicas\\ConsultaController), 'store', Array)
#11 /home/simdoctorcombr/public_html/api.clinicanova-dev/vendor/laravel/lumen-framework/src/Concerns/RoutesRequests.php(279): Laravel\\Lumen\\Application->callControllerAction(Array)
#12 /home/simdoctorcombr/public_html/api.clinicanova-dev/vendor/laravel/lumen-framework/src/Concerns/RoutesRequests.php(259): Laravel\\Lumen\\Application->callActionOnArrayBasedRoute(Array)
#13 /home/simdoctorcombr/public_html/api.clinicanova-dev/vendor/laravel/lumen-framework/src/Routing/Pipeline.php(48): Laravel\\Lumen\\Application->Laravel\\Lumen\\Concerns\\{closure}(Object(Laravel\\Lumen\\Http\\Request))
#14 /home/simdoctorcombr/public_html/api.clinicanova-dev/app/Http/Middleware/Authenticate.php(62): Laravel\\Lumen\\Routing\\Pipeline->Laravel\\Lumen\\Routing\\{closure}(Object(Laravel\\Lumen\\Http\\Request))
#15 /home/simdoctorcombr/public_html/api.clinicanova-dev/vendor/illuminate/pipeline/Pipeline.php(167): App\\Http\\Middleware\\Authenticate->handle(Object(Laravel\\Lumen\\Http\\Request), Object(Closure), 'interno_api')
#16 /home/simdoctorcombr/public_html/api.clinicanova-dev/vendor/laravel/lumen-framework/src/Routing/Pipeline.php(30): Illuminate\\Pipeline\\Pipeline->Illuminate\\Pipeline\\{closure}(Object(Laravel\\Lumen\\Http\\Request))
#17 /home/simdoctorcombr/public_html/api.clinicanova-dev/vendor/illuminate/pipeline/Pipeline.php(103): Laravel\\Lumen\\Routing\\Pipeline->Laravel\\Lumen\\Routing\\{closure}(Object(Laravel\\Lumen\\Http\\Request))
#18 /home/simdoctorcombr/public_html/api.clinicanova-dev/vendor/laravel/lumen-framework/src/Concerns/RoutesRequests.php(423): Illuminate\\Pipeline\\Pipeline->then(Object(Closure))
#19 /home/simdoctorcombr/public_html/api.clinicanova-dev/vendor/laravel/lumen-framework/src/Concerns/RoutesRequests.php(260): Laravel\\Lumen\\Application->sendThroughPipeline(Array, Object(Closure))
#20 /home/simdoctorcombr/public_html/api.clinicanova-dev/vendor/laravel/lumen-framework/src/Concerns/RoutesRequests.php(166): Laravel\\Lumen\\Application->handleFoundRoute(Array)
#21 /home/simdoctorcombr/public_html/api.clinicanova-dev/vendor/laravel/lumen-framework/src/Routing/Pipeline.php(48): Laravel\\Lumen\\Application->Laravel\\Lumen\\Concerns\\{closure}(Object(Laravel\\Lumen\\Http\\Request))
#22 /home/simdoctorcombr/public_html/api.clinicanova-dev/app/Http/Middleware/CorsMiddleware.php(33): Laravel\\Lumen\\Routing\\Pipeline->Laravel\\Lumen\\Routing\\{closure}(Object(Laravel\\Lumen\\Http\\Request))
#23 /home/simdoctorcombr/public_html/api.clinicanova-dev/vendor/illuminate/pipeline/Pipeline.php(167): App\\Http\\Middleware\\CorsMiddleware->handle(Object(Laravel\\Lumen\\Http\\Request), Object(Closure))
#24 /home/simdoctorcombr/public_html/api.clinicanova-dev/vendor/laravel/lumen-framework/src/Routing/Pipeline.php(30): Illuminate\\Pipeline\\Pipeline->Illuminate\\Pipeline\\{closure}(Object(Laravel\\Lumen\\Http\\Request))
#25 /home/simdoctorcombr/public_html/api.clinicanova-dev/vendor/illuminate/pipeline/Pipeline.php(103): Laravel\\Lumen\\Routing\\Pipeline->Laravel\\Lumen\\Routing\\{closure}(Object(Laravel\\Lumen\\Http\\Request))
#26 /home/simdoctorcombr/public_html/api.clinicanova-dev/vendor/laravel/lumen-framework/src/Concerns/RoutesRequests.php(423): Illuminate\\Pipeline\\Pipeline->then(Object(Closure))
#27 /home/simdoctorcombr/public_html/api.clinicanova-dev/vendor/laravel/lumen-framework/src/Concerns/RoutesRequests.php(172): Laravel\\Lumen\\Application->sendThroughPipeline(Array, Object(Closure))
#28 /home/simdoctorcombr/public_html/api.clinicanova-dev/vendor/laravel/lumen-framework/src/Concerns/RoutesRequests.php(109): Laravel\\Lumen\\Application->dispatch(NULL)
#29 /home/simdoctorcombr/public_html/api.clinicanova-dev/public/index.php(29): Laravel\\Lumen\\Application->run()
#30 {main}
"} 
