[2023-12-29 17:10:26] local.ERROR: count(): Parameter must be an array or an object that implements Countable {"exception":"[object] (ErrorException(code: 0): count(): Parameter must be an array or an object that implements Countable at /home/simdoctorcombr/public_html/api.clinicanova-dev/app/Services/Clinicas/Doutores/DoutoresService.php:613)
[stacktrace]
#0 [internal function]: Laravel\\Lumen\\Application->Laravel\\Lumen\\Concerns\\{closure}(2, 'count(): Parame...', '/home/simdoctor...', 613, Array)
#1 /home/simdoctorcombr/public_html/api.clinicanova-dev/app/Services/Clinicas/Doutores/DoutoresService.php(613): count('Analista 2')
#2 /home/simdoctorcombr/public_html/api.clinicanova-dev/app/Services/Clinicas/Doutores/DoutoresService.php(177): App\\Services\\Clinicas\\Doutores\\DoutoresService->validateStoreUpdate('3580', Array)
#3 /home/simdoctorcombr/public_html/api.clinicanova-dev/app/Http/Controllers/ApiClinicas/Doutores/DoutoresController.php(137): App\\Services\\Clinicas\\Doutores\\DoutoresService->store('3580', Array)
#4 /home/simdoctorcombr/public_html/api.clinicanova-dev/vendor/illuminate/container/BoundMethod.php(36): App\\Http\\Controllers\\ApiClinicas\\Doutores\\DoutoresController->store(Object(Laravel\\Lumen\\Http\\Request))
#5 /home/simdoctorcombr/public_html/api.clinicanova-dev/vendor/illuminate/container/Util.php(40): Illuminate\\Container\\BoundMethod::Illuminate\\Container\\{closure}()
#6 /home/simdoctorcombr/public_html/api.clinicanova-dev/vendor/illuminate/container/BoundMethod.php(93): Illuminate\\Container\\Util::unwrapIfClosure(Object(Closure))
#7 /home/simdoctorcombr/public_html/api.clinicanova-dev/vendor/illuminate/container/BoundMethod.php(37): Illuminate\\Container\\BoundMethod::callBoundMethod(Object(Laravel\\Lumen\\Application), Array, Object(Closure))
#8 /home/simdoctorcombr/public_html/api.clinicanova-dev/vendor/illuminate/container/Container.php(611): Illuminate\\Container\\BoundMethod::call(Object(Laravel\\Lumen\\Application), Array, Array, NULL)
#9 /home/simdoctorcombr/public_html/api.clinicanova-dev/vendor/laravel/lumen-framework/src/Concerns/RoutesRequests.php(386): Illuminate\\Container\\Container->call(Array, Array)
#10 /home/simdoctorcombr/public_html/api.clinicanova-dev/vendor/laravel/lumen-framework/src/Concerns/RoutesRequests.php(352): Laravel\\Lumen\\Application->callControllerCallable(Array, Array)
#11 /home/simdoctorcombr/public_html/api.clinicanova-dev/vendor/laravel/lumen-framework/src/Concerns/RoutesRequests.php(326): Laravel\\Lumen\\Application->callLumenController(Object(App\\Http\\Controllers\\ApiClinicas\\Doutores\\DoutoresController), 'store', Array)
#12 /home/simdoctorcombr/public_html/api.clinicanova-dev/vendor/laravel/lumen-framework/src/Concerns/RoutesRequests.php(279): Laravel\\Lumen\\Application->callControllerAction(Array)
#13 /home/simdoctorcombr/public_html/api.clinicanova-dev/vendor/laravel/lumen-framework/src/Concerns/RoutesRequests.php(259): Laravel\\Lumen\\Application->callActionOnArrayBasedRoute(Array)
#14 /home/simdoctorcombr/public_html/api.clinicanova-dev/vendor/laravel/lumen-framework/src/Routing/Pipeline.php(48): Laravel\\Lumen\\Application->Laravel\\Lumen\\Concerns\\{closure}(Object(Laravel\\Lumen\\Http\\Request))
#15 /home/simdoctorcombr/public_html/api.clinicanova-dev/app/Http/Middleware/Authenticate.php(62): Laravel\\Lumen\\Routing\\Pipeline->Laravel\\Lumen\\Routing\\{closure}(Object(Laravel\\Lumen\\Http\\Request))
#16 /home/simdoctorcombr/public_html/api.clinicanova-dev/vendor/illuminate/pipeline/Pipeline.php(167): App\\Http\\Middleware\\Authenticate->handle(Object(Laravel\\Lumen\\Http\\Request), Object(Closure), 'interno_api')
#17 /home/simdoctorcombr/public_html/api.clinicanova-dev/vendor/laravel/lumen-framework/src/Routing/Pipeline.php(30): Illuminate\\Pipeline\\Pipeline->Illuminate\\Pipeline\\{closure}(Object(Laravel\\Lumen\\Http\\Request))
#18 /home/simdoctorcombr/public_html/api.clinicanova-dev/vendor/illuminate/pipeline/Pipeline.php(103): Laravel\\Lumen\\Routing\\Pipeline->Laravel\\Lumen\\Routing\\{closure}(Object(Laravel\\Lumen\\Http\\Request))
#19 /home/simdoctorcombr/public_html/api.clinicanova-dev/vendor/laravel/lumen-framework/src/Concerns/RoutesRequests.php(423): Illuminate\\Pipeline\\Pipeline->then(Object(Closure))
#20 /home/simdoctorcombr/public_html/api.clinicanova-dev/vendor/laravel/lumen-framework/src/Concerns/RoutesRequests.php(260): Laravel\\Lumen\\Application->sendThroughPipeline(Array, Object(Closure))
#21 /home/simdoctorcombr/public_html/api.clinicanova-dev/vendor/laravel/lumen-framework/src/Concerns/RoutesRequests.php(166): Laravel\\Lumen\\Application->handleFoundRoute(Array)
#22 /home/simdoctorcombr/public_html/api.clinicanova-dev/vendor/laravel/lumen-framework/src/Routing/Pipeline.php(48): Laravel\\Lumen\\Application->Laravel\\Lumen\\Concerns\\{closure}(Object(Laravel\\Lumen\\Http\\Request))
#23 /home/simdoctorcombr/public_html/api.clinicanova-dev/app/Http/Middleware/CorsMiddleware.php(33): Laravel\\Lumen\\Routing\\Pipeline->Laravel\\Lumen\\Routing\\{closure}(Object(Laravel\\Lumen\\Http\\Request))
#24 /home/simdoctorcombr/public_html/api.clinicanova-dev/vendor/illuminate/pipeline/Pipeline.php(167): App\\Http\\Middleware\\CorsMiddleware->handle(Object(Laravel\\Lumen\\Http\\Request), Object(Closure))
#25 /home/simdoctorcombr/public_html/api.clinicanova-dev/vendor/laravel/lumen-framework/src/Routing/Pipeline.php(30): Illuminate\\Pipeline\\Pipeline->Illuminate\\Pipeline\\{closure}(Object(Laravel\\Lumen\\Http\\Request))
#26 /home/simdoctorcombr/public_html/api.clinicanova-dev/vendor/illuminate/pipeline/Pipeline.php(103): Laravel\\Lumen\\Routing\\Pipeline->Laravel\\Lumen\\Routing\\{closure}(Object(Laravel\\Lumen\\Http\\Request))
#27 /home/simdoctorcombr/public_html/api.clinicanova-dev/vendor/laravel/lumen-framework/src/Concerns/RoutesRequests.php(423): Illuminate\\Pipeline\\Pipeline->then(Object(Closure))
#28 /home/simdoctorcombr/public_html/api.clinicanova-dev/vendor/laravel/lumen-framework/src/Concerns/RoutesRequests.php(172): Laravel\\Lumen\\Application->sendThroughPipeline(Array, Object(Closure))
#29 /home/simdoctorcombr/public_html/api.clinicanova-dev/vendor/laravel/lumen-framework/src/Concerns/RoutesRequests.php(109): Laravel\\Lumen\\Application->dispatch(NULL)
#30 /home/simdoctorcombr/public_html/api.clinicanova-dev/public/index.php(29): Laravel\\Lumen\\Application->run()
#31 {main}
"} 
