[2023-12-04 10:49:25] local.ERROR: Undefined index: email {"exception":"[object] (ErrorException(code: 0): Undefined index: email at /home/simdoctorcombr/public_html/api.clinicanova-dev/app/Services/Clinicas/PacienteService.php:785)
[stacktrace]
#0 /home/simdoctorcombr/public_html/api.clinicanova-dev/app/Services/Clinicas/PacienteService.php(785): Laravel\\Lumen\\Application->Laravel\\Lumen\\Concerns\\{closure}(8, 'Undefined index...', '/home/simdoctor...', 785, Array)
#1 /home/simdoctorcombr/public_html/api.clinicanova-dev/app/Http/Controllers/ApiClinicas/Paciente/PacienteController.php(84): App\\Services\\Clinicas\\PacienteService->store('3580', Array, Array)
#2 /home/simdoctorcombr/public_html/api.clinicanova-dev/vendor/illuminate/container/BoundMethod.php(36): App\\Http\\Controllers\\ApiClinicas\\Paciente\\PacienteController->store(Object(Laravel\\Lumen\\Http\\Request))
#3 /home/simdoctorcombr/public_html/api.clinicanova-dev/vendor/illuminate/container/Util.php(40): Illuminate\\Container\\BoundMethod::Illuminate\\Container\\{closure}()
#4 /home/simdoctorcombr/public_html/api.clinicanova-dev/vendor/illuminate/container/BoundMethod.php(93): Illuminate\\Container\\Util::unwrapIfClosure(Object(Closure))
#5 /home/simdoctorcombr/public_html/api.clinicanova-dev/vendor/illuminate/container/BoundMethod.php(37): Illuminate\\Container\\BoundMethod::callBoundMethod(Object(Laravel\\Lumen\\Application), Array, Object(Closure))
#6 /home/simdoctorcombr/public_html/api.clinicanova-dev/vendor/illuminate/container/Container.php(611): Illuminate\\Container\\BoundMethod::call(Object(Laravel\\Lumen\\Application), Array, Array, NULL)
#7 /home/simdoctorcombr/public_html/api.clinicanova-dev/vendor/laravel/lumen-framework/src/Concerns/RoutesRequests.php(386): Illuminate\\Container\\Container->call(Array, Array)
#8 /home/simdoctorcombr/public_html/api.clinicanova-dev/vendor/laravel/lumen-framework/src/Concerns/RoutesRequests.php(352): Laravel\\Lumen\\Application->callControllerCallable(Array, Array)
#9 /home/simdoctorcombr/public_html/api.clinicanova-dev/vendor/laravel/lumen-framework/src/Concerns/RoutesRequests.php(326): Laravel\\Lumen\\Application->callLumenController(Object(App\\Http\\Controllers\\ApiClinicas\\Paciente\\PacienteController), 'store', Array)
#10 /home/simdoctorcombr/public_html/api.clinicanova-dev/vendor/laravel/lumen-framework/src/Concerns/RoutesRequests.php(279): Laravel\\Lumen\\Application->callControllerAction(Array)
#11 /home/simdoctorcombr/public_html/api.clinicanova-dev/vendor/laravel/lumen-framework/src/Concerns/RoutesRequests.php(259): Laravel\\Lumen\\Application->callActionOnArrayBasedRoute(Array)
#12 /home/simdoctorcombr/public_html/api.clinicanova-dev/vendor/laravel/lumen-framework/src/Routing/Pipeline.php(48): Laravel\\Lumen\\Application->Laravel\\Lumen\\Concerns\\{closure}(Object(Laravel\\Lumen\\Http\\Request))
#13 /home/simdoctorcombr/public_html/api.clinicanova-dev/app/Http/Middleware/Authenticate.php(62): Laravel\\Lumen\\Routing\\Pipeline->Laravel\\Lumen\\Routing\\{closure}(Object(Laravel\\Lumen\\Http\\Request))
#14 /home/simdoctorcombr/public_html/api.clinicanova-dev/vendor/illuminate/pipeline/Pipeline.php(167): App\\Http\\Middleware\\Authenticate->handle(Object(Laravel\\Lumen\\Http\\Request), Object(Closure), 'clinicas')
#15 /home/simdoctorcombr/public_html/api.clinicanova-dev/vendor/laravel/lumen-framework/src/Routing/Pipeline.php(30): Illuminate\\Pipeline\\Pipeline->Illuminate\\Pipeline\\{closure}(Object(Laravel\\Lumen\\Http\\Request))
#16 /home/simdoctorcombr/public_html/api.clinicanova-dev/vendor/illuminate/pipeline/Pipeline.php(103): Laravel\\Lumen\\Routing\\Pipeline->Laravel\\Lumen\\Routing\\{closure}(Object(Laravel\\Lumen\\Http\\Request))
#17 /home/simdoctorcombr/public_html/api.clinicanova-dev/vendor/laravel/lumen-framework/src/Concerns/RoutesRequests.php(423): Illuminate\\Pipeline\\Pipeline->then(Object(Closure))
#18 /home/simdoctorcombr/public_html/api.clinicanova-dev/vendor/laravel/lumen-framework/src/Concerns/RoutesRequests.php(260): Laravel\\Lumen\\Application->sendThroughPipeline(Array, Object(Closure))
#19 /home/simdoctorcombr/public_html/api.clinicanova-dev/vendor/laravel/lumen-framework/src/Concerns/RoutesRequests.php(166): Laravel\\Lumen\\Application->handleFoundRoute(Array)
#20 /home/simdoctorcombr/public_html/api.clinicanova-dev/vendor/laravel/lumen-framework/src/Routing/Pipeline.php(48): Laravel\\Lumen\\Application->Laravel\\Lumen\\Concerns\\{closure}(Object(Laravel\\Lumen\\Http\\Request))
#21 /home/simdoctorcombr/public_html/api.clinicanova-dev/app/Http/Middleware/CorsMiddleware.php(34): Laravel\\Lumen\\Routing\\Pipeline->Laravel\\Lumen\\Routing\\{closure}(Object(Laravel\\Lumen\\Http\\Request))
#22 /home/simdoctorcombr/public_html/api.clinicanova-dev/vendor/illuminate/pipeline/Pipeline.php(167): App\\Http\\Middleware\\CorsMiddleware->handle(Object(Laravel\\Lumen\\Http\\Request), Object(Closure))
#23 /home/simdoctorcombr/public_html/api.clinicanova-dev/vendor/laravel/lumen-framework/src/Routing/Pipeline.php(30): Illuminate\\Pipeline\\Pipeline->Illuminate\\Pipeline\\{closure}(Object(Laravel\\Lumen\\Http\\Request))
#24 /home/simdoctorcombr/public_html/api.clinicanova-dev/vendor/illuminate/pipeline/Pipeline.php(103): Laravel\\Lumen\\Routing\\Pipeline->Laravel\\Lumen\\Routing\\{closure}(Object(Laravel\\Lumen\\Http\\Request))
#25 /home/simdoctorcombr/public_html/api.clinicanova-dev/vendor/laravel/lumen-framework/src/Concerns/RoutesRequests.php(423): Illuminate\\Pipeline\\Pipeline->then(Object(Closure))
#26 /home/simdoctorcombr/public_html/api.clinicanova-dev/vendor/laravel/lumen-framework/src/Concerns/RoutesRequests.php(172): Laravel\\Lumen\\Application->sendThroughPipeline(Array, Object(Closure))
#27 /home/simdoctorcombr/public_html/api.clinicanova-dev/vendor/laravel/lumen-framework/src/Concerns/RoutesRequests.php(109): Laravel\\Lumen\\Application->dispatch(NULL)
#28 /home/simdoctorcombr/public_html/api.clinicanova-dev/public/index.php(29): Laravel\\Lumen\\Application->run()
#29 {main}
"} 
[2023-12-04 10:49:28] local.ERROR: Undefined index: email {"exception":"[object] (ErrorException(code: 0): Undefined index: email at /home/simdoctorcombr/public_html/api.clinicanova-dev/app/Services/Clinicas/PacienteService.php:785)
[stacktrace]
#0 /home/simdoctorcombr/public_html/api.clinicanova-dev/app/Services/Clinicas/PacienteService.php(785): Laravel\\Lumen\\Application->Laravel\\Lumen\\Concerns\\{closure}(8, 'Undefined index...', '/home/simdoctor...', 785, Array)
#1 /home/simdoctorcombr/public_html/api.clinicanova-dev/app/Http/Controllers/ApiClinicas/Paciente/PacienteController.php(84): App\\Services\\Clinicas\\PacienteService->store('3580', Array, Array)
#2 /home/simdoctorcombr/public_html/api.clinicanova-dev/vendor/illuminate/container/BoundMethod.php(36): App\\Http\\Controllers\\ApiClinicas\\Paciente\\PacienteController->store(Object(Laravel\\Lumen\\Http\\Request))
#3 /home/simdoctorcombr/public_html/api.clinicanova-dev/vendor/illuminate/container/Util.php(40): Illuminate\\Container\\BoundMethod::Illuminate\\Container\\{closure}()
#4 /home/simdoctorcombr/public_html/api.clinicanova-dev/vendor/illuminate/container/BoundMethod.php(93): Illuminate\\Container\\Util::unwrapIfClosure(Object(Closure))
#5 /home/simdoctorcombr/public_html/api.clinicanova-dev/vendor/illuminate/container/BoundMethod.php(37): Illuminate\\Container\\BoundMethod::callBoundMethod(Object(Laravel\\Lumen\\Application), Array, Object(Closure))
#6 /home/simdoctorcombr/public_html/api.clinicanova-dev/vendor/illuminate/container/Container.php(611): Illuminate\\Container\\BoundMethod::call(Object(Laravel\\Lumen\\Application), Array, Array, NULL)
#7 /home/simdoctorcombr/public_html/api.clinicanova-dev/vendor/laravel/lumen-framework/src/Concerns/RoutesRequests.php(386): Illuminate\\Container\\Container->call(Array, Array)
#8 /home/simdoctorcombr/public_html/api.clinicanova-dev/vendor/laravel/lumen-framework/src/Concerns/RoutesRequests.php(352): Laravel\\Lumen\\Application->callControllerCallable(Array, Array)
#9 /home/simdoctorcombr/public_html/api.clinicanova-dev/vendor/laravel/lumen-framework/src/Concerns/RoutesRequests.php(326): Laravel\\Lumen\\Application->callLumenController(Object(App\\Http\\Controllers\\ApiClinicas\\Paciente\\PacienteController), 'store', Array)
#10 /home/simdoctorcombr/public_html/api.clinicanova-dev/vendor/laravel/lumen-framework/src/Concerns/RoutesRequests.php(279): Laravel\\Lumen\\Application->callControllerAction(Array)
#11 /home/simdoctorcombr/public_html/api.clinicanova-dev/vendor/laravel/lumen-framework/src/Concerns/RoutesRequests.php(259): Laravel\\Lumen\\Application->callActionOnArrayBasedRoute(Array)
#12 /home/simdoctorcombr/public_html/api.clinicanova-dev/vendor/laravel/lumen-framework/src/Routing/Pipeline.php(48): Laravel\\Lumen\\Application->Laravel\\Lumen\\Concerns\\{closure}(Object(Laravel\\Lumen\\Http\\Request))
#13 /home/simdoctorcombr/public_html/api.clinicanova-dev/app/Http/Middleware/Authenticate.php(62): Laravel\\Lumen\\Routing\\Pipeline->Laravel\\Lumen\\Routing\\{closure}(Object(Laravel\\Lumen\\Http\\Request))
#14 /home/simdoctorcombr/public_html/api.clinicanova-dev/vendor/illuminate/pipeline/Pipeline.php(167): App\\Http\\Middleware\\Authenticate->handle(Object(Laravel\\Lumen\\Http\\Request), Object(Closure), 'clinicas')
#15 /home/simdoctorcombr/public_html/api.clinicanova-dev/vendor/laravel/lumen-framework/src/Routing/Pipeline.php(30): Illuminate\\Pipeline\\Pipeline->Illuminate\\Pipeline\\{closure}(Object(Laravel\\Lumen\\Http\\Request))
#16 /home/simdoctorcombr/public_html/api.clinicanova-dev/vendor/illuminate/pipeline/Pipeline.php(103): Laravel\\Lumen\\Routing\\Pipeline->Laravel\\Lumen\\Routing\\{closure}(Object(Laravel\\Lumen\\Http\\Request))
#17 /home/simdoctorcombr/public_html/api.clinicanova-dev/vendor/laravel/lumen-framework/src/Concerns/RoutesRequests.php(423): Illuminate\\Pipeline\\Pipeline->then(Object(Closure))
#18 /home/simdoctorcombr/public_html/api.clinicanova-dev/vendor/laravel/lumen-framework/src/Concerns/RoutesRequests.php(260): Laravel\\Lumen\\Application->sendThroughPipeline(Array, Object(Closure))
#19 /home/simdoctorcombr/public_html/api.clinicanova-dev/vendor/laravel/lumen-framework/src/Concerns/RoutesRequests.php(166): Laravel\\Lumen\\Application->handleFoundRoute(Array)
#20 /home/simdoctorcombr/public_html/api.clinicanova-dev/vendor/laravel/lumen-framework/src/Routing/Pipeline.php(48): Laravel\\Lumen\\Application->Laravel\\Lumen\\Concerns\\{closure}(Object(Laravel\\Lumen\\Http\\Request))
#21 /home/simdoctorcombr/public_html/api.clinicanova-dev/app/Http/Middleware/CorsMiddleware.php(34): Laravel\\Lumen\\Routing\\Pipeline->Laravel\\Lumen\\Routing\\{closure}(Object(Laravel\\Lumen\\Http\\Request))
#22 /home/simdoctorcombr/public_html/api.clinicanova-dev/vendor/illuminate/pipeline/Pipeline.php(167): App\\Http\\Middleware\\CorsMiddleware->handle(Object(Laravel\\Lumen\\Http\\Request), Object(Closure))
#23 /home/simdoctorcombr/public_html/api.clinicanova-dev/vendor/laravel/lumen-framework/src/Routing/Pipeline.php(30): Illuminate\\Pipeline\\Pipeline->Illuminate\\Pipeline\\{closure}(Object(Laravel\\Lumen\\Http\\Request))
#24 /home/simdoctorcombr/public_html/api.clinicanova-dev/vendor/illuminate/pipeline/Pipeline.php(103): Laravel\\Lumen\\Routing\\Pipeline->Laravel\\Lumen\\Routing\\{closure}(Object(Laravel\\Lumen\\Http\\Request))
#25 /home/simdoctorcombr/public_html/api.clinicanova-dev/vendor/laravel/lumen-framework/src/Concerns/RoutesRequests.php(423): Illuminate\\Pipeline\\Pipeline->then(Object(Closure))
#26 /home/simdoctorcombr/public_html/api.clinicanova-dev/vendor/laravel/lumen-framework/src/Concerns/RoutesRequests.php(172): Laravel\\Lumen\\Application->sendThroughPipeline(Array, Object(Closure))
#27 /home/simdoctorcombr/public_html/api.clinicanova-dev/vendor/laravel/lumen-framework/src/Concerns/RoutesRequests.php(109): Laravel\\Lumen\\Application->dispatch(NULL)
#28 /home/simdoctorcombr/public_html/api.clinicanova-dev/public/index.php(29): Laravel\\Lumen\\Application->run()
#29 {main}
"} 
